[ 2014-08-26T10:45:48+09:00 ] 0.0.0.0 /yamatotp/index.php/Admin
INFO: [ route_check ] --START--
INFO: CheckRoute Behavior ::run [ RunTime:0.004551s ]
INFO: [ route_check ] --END-- [ RunTime:0.004770s ]
INFO: [ app_begin ] --START--
INFO: ReadHtmlCache Behavior ::run [ RunTime:0.003994s ]
INFO: [ app_begin ] --END-- [ RunTime:0.004170s ]
SQL: SHOW COLUMNS FROM `ys_s` [ RunTime:0.004450s ]
SQL: SELECT * FROM `ys_s`  [ RunTime:0.000344s ]
SQL: SHOW COLUMNS FROM `ys_q` [ RunTime:0.004923s ]
SQL: SELECT * FROM `ys_q` WHERE ( del=0 and answer!='none' )  [ RunTime:0.000387s ]
SQL: SHOW COLUMNS FROM `ys_a` [ RunTime:0.004483s ]
SQL: SELECT * FROM `ys_a` WHERE ( del=0 )  [ RunTime:0.000389s ]
SQL: SHOW COLUMNS FROM `ys_t` [ RunTime:0.004477s ]
SQL: SELECT * FROM `ys_t` WHERE ( del=0 )  [ RunTime:0.000355s ]
SQL: SELECT * FROM `ys_a` WHERE ( target='T_1' and del=0 ) LIMIT 1   [ RunTime:0.000243s ]
SQL: SELECT * FROM `ys_a` WHERE ( target='T_2' and del=0 ) LIMIT 1   [ RunTime:0.000299s ]
SQL: SELECT * FROM `ys_a` WHERE ( target='T_3' and del=0 ) LIMIT 1   [ RunTime:0.000405s ]
SQL: SELECT * FROM `ys_a` WHERE ( target='T_6' and del=0 ) LIMIT 1   [ RunTime:0.000374s ]
SQL: SELECT * FROM `ys_t` WHERE ( id=6 ) LIMIT 1   [ RunTime:0.000258s ]
SQL: SELECT * FROM `ys_a` WHERE ( target='T_7' and del=0 ) LIMIT 1   [ RunTime:0.000223s ]
SQL: SELECT * FROM `ys_t` WHERE ( id=7 ) LIMIT 1   [ RunTime:0.000197s ]
SQL: SELECT * FROM `ys_a` WHERE ( target='T_8' and del=0 ) LIMIT 1   [ RunTime:0.000218s ]
SQL: SELECT * FROM `ys_t` WHERE ( id=8 ) LIMIT 1   [ RunTime:0.000194s ]
SQL: SELECT * FROM `ys_a` WHERE ( target='T_9' and del=0 ) LIMIT 1   [ RunTime:0.000258s ]
SQL: SELECT * FROM `ys_t` WHERE ( id=9 ) LIMIT 1   [ RunTime:0.000379s ]
SQL: SELECT * FROM `ys_q` WHERE ( del=0 and answer='none' )  [ RunTime:0.000436s ]
SQL: SELECT * FROM `ys_a` WHERE ( del=0 and target='Q_11' )  [ RunTime:0.000440s ]
SQL: SELECT * FROM `ys_a` WHERE ( del=0 and target='Q_12' )  [ RunTime:0.000300s ]
SQL: SELECT * FROM `ys_a` WHERE ( del=0 and target='Q_13' )  [ RunTime:0.000259s ]
SQL: SELECT * FROM `ys_q` WHERE ( del=0 and answer!='none' )  [ RunTime:0.000340s ]
SQL: SHOW COLUMNS FROM `ys_r` [ RunTime:0.005738s ]
SQL: SELECT COUNT(*) AS tp_count FROM `ys_r` WHERE ( flow like '%{"qid":"1","aid":"1"}%' ) LIMIT 1   [ RunTime:0.000431s ]
SQL: SELECT COUNT(*) AS tp_count FROM `ys_r` WHERE ( flow like '%{"qid":"1","aid":"3"}%' ) LIMIT 1   [ RunTime:0.000258s ]
SQL: SELECT COUNT(*) AS tp_count FROM `ys_r` WHERE ( flow like '%{"qid":"1","aid":"2"}%' ) LIMIT 1   [ RunTime:0.000255s ]
SQL: SELECT COUNT(*) AS tp_count FROM `ys_r` WHERE ( flow like '%{"qid":"2","aid":"4"}%' ) LIMIT 1   [ RunTime:0.000232s ]
SQL: SELECT COUNT(*) AS tp_count FROM `ys_r` WHERE ( flow like '%{"qid":"2","aid":"5"}%' ) LIMIT 1   [ RunTime:0.000260s ]
SQL: SELECT COUNT(*) AS tp_count FROM `ys_r` WHERE ( flow like '%{"qid":"3","aid":"6"}%' ) LIMIT 1   [ RunTime:0.000242s ]
SQL: SELECT COUNT(*) AS tp_count FROM `ys_r` WHERE ( flow like '%{"qid":"3","aid":"7"}%' ) LIMIT 1   [ RunTime:0.000231s ]
SQL: SELECT COUNT(*) AS tp_count FROM `ys_r` WHERE ( flow like '%{"qid":"4","aid":"8"}%' ) LIMIT 1   [ RunTime:0.000232s ]
SQL: SELECT COUNT(*) AS tp_count FROM `ys_r` WHERE ( flow like '%{"qid":"4","aid":"9"}%' ) LIMIT 1   [ RunTime:0.000223s ]
SQL: SELECT COUNT(*) AS tp_count FROM `ys_r` WHERE ( flow like '%{"qid":"5","aid":"10"}%' ) LIMIT 1   [ RunTime:0.000231s ]
SQL: SELECT COUNT(*) AS tp_count FROM `ys_r` WHERE ( flow like '%{"qid":"5","aid":"11"}%' ) LIMIT 1   [ RunTime:0.000225s ]
SQL: SELECT * FROM `ys_a` WHERE ( del=0 )  [ RunTime:0.000232s ]
SQL: SELECT * FROM `ys_q` WHERE ( del=0 and answer='none' )  [ RunTime:0.000207s ]
NOTIC: [8] Undefined variable: arrn C:\wamp\www\yamatotp\App\Lib\Action\Admin\IndexAction.class.php 第 117 行.
NOTIC: [8] Undefined variable: arrn C:\wamp\www\yamatotp\App\Lib\Action\Admin\IndexAction.class.php 第 117 行.
NOTIC: [8] Undefined variable: arrn C:\wamp\www\yamatotp\App\Lib\Action\Admin\IndexAction.class.php 第 117 行.
INFO: [ view_parse ] --START--
NOTIC: [2] file_get_contents(./App/Tpl/Public/include/include_head.php.html): failed to open stream: No such file or directory C:\wamp\www\yamatotp\ThinkPHP\Lib\Template\ThinkTemplate.class.php 第 695 行.
INFO: ParseTemplate Behavior ::run [ RunTime:0.027489s ]
INFO: [ view_parse ] --END-- [ RunTime:0.027603s ]
INFO: [ view_filter ] --START--
INFO: ContentReplace Behavior ::run [ RunTime:0.002832s ]
INFO: TokenBuild Behavior ::run [ RunTime:0.005314s ]
INFO: WriteHtmlCache Behavior ::run [ RunTime:0.003681s ]
INFO: ShowRuntime Behavior ::run [ RunTime:0.003067s ]
INFO: [ view_filter ] --END-- [ RunTime:0.015220s ]
INFO: [ view_end ] --START--
INFO: ShowPageTrace Behavior ::run [ RunTime:0.001644s ]
INFO: [ view_end ] --END-- [ RunTime:0.001732s ]

[ 2014-08-26T10:46:11+09:00 ] 0.0.0.0 /yamatotp/index.php/Admin
INFO: [ route_check ] --START--
INFO: CheckRoute Behavior ::run [ RunTime:0.002596s ]
INFO: [ route_check ] --END-- [ RunTime:0.002860s ]
INFO: [ app_begin ] --START--
INFO: ReadHtmlCache Behavior ::run [ RunTime:0.002479s ]
INFO: [ app_begin ] --END-- [ RunTime:0.002666s ]
SQL: SHOW COLUMNS FROM `ys_s` [ RunTime:0.005810s ]
SQL: SELECT * FROM `ys_s`  [ RunTime:0.000495s ]
SQL: SHOW COLUMNS FROM `ys_q` [ RunTime:0.006373s ]
SQL: SELECT * FROM `ys_q` WHERE ( del=0 and answer!='none' )  [ RunTime:0.000487s ]
SQL: SHOW COLUMNS FROM `ys_a` [ RunTime:0.006001s ]
SQL: SELECT * FROM `ys_a` WHERE ( del=0 )  [ RunTime:0.000542s ]
SQL: SHOW COLUMNS FROM `ys_t` [ RunTime:0.006791s ]
SQL: SELECT * FROM `ys_t` WHERE ( del=0 )  [ RunTime:0.000560s ]
SQL: SELECT * FROM `ys_a` WHERE ( target='T_1' and del=0 ) LIMIT 1   [ RunTime:0.000495s ]
SQL: SELECT * FROM `ys_a` WHERE ( target='T_2' and del=0 ) LIMIT 1   [ RunTime:0.000398s ]
SQL: SELECT * FROM `ys_a` WHERE ( target='T_3' and del=0 ) LIMIT 1   [ RunTime:0.000444s ]
SQL: SELECT * FROM `ys_a` WHERE ( target='T_6' and del=0 ) LIMIT 1   [ RunTime:0.000532s ]
SQL: SELECT * FROM `ys_t` WHERE ( id=6 ) LIMIT 1   [ RunTime:0.000478s ]
SQL: SELECT * FROM `ys_a` WHERE ( target='T_7' and del=0 ) LIMIT 1   [ RunTime:0.000445s ]
SQL: SELECT * FROM `ys_t` WHERE ( id=7 ) LIMIT 1   [ RunTime:0.000413s ]
SQL: SELECT * FROM `ys_a` WHERE ( target='T_8' and del=0 ) LIMIT 1   [ RunTime:0.000481s ]
SQL: SELECT * FROM `ys_t` WHERE ( id=8 ) LIMIT 1   [ RunTime:0.000461s ]
SQL: SELECT * FROM `ys_a` WHERE ( target='T_9' and del=0 ) LIMIT 1   [ RunTime:0.000420s ]
SQL: SELECT * FROM `ys_t` WHERE ( id=9 ) LIMIT 1   [ RunTime:0.000379s ]
SQL: SELECT * FROM `ys_q` WHERE ( del=0 and answer='none' )  [ RunTime:0.000400s ]
SQL: SELECT * FROM `ys_a` WHERE ( del=0 and target='Q_11' )  [ RunTime:0.000380s ]
SQL: SELECT * FROM `ys_a` WHERE ( del=0 and target='Q_12' )  [ RunTime:0.000431s ]
SQL: SELECT * FROM `ys_a` WHERE ( del=0 and target='Q_13' )  [ RunTime:0.000439s ]
SQL: SELECT * FROM `ys_q` WHERE ( del=0 and answer!='none' )  [ RunTime:0.000457s ]
SQL: SHOW COLUMNS FROM `ys_r` [ RunTime:0.005560s ]
SQL: SELECT COUNT(*) AS tp_count FROM `ys_r` WHERE ( flow like '%{"qid":"1","aid":"1"}%' ) LIMIT 1   [ RunTime:0.000550s ]
SQL: SELECT COUNT(*) AS tp_count FROM `ys_r` WHERE ( flow like '%{"qid":"1","aid":"3"}%' ) LIMIT 1   [ RunTime:0.000546s ]
SQL: SELECT COUNT(*) AS tp_count FROM `ys_r` WHERE ( flow like '%{"qid":"1","aid":"2"}%' ) LIMIT 1   [ RunTime:0.000458s ]
SQL: SELECT COUNT(*) AS tp_count FROM `ys_r` WHERE ( flow like '%{"qid":"2","aid":"4"}%' ) LIMIT 1   [ RunTime:0.000441s ]
SQL: SELECT COUNT(*) AS tp_count FROM `ys_r` WHERE ( flow like '%{"qid":"2","aid":"5"}%' ) LIMIT 1   [ RunTime:0.000380s ]
SQL: SELECT COUNT(*) AS tp_count FROM `ys_r` WHERE ( flow like '%{"qid":"3","aid":"6"}%' ) LIMIT 1   [ RunTime:0.000360s ]
SQL: SELECT COUNT(*) AS tp_count FROM `ys_r` WHERE ( flow like '%{"qid":"3","aid":"7"}%' ) LIMIT 1   [ RunTime:0.000274s ]
SQL: SELECT COUNT(*) AS tp_count FROM `ys_r` WHERE ( flow like '%{"qid":"4","aid":"8"}%' ) LIMIT 1   [ RunTime:0.000276s ]
SQL: SELECT COUNT(*) AS tp_count FROM `ys_r` WHERE ( flow like '%{"qid":"4","aid":"9"}%' ) LIMIT 1   [ RunTime:0.000258s ]
SQL: SELECT COUNT(*) AS tp_count FROM `ys_r` WHERE ( flow like '%{"qid":"5","aid":"10"}%' ) LIMIT 1   [ RunTime:0.000264s ]
SQL: SELECT COUNT(*) AS tp_count FROM `ys_r` WHERE ( flow like '%{"qid":"5","aid":"11"}%' ) LIMIT 1   [ RunTime:0.000252s ]
SQL: SELECT * FROM `ys_a` WHERE ( del=0 )  [ RunTime:0.000278s ]
SQL: SELECT * FROM `ys_q` WHERE ( del=0 and answer='none' )  [ RunTime:0.000247s ]
NOTIC: [8] Undefined variable: arrn C:\wamp\www\yamatotp\App\Lib\Action\Admin\IndexAction.class.php 第 117 行.
NOTIC: [8] Undefined variable: arrn C:\wamp\www\yamatotp\App\Lib\Action\Admin\IndexAction.class.php 第 117 行.
NOTIC: [8] Undefined variable: arrn C:\wamp\www\yamatotp\App\Lib\Action\Admin\IndexAction.class.php 第 117 行.
INFO: [ view_parse ] --START--
NOTIC: [2] file_get_contents(./App/Tpl/Public/include/include_head.php.html): failed to open stream: No such file or directory C:\wamp\www\yamatotp\ThinkPHP\Lib\Template\ThinkTemplate.class.php 第 695 行.
INFO: ParseTemplate Behavior ::run [ RunTime:0.019120s ]
INFO: [ view_parse ] --END-- [ RunTime:0.019232s ]
INFO: [ view_filter ] --START--
INFO: ContentReplace Behavior ::run [ RunTime:0.000992s ]
INFO: TokenBuild Behavior ::run [ RunTime:0.000782s ]
INFO: WriteHtmlCache Behavior ::run [ RunTime:0.000922s ]
INFO: ShowRuntime Behavior ::run [ RunTime:0.000867s ]
INFO: [ view_filter ] --END-- [ RunTime:0.003819s ]
INFO: [ view_end ] --START--
INFO: ShowPageTrace Behavior ::run [ RunTime:0.000924s ]
INFO: [ view_end ] --END-- [ RunTime:0.001013s ]

[ 2014-08-26T10:46:21+09:00 ] 0.0.0.0 /yamatotp/index.php/Admin
INFO: [ route_check ] --START--
INFO: CheckRoute Behavior ::run [ RunTime:0.001589s ]
INFO: [ route_check ] --END-- [ RunTime:0.001768s ]
INFO: [ app_begin ] --START--
INFO: ReadHtmlCache Behavior ::run [ RunTime:0.001077s ]
INFO: [ app_begin ] --END-- [ RunTime:0.001228s ]
SQL: SHOW COLUMNS FROM `ys_s` [ RunTime:0.005098s ]
SQL: SELECT * FROM `ys_s`  [ RunTime:0.000431s ]
SQL: SHOW COLUMNS FROM `ys_q` [ RunTime:0.005876s ]
SQL: SELECT * FROM `ys_q` WHERE ( del=0 and answer!='none' )  [ RunTime:0.000408s ]
SQL: SHOW COLUMNS FROM `ys_a` [ RunTime:0.005255s ]
SQL: SELECT * FROM `ys_a` WHERE ( del=0 )  [ RunTime:0.000451s ]
SQL: SHOW COLUMNS FROM `ys_t` [ RunTime:0.005130s ]
SQL: SELECT * FROM `ys_t` WHERE ( del=0 )  [ RunTime:0.000425s ]
SQL: SELECT * FROM `ys_a` WHERE ( target='T_1' and del=0 ) LIMIT 1   [ RunTime:0.000248s ]
SQL: SELECT * FROM `ys_a` WHERE ( target='T_2' and del=0 ) LIMIT 1   [ RunTime:0.000290s ]
SQL: SELECT * FROM `ys_a` WHERE ( target='T_3' and del=0 ) LIMIT 1   [ RunTime:0.000221s ]
SQL: SELECT * FROM `ys_a` WHERE ( target='T_6' and del=0 ) LIMIT 1   [ RunTime:0.000218s ]
SQL: SELECT * FROM `ys_t` WHERE ( id=6 ) LIMIT 1   [ RunTime:0.000206s ]
SQL: SELECT * FROM `ys_a` WHERE ( target='T_7' and del=0 ) LIMIT 1   [ RunTime:0.000212s ]
SQL: SELECT * FROM `ys_t` WHERE ( id=7 ) LIMIT 1   [ RunTime:0.000190s ]
SQL: SELECT * FROM `ys_a` WHERE ( target='T_8' and del=0 ) LIMIT 1   [ RunTime:0.000211s ]
SQL: SELECT * FROM `ys_t` WHERE ( id=8 ) LIMIT 1   [ RunTime:0.000222s ]
SQL: SELECT * FROM `ys_a` WHERE ( target='T_9' and del=0 ) LIMIT 1   [ RunTime:0.000215s ]
SQL: SELECT * FROM `ys_t` WHERE ( id=9 ) LIMIT 1   [ RunTime:0.000191s ]
SQL: SELECT * FROM `ys_q` WHERE ( del=0 and answer='none' )  [ RunTime:0.000216s ]
SQL: SELECT * FROM `ys_a` WHERE ( del=0 and target='Q_11' )  [ RunTime:0.000216s ]
SQL: SELECT * FROM `ys_a` WHERE ( del=0 and target='Q_12' )  [ RunTime:0.000207s ]
SQL: SELECT * FROM `ys_a` WHERE ( del=0 and target='Q_13' )  [ RunTime:0.000274s ]
SQL: SELECT * FROM `ys_q` WHERE ( del=0 and answer!='none' )  [ RunTime:0.000289s ]
SQL: SHOW COLUMNS FROM `ys_r` [ RunTime:0.004263s ]
SQL: SELECT COUNT(*) AS tp_count FROM `ys_r` WHERE ( flow like '%{"qid":"1","aid":"1"}%' ) LIMIT 1   [ RunTime:0.000358s ]
SQL: SELECT COUNT(*) AS tp_count FROM `ys_r` WHERE ( flow like '%{"qid":"1","aid":"3"}%' ) LIMIT 1   [ RunTime:0.000398s ]
SQL: SELECT COUNT(*) AS tp_count FROM `ys_r` WHERE ( flow like '%{"qid":"1","aid":"2"}%' ) LIMIT 1   [ RunTime:0.000295s ]
SQL: SELECT COUNT(*) AS tp_count FROM `ys_r` WHERE ( flow like '%{"qid":"2","aid":"4"}%' ) LIMIT 1   [ RunTime:0.000431s ]
SQL: SELECT COUNT(*) AS tp_count FROM `ys_r` WHERE ( flow like '%{"qid":"2","aid":"5"}%' ) LIMIT 1   [ RunTime:0.000385s ]
SQL: SELECT COUNT(*) AS tp_count FROM `ys_r` WHERE ( flow like '%{"qid":"3","aid":"6"}%' ) LIMIT 1   [ RunTime:0.000255s ]
SQL: SELECT COUNT(*) AS tp_count FROM `ys_r` WHERE ( flow like '%{"qid":"3","aid":"7"}%' ) LIMIT 1   [ RunTime:0.000238s ]
SQL: SELECT COUNT(*) AS tp_count FROM `ys_r` WHERE ( flow like '%{"qid":"4","aid":"8"}%' ) LIMIT 1   [ RunTime:0.000289s ]
SQL: SELECT COUNT(*) AS tp_count FROM `ys_r` WHERE ( flow like '%{"qid":"4","aid":"9"}%' ) LIMIT 1   [ RunTime:0.000244s ]
SQL: SELECT COUNT(*) AS tp_count FROM `ys_r` WHERE ( flow like '%{"qid":"5","aid":"10"}%' ) LIMIT 1   [ RunTime:0.000241s ]
SQL: SELECT COUNT(*) AS tp_count FROM `ys_r` WHERE ( flow like '%{"qid":"5","aid":"11"}%' ) LIMIT 1   [ RunTime:0.000237s ]
SQL: SELECT * FROM `ys_a` WHERE ( del=0 )  [ RunTime:0.000228s ]
SQL: SELECT * FROM `ys_q` WHERE ( del=0 and answer='none' )  [ RunTime:0.000210s ]
NOTIC: [8] Undefined variable: arrn C:\wamp\www\yamatotp\App\Lib\Action\Admin\IndexAction.class.php 第 117 行.
NOTIC: [8] Undefined variable: arrn C:\wamp\www\yamatotp\App\Lib\Action\Admin\IndexAction.class.php 第 117 行.
NOTIC: [8] Undefined variable: arrn C:\wamp\www\yamatotp\App\Lib\Action\Admin\IndexAction.class.php 第 117 行.
INFO: [ view_parse ] --START--
NOTIC: [2] file_get_contents(./App/Tpl/Public/include/include_head.php.html): failed to open stream: No such file or directory C:\wamp\www\yamatotp\ThinkPHP\Lib\Template\ThinkTemplate.class.php 第 695 行.
INFO: ParseTemplate Behavior ::run [ RunTime:0.019658s ]
INFO: [ view_parse ] --END-- [ RunTime:0.019773s ]
INFO: [ view_filter ] --START--
INFO: ContentReplace Behavior ::run [ RunTime:0.001025s ]
INFO: TokenBuild Behavior ::run [ RunTime:0.000890s ]
INFO: WriteHtmlCache Behavior ::run [ RunTime:0.000615s ]
INFO: ShowRuntime Behavior ::run [ RunTime:0.000821s ]
INFO: [ view_filter ] --END-- [ RunTime:0.003622s ]
INFO: [ view_end ] --START--
INFO: ShowPageTrace Behavior ::run [ RunTime:0.001188s ]
INFO: [ view_end ] --END-- [ RunTime:0.001300s ]

[ 2014-08-26T10:46:38+09:00 ] 0.0.0.0 /yamatotp/index.php/Admin
INFO: [ route_check ] --START--
INFO: CheckRoute Behavior ::run [ RunTime:0.001204s ]
INFO: [ route_check ] --END-- [ RunTime:0.001346s ]
INFO: [ app_begin ] --START--
INFO: ReadHtmlCache Behavior ::run [ RunTime:0.001030s ]
INFO: [ app_begin ] --END-- [ RunTime:0.001173s ]
SQL: SHOW COLUMNS FROM `ys_s` [ RunTime:0.005528s ]
SQL: SELECT * FROM `ys_s`  [ RunTime:0.000556s ]
SQL: SHOW COLUMNS FROM `ys_q` [ RunTime:0.006669s ]
SQL: SELECT * FROM `ys_q` WHERE ( del=0 and answer!='none' )  [ RunTime:0.000494s ]
SQL: SHOW COLUMNS FROM `ys_a` [ RunTime:0.004754s ]
SQL: SELECT * FROM `ys_a` WHERE ( del=0 )  [ RunTime:0.000522s ]
SQL: SHOW COLUMNS FROM `ys_t` [ RunTime:0.005733s ]
SQL: SELECT * FROM `ys_t` WHERE ( del=0 )  [ RunTime:0.000471s ]
SQL: SELECT * FROM `ys_a` WHERE ( target='T_1' and del=0 ) LIMIT 1   [ RunTime:0.000399s ]
SQL: SELECT * FROM `ys_a` WHERE ( target='T_2' and del=0 ) LIMIT 1   [ RunTime:0.000395s ]
SQL: SELECT * FROM `ys_a` WHERE ( target='T_3' and del=0 ) LIMIT 1   [ RunTime:0.000450s ]
SQL: SELECT * FROM `ys_a` WHERE ( target='T_6' and del=0 ) LIMIT 1   [ RunTime:0.000474s ]
SQL: SELECT * FROM `ys_t` WHERE ( id=6 ) LIMIT 1   [ RunTime:0.000488s ]
SQL: SELECT * FROM `ys_a` WHERE ( target='T_7' and del=0 ) LIMIT 1   [ RunTime:0.000568s ]
SQL: SELECT * FROM `ys_t` WHERE ( id=7 ) LIMIT 1   [ RunTime:0.000448s ]
SQL: SELECT * FROM `ys_a` WHERE ( target='T_8' and del=0 ) LIMIT 1   [ RunTime:0.000482s ]
SQL: SELECT * FROM `ys_t` WHERE ( id=8 ) LIMIT 1   [ RunTime:0.000487s ]
SQL: SELECT * FROM `ys_a` WHERE ( target='T_9' and del=0 ) LIMIT 1   [ RunTime:0.000382s ]
SQL: SELECT * FROM `ys_t` WHERE ( id=9 ) LIMIT 1   [ RunTime:0.000332s ]
SQL: SELECT * FROM `ys_q` WHERE ( del=0 and answer='none' )  [ RunTime:0.000430s ]
SQL: SELECT * FROM `ys_a` WHERE ( del=0 and target='Q_11' )  [ RunTime:0.000392s ]
SQL: SELECT * FROM `ys_a` WHERE ( del=0 and target='Q_12' )  [ RunTime:0.000381s ]
SQL: SELECT * FROM `ys_a` WHERE ( del=0 and target='Q_13' )  [ RunTime:0.000408s ]
SQL: SELECT * FROM `ys_q` WHERE ( del=0 and answer!='none' )  [ RunTime:0.000435s ]
SQL: SHOW COLUMNS FROM `ys_r` [ RunTime:0.004860s ]
SQL: SELECT COUNT(*) AS tp_count FROM `ys_r` WHERE ( flow like '%{"qid":"1","aid":"1"}%' ) LIMIT 1   [ RunTime:0.000468s ]
SQL: SELECT COUNT(*) AS tp_count FROM `ys_r` WHERE ( flow like '%{"qid":"1","aid":"3"}%' ) LIMIT 1   [ RunTime:0.000498s ]
SQL: SELECT COUNT(*) AS tp_count FROM `ys_r` WHERE ( flow like '%{"qid":"1","aid":"2"}%' ) LIMIT 1   [ RunTime:0.000502s ]
SQL: SELECT COUNT(*) AS tp_count FROM `ys_r` WHERE ( flow like '%{"qid":"2","aid":"4"}%' ) LIMIT 1   [ RunTime:0.000403s ]
SQL: SELECT COUNT(*) AS tp_count FROM `ys_r` WHERE ( flow like '%{"qid":"2","aid":"5"}%' ) LIMIT 1   [ RunTime:0.000377s ]
SQL: SELECT COUNT(*) AS tp_count FROM `ys_r` WHERE ( flow like '%{"qid":"3","aid":"6"}%' ) LIMIT 1   [ RunTime:0.000376s ]
SQL: SELECT COUNT(*) AS tp_count FROM `ys_r` WHERE ( flow like '%{"qid":"3","aid":"7"}%' ) LIMIT 1   [ RunTime:0.000421s ]
SQL: SELECT COUNT(*) AS tp_count FROM `ys_r` WHERE ( flow like '%{"qid":"4","aid":"8"}%' ) LIMIT 1   [ RunTime:0.000528s ]
SQL: SELECT COUNT(*) AS tp_count FROM `ys_r` WHERE ( flow like '%{"qid":"4","aid":"9"}%' ) LIMIT 1   [ RunTime:0.000684s ]
SQL: SELECT COUNT(*) AS tp_count FROM `ys_r` WHERE ( flow like '%{"qid":"5","aid":"10"}%' ) LIMIT 1   [ RunTime:0.000485s ]
SQL: SELECT COUNT(*) AS tp_count FROM `ys_r` WHERE ( flow like '%{"qid":"5","aid":"11"}%' ) LIMIT 1   [ RunTime:0.000810s ]
SQL: SELECT * FROM `ys_a` WHERE ( del=0 )  [ RunTime:0.000529s ]
SQL: SELECT * FROM `ys_q` WHERE ( del=0 and answer='none' )  [ RunTime:0.000437s ]
NOTIC: [8] Undefined variable: arrn C:\wamp\www\yamatotp\App\Lib\Action\Admin\IndexAction.class.php 第 117 行.
NOTIC: [8] Undefined variable: arrn C:\wamp\www\yamatotp\App\Lib\Action\Admin\IndexAction.class.php 第 117 行.
NOTIC: [8] Undefined variable: arrn C:\wamp\www\yamatotp\App\Lib\Action\Admin\IndexAction.class.php 第 117 行.
INFO: [ view_parse ] --START--
NOTIC: [2] file_get_contents(./App/Tpl/Public/include/include_head.php.html): failed to open stream: No such file or directory C:\wamp\www\yamatotp\ThinkPHP\Lib\Template\ThinkTemplate.class.php 第 695 行.
INFO: ParseTemplate Behavior ::run [ RunTime:0.022969s ]
INFO: [ view_parse ] --END-- [ RunTime:0.023190s ]
INFO: [ view_filter ] --START--
INFO: ContentReplace Behavior ::run [ RunTime:0.000875s ]
INFO: TokenBuild Behavior ::run [ RunTime:0.000906s ]
INFO: WriteHtmlCache Behavior ::run [ RunTime:0.000608s ]
INFO: ShowRuntime Behavior ::run [ RunTime:0.000940s ]
INFO: [ view_filter ] --END-- [ RunTime:0.003714s ]
INFO: [ view_end ] --START--
INFO: ShowPageTrace Behavior ::run [ RunTime:0.000960s ]
INFO: [ view_end ] --END-- [ RunTime:0.001059s ]

[ 2014-08-26T10:46:48+09:00 ] 0.0.0.0 /yamatotp/index.php/Admin
INFO: [ route_check ] --START--
INFO: CheckRoute Behavior ::run [ RunTime:0.001798s ]
INFO: [ route_check ] --END-- [ RunTime:0.002125s ]
INFO: [ app_begin ] --START--
INFO: ReadHtmlCache Behavior ::run [ RunTime:0.001426s ]
INFO: [ app_begin ] --END-- [ RunTime:0.001584s ]
SQL: SHOW COLUMNS FROM `ys_s` [ RunTime:0.004172s ]
SQL: SELECT * FROM `ys_s`  [ RunTime:0.000385s ]
SQL: SHOW COLUMNS FROM `ys_q` [ RunTime:0.004477s ]
SQL: SELECT * FROM `ys_q` WHERE ( del=0 and answer!='none' )  [ RunTime:0.000411s ]
SQL: SHOW COLUMNS FROM `ys_a` [ RunTime:0.004824s ]
SQL: SELECT * FROM `ys_a` WHERE ( del=0 )  [ RunTime:0.000413s ]
SQL: SHOW COLUMNS FROM `ys_t` [ RunTime:0.003915s ]
SQL: SELECT * FROM `ys_t` WHERE ( del=0 )  [ RunTime:0.000371s ]
SQL: SELECT * FROM `ys_a` WHERE ( target='T_1' and del=0 ) LIMIT 1   [ RunTime:0.000264s ]
SQL: SELECT * FROM `ys_a` WHERE ( target='T_2' and del=0 ) LIMIT 1   [ RunTime:0.000250s ]
SQL: SELECT * FROM `ys_a` WHERE ( target='T_3' and del=0 ) LIMIT 1   [ RunTime:0.000248s ]
SQL: SELECT * FROM `ys_a` WHERE ( target='T_6' and del=0 ) LIMIT 1   [ RunTime:0.000387s ]
SQL: SELECT * FROM `ys_t` WHERE ( id=6 ) LIMIT 1   [ RunTime:0.000316s ]
SQL: SELECT * FROM `ys_a` WHERE ( target='T_7' and del=0 ) LIMIT 1   [ RunTime:0.000275s ]
SQL: SELECT * FROM `ys_t` WHERE ( id=7 ) LIMIT 1   [ RunTime:0.000234s ]
SQL: SELECT * FROM `ys_a` WHERE ( target='T_8' and del=0 ) LIMIT 1   [ RunTime:0.000304s ]
SQL: SELECT * FROM `ys_t` WHERE ( id=8 ) LIMIT 1   [ RunTime:0.000236s ]
SQL: SELECT * FROM `ys_a` WHERE ( target='T_9' and del=0 ) LIMIT 1   [ RunTime:0.000248s ]
SQL: SELECT * FROM `ys_t` WHERE ( id=9 ) LIMIT 1   [ RunTime:0.000222s ]
SQL: SELECT * FROM `ys_q` WHERE ( del=0 and answer='none' )  [ RunTime:0.000344s ]
SQL: SELECT * FROM `ys_a` WHERE ( del=0 and target='Q_11' )  [ RunTime:0.000267s ]
SQL: SELECT * FROM `ys_a` WHERE ( del=0 and target='Q_12' )  [ RunTime:0.000247s ]
SQL: SELECT * FROM `ys_a` WHERE ( del=0 and target='Q_13' )  [ RunTime:0.000258s ]
SQL: SELECT * FROM `ys_q` WHERE ( del=0 and answer!='none' )  [ RunTime:0.000326s ]
SQL: SHOW COLUMNS FROM `ys_r` [ RunTime:0.006085s ]
SQL: SELECT COUNT(*) AS tp_count FROM `ys_r` WHERE ( flow like '%{"qid":"1","aid":"1"}%' ) LIMIT 1   [ RunTime:0.000392s ]
SQL: SELECT COUNT(*) AS tp_count FROM `ys_r` WHERE ( flow like '%{"qid":"1","aid":"3"}%' ) LIMIT 1   [ RunTime:0.000280s ]
SQL: SELECT COUNT(*) AS tp_count FROM `ys_r` WHERE ( flow like '%{"qid":"1","aid":"2"}%' ) LIMIT 1   [ RunTime:0.000267s ]
SQL: SELECT COUNT(*) AS tp_count FROM `ys_r` WHERE ( flow like '%{"qid":"2","aid":"4"}%' ) LIMIT 1   [ RunTime:0.000261s ]
SQL: SELECT COUNT(*) AS tp_count FROM `ys_r` WHERE ( flow like '%{"qid":"2","aid":"5"}%' ) LIMIT 1   [ RunTime:0.000260s ]
SQL: SELECT COUNT(*) AS tp_count FROM `ys_r` WHERE ( flow like '%{"qid":"3","aid":"6"}%' ) LIMIT 1   [ RunTime:0.000259s ]
SQL: SELECT COUNT(*) AS tp_count FROM `ys_r` WHERE ( flow like '%{"qid":"3","aid":"7"}%' ) LIMIT 1   [ RunTime:0.000264s ]
SQL: SELECT COUNT(*) AS tp_count FROM `ys_r` WHERE ( flow like '%{"qid":"4","aid":"8"}%' ) LIMIT 1   [ RunTime:0.000330s ]
SQL: SELECT COUNT(*) AS tp_count FROM `ys_r` WHERE ( flow like '%{"qid":"4","aid":"9"}%' ) LIMIT 1   [ RunTime:0.000283s ]
SQL: SELECT COUNT(*) AS tp_count FROM `ys_r` WHERE ( flow like '%{"qid":"5","aid":"10"}%' ) LIMIT 1   [ RunTime:0.000273s ]
SQL: SELECT COUNT(*) AS tp_count FROM `ys_r` WHERE ( flow like '%{"qid":"5","aid":"11"}%' ) LIMIT 1   [ RunTime:0.000268s ]
SQL: SELECT * FROM `ys_a` WHERE ( del=0 )  [ RunTime:0.000354s ]
SQL: SELECT * FROM `ys_q` WHERE ( del=0 and answer='none' )  [ RunTime:0.000255s ]
NOTIC: [8] Undefined variable: arrn C:\wamp\www\yamatotp\App\Lib\Action\Admin\IndexAction.class.php 第 117 行.
NOTIC: [8] Undefined variable: arrn C:\wamp\www\yamatotp\App\Lib\Action\Admin\IndexAction.class.php 第 117 行.
NOTIC: [8] Undefined variable: arrn C:\wamp\www\yamatotp\App\Lib\Action\Admin\IndexAction.class.php 第 117 行.
INFO: [ view_parse ] --START--
NOTIC: [2] file_get_contents(./App/Tpl/Public/include/include_head.php.html): failed to open stream: No such file or directory C:\wamp\www\yamatotp\ThinkPHP\Lib\Template\ThinkTemplate.class.php 第 695 行.
INFO: ParseTemplate Behavior ::run [ RunTime:0.018870s ]
INFO: [ view_parse ] --END-- [ RunTime:0.018994s ]
INFO: [ view_filter ] --START--
INFO: ContentReplace Behavior ::run [ RunTime:0.000986s ]
INFO: TokenBuild Behavior ::run [ RunTime:0.000941s ]
INFO: WriteHtmlCache Behavior ::run [ RunTime:0.000686s ]
INFO: ShowRuntime Behavior ::run [ RunTime:0.000873s ]
INFO: [ view_filter ] --END-- [ RunTime:0.003783s ]
INFO: [ view_end ] --START--
INFO: ShowPageTrace Behavior ::run [ RunTime:0.000865s ]
INFO: [ view_end ] --END-- [ RunTime:0.000957s ]

[ 2014-08-26T10:46:56+09:00 ] 0.0.0.0 /yamatotp/index.php/Admin
INFO: [ route_check ] --START--
INFO: CheckRoute Behavior ::run [ RunTime:0.000913s ]
INFO: [ route_check ] --END-- [ RunTime:0.001087s ]
INFO: [ app_begin ] --START--
INFO: ReadHtmlCache Behavior ::run [ RunTime:0.001017s ]
INFO: [ app_begin ] --END-- [ RunTime:0.001102s ]
SQL: SHOW COLUMNS FROM `ys_s` [ RunTime:0.004785s ]
SQL: SELECT * FROM `ys_s`  [ RunTime:0.000380s ]
SQL: SHOW COLUMNS FROM `ys_q` [ RunTime:0.004480s ]
SQL: SELECT * FROM `ys_q` WHERE ( del=0 and answer!='none' )  [ RunTime:0.000605s ]
SQL: SHOW COLUMNS FROM `ys_a` [ RunTime:0.004729s ]
SQL: SELECT * FROM `ys_a` WHERE ( del=0 )  [ RunTime:0.000427s ]
SQL: SHOW COLUMNS FROM `ys_t` [ RunTime:0.004497s ]
SQL: SELECT * FROM `ys_t` WHERE ( del=0 )  [ RunTime:0.000418s ]
SQL: SELECT * FROM `ys_a` WHERE ( target='T_1' and del=0 ) LIMIT 1   [ RunTime:0.000291s ]
SQL: SELECT * FROM `ys_a` WHERE ( target='T_2' and del=0 ) LIMIT 1   [ RunTime:0.000263s ]
SQL: SELECT * FROM `ys_a` WHERE ( target='T_3' and del=0 ) LIMIT 1   [ RunTime:0.000264s ]
SQL: SELECT * FROM `ys_a` WHERE ( target='T_6' and del=0 ) LIMIT 1   [ RunTime:0.000249s ]
SQL: SELECT * FROM `ys_t` WHERE ( id=6 ) LIMIT 1   [ RunTime:0.000285s ]
SQL: SELECT * FROM `ys_a` WHERE ( target='T_7' and del=0 ) LIMIT 1   [ RunTime:0.000348s ]
SQL: SELECT * FROM `ys_t` WHERE ( id=7 ) LIMIT 1   [ RunTime:0.000314s ]
SQL: SELECT * FROM `ys_a` WHERE ( target='T_8' and del=0 ) LIMIT 1   [ RunTime:0.000307s ]
SQL: SELECT * FROM `ys_t` WHERE ( id=8 ) LIMIT 1   [ RunTime:0.000245s ]
SQL: SELECT * FROM `ys_a` WHERE ( target='T_9' and del=0 ) LIMIT 1   [ RunTime:0.000258s ]
SQL: SELECT * FROM `ys_t` WHERE ( id=9 ) LIMIT 1   [ RunTime:0.000234s ]
SQL: SELECT * FROM `ys_q` WHERE ( del=0 and answer='none' )  [ RunTime:0.000256s ]
SQL: SELECT * FROM `ys_a` WHERE ( del=0 and target='Q_11' )  [ RunTime:0.000276s ]
SQL: SELECT * FROM `ys_a` WHERE ( del=0 and target='Q_12' )  [ RunTime:0.000249s ]
SQL: SELECT * FROM `ys_a` WHERE ( del=0 and target='Q_13' )  [ RunTime:0.000255s ]
SQL: SELECT * FROM `ys_q` WHERE ( del=0 and answer!='none' )  [ RunTime:0.000295s ]
SQL: SHOW COLUMNS FROM `ys_r` [ RunTime:0.005792s ]
SQL: SELECT COUNT(*) AS tp_count FROM `ys_r` WHERE ( flow like '%{"qid":"1","aid":"1"}%' ) LIMIT 1   [ RunTime:0.000477s ]
SQL: SELECT COUNT(*) AS tp_count FROM `ys_r` WHERE ( flow like '%{"qid":"1","aid":"3"}%' ) LIMIT 1   [ RunTime:0.000414s ]
SQL: SELECT COUNT(*) AS tp_count FROM `ys_r` WHERE ( flow like '%{"qid":"1","aid":"2"}%' ) LIMIT 1   [ RunTime:0.000309s ]
SQL: SELECT COUNT(*) AS tp_count FROM `ys_r` WHERE ( flow like '%{"qid":"2","aid":"4"}%' ) LIMIT 1   [ RunTime:0.000306s ]
SQL: SELECT COUNT(*) AS tp_count FROM `ys_r` WHERE ( flow like '%{"qid":"2","aid":"5"}%' ) LIMIT 1   [ RunTime:0.000291s ]
SQL: SELECT COUNT(*) AS tp_count FROM `ys_r` WHERE ( flow like '%{"qid":"3","aid":"6"}%' ) LIMIT 1   [ RunTime:0.000274s ]
SQL: SELECT COUNT(*) AS tp_count FROM `ys_r` WHERE ( flow like '%{"qid":"3","aid":"7"}%' ) LIMIT 1   [ RunTime:0.000262s ]
SQL: SELECT COUNT(*) AS tp_count FROM `ys_r` WHERE ( flow like '%{"qid":"4","aid":"8"}%' ) LIMIT 1   [ RunTime:0.000360s ]
SQL: SELECT COUNT(*) AS tp_count FROM `ys_r` WHERE ( flow like '%{"qid":"4","aid":"9"}%' ) LIMIT 1   [ RunTime:0.000455s ]
SQL: SELECT COUNT(*) AS tp_count FROM `ys_r` WHERE ( flow like '%{"qid":"5","aid":"10"}%' ) LIMIT 1   [ RunTime:0.000522s ]
SQL: SELECT COUNT(*) AS tp_count FROM `ys_r` WHERE ( flow like '%{"qid":"5","aid":"11"}%' ) LIMIT 1   [ RunTime:0.000360s ]
SQL: SELECT * FROM `ys_a` WHERE ( del=0 )  [ RunTime:0.000286s ]
SQL: SELECT * FROM `ys_q` WHERE ( del=0 and answer='none' )  [ RunTime:0.000316s ]
NOTIC: [8] Undefined variable: arrn C:\wamp\www\yamatotp\App\Lib\Action\Admin\IndexAction.class.php 第 117 行.
NOTIC: [8] Undefined variable: arrn C:\wamp\www\yamatotp\App\Lib\Action\Admin\IndexAction.class.php 第 117 行.
NOTIC: [8] Undefined variable: arrn C:\wamp\www\yamatotp\App\Lib\Action\Admin\IndexAction.class.php 第 117 行.
INFO: [ view_parse ] --START--
NOTIC: [2] file_get_contents(./App/Tpl/Public/include/include_head.php.html): failed to open stream: No such file or directory C:\wamp\www\yamatotp\ThinkPHP\Lib\Template\ThinkTemplate.class.php 第 695 行.
INFO: ParseTemplate Behavior ::run [ RunTime:0.019687s ]
INFO: [ view_parse ] --END-- [ RunTime:0.019800s ]
INFO: [ view_filter ] --START--
INFO: ContentReplace Behavior ::run [ RunTime:0.000851s ]
INFO: TokenBuild Behavior ::run [ RunTime:0.000637s ]
INFO: WriteHtmlCache Behavior ::run [ RunTime:0.000494s ]
INFO: ShowRuntime Behavior ::run [ RunTime:0.000723s ]
INFO: [ view_filter ] --END-- [ RunTime:0.002928s ]
INFO: [ view_end ] --START--
INFO: ShowPageTrace Behavior ::run [ RunTime:0.000721s ]
INFO: [ view_end ] --END-- [ RunTime:0.000804s ]

[ 2014-08-26T10:47:03+09:00 ] 0.0.0.0 /yamatotp/index.php/Admin
INFO: [ route_check ] --START--
INFO: CheckRoute Behavior ::run [ RunTime:0.001190s ]
INFO: [ route_check ] --END-- [ RunTime:0.001322s ]
INFO: [ app_begin ] --START--
INFO: ReadHtmlCache Behavior ::run [ RunTime:0.000985s ]
INFO: [ app_begin ] --END-- [ RunTime:0.001098s ]
SQL: SHOW COLUMNS FROM `ys_s` [ RunTime:0.009491s ]
SQL: SELECT * FROM `ys_s`  [ RunTime:0.000628s ]
SQL: SHOW COLUMNS FROM `ys_q` [ RunTime:0.010040s ]
SQL: SELECT * FROM `ys_q` WHERE ( del=0 and answer!='none' )  [ RunTime:0.000736s ]
SQL: SHOW COLUMNS FROM `ys_a` [ RunTime:0.007705s ]
SQL: SELECT * FROM `ys_a` WHERE ( del=0 )  [ RunTime:0.000546s ]
SQL: SHOW COLUMNS FROM `ys_t` [ RunTime:0.005518s ]
SQL: SELECT * FROM `ys_t` WHERE ( del=0 )  [ RunTime:0.000484s ]
SQL: SELECT * FROM `ys_a` WHERE ( target='T_1' and del=0 ) LIMIT 1   [ RunTime:0.000470s ]
SQL: SELECT * FROM `ys_a` WHERE ( target='T_2' and del=0 ) LIMIT 1   [ RunTime:0.000406s ]
SQL: SELECT * FROM `ys_a` WHERE ( target='T_3' and del=0 ) LIMIT 1   [ RunTime:0.000393s ]
SQL: SELECT * FROM `ys_a` WHERE ( target='T_6' and del=0 ) LIMIT 1   [ RunTime:0.000424s ]
SQL: SELECT * FROM `ys_t` WHERE ( id=6 ) LIMIT 1   [ RunTime:0.000380s ]
SQL: SELECT * FROM `ys_a` WHERE ( target='T_7' and del=0 ) LIMIT 1   [ RunTime:0.000379s ]
SQL: SELECT * FROM `ys_t` WHERE ( id=7 ) LIMIT 1   [ RunTime:0.000350s ]
SQL: SELECT * FROM `ys_a` WHERE ( target='T_8' and del=0 ) LIMIT 1   [ RunTime:0.000452s ]
SQL: SELECT * FROM `ys_t` WHERE ( id=8 ) LIMIT 1   [ RunTime:0.000437s ]
SQL: SELECT * FROM `ys_a` WHERE ( target='T_9' and del=0 ) LIMIT 1   [ RunTime:0.000813s ]
SQL: SELECT * FROM `ys_t` WHERE ( id=9 ) LIMIT 1   [ RunTime:0.000610s ]
SQL: SELECT * FROM `ys_q` WHERE ( del=0 and answer='none' )  [ RunTime:0.000629s ]
SQL: SELECT * FROM `ys_a` WHERE ( del=0 and target='Q_11' )  [ RunTime:0.000404s ]
SQL: SELECT * FROM `ys_a` WHERE ( del=0 and target='Q_12' )  [ RunTime:0.000339s ]
SQL: SELECT * FROM `ys_a` WHERE ( del=0 and target='Q_13' )  [ RunTime:0.000349s ]
SQL: SELECT * FROM `ys_q` WHERE ( del=0 and answer!='none' )  [ RunTime:0.000385s ]
SQL: SHOW COLUMNS FROM `ys_r` [ RunTime:0.004690s ]
SQL: SELECT COUNT(*) AS tp_count FROM `ys_r` WHERE ( flow like '%{"qid":"1","aid":"1"}%' ) LIMIT 1   [ RunTime:0.000461s ]
SQL: SELECT COUNT(*) AS tp_count FROM `ys_r` WHERE ( flow like '%{"qid":"1","aid":"3"}%' ) LIMIT 1   [ RunTime:0.000377s ]
SQL: SELECT COUNT(*) AS tp_count FROM `ys_r` WHERE ( flow like '%{"qid":"1","aid":"2"}%' ) LIMIT 1   [ RunTime:0.000483s ]
SQL: SELECT COUNT(*) AS tp_count FROM `ys_r` WHERE ( flow like '%{"qid":"2","aid":"4"}%' ) LIMIT 1   [ RunTime:0.000474s ]
SQL: SELECT COUNT(*) AS tp_count FROM `ys_r` WHERE ( flow like '%{"qid":"2","aid":"5"}%' ) LIMIT 1   [ RunTime:0.000476s ]
SQL: SELECT COUNT(*) AS tp_count FROM `ys_r` WHERE ( flow like '%{"qid":"3","aid":"6"}%' ) LIMIT 1   [ RunTime:0.000444s ]
SQL: SELECT COUNT(*) AS tp_count FROM `ys_r` WHERE ( flow like '%{"qid":"3","aid":"7"}%' ) LIMIT 1   [ RunTime:0.000427s ]
SQL: SELECT COUNT(*) AS tp_count FROM `ys_r` WHERE ( flow like '%{"qid":"4","aid":"8"}%' ) LIMIT 1   [ RunTime:0.000525s ]
SQL: SELECT COUNT(*) AS tp_count FROM `ys_r` WHERE ( flow like '%{"qid":"4","aid":"9"}%' ) LIMIT 1   [ RunTime:0.000599s ]
SQL: SELECT COUNT(*) AS tp_count FROM `ys_r` WHERE ( flow like '%{"qid":"5","aid":"10"}%' ) LIMIT 1   [ RunTime:0.000504s ]
SQL: SELECT COUNT(*) AS tp_count FROM `ys_r` WHERE ( flow like '%{"qid":"5","aid":"11"}%' ) LIMIT 1   [ RunTime:0.000544s ]
SQL: SELECT * FROM `ys_a` WHERE ( del=0 )  [ RunTime:0.000352s ]
SQL: SELECT * FROM `ys_q` WHERE ( del=0 and answer='none' )  [ RunTime:0.000448s ]
NOTIC: [8] Undefined variable: arrn C:\wamp\www\yamatotp\App\Lib\Action\Admin\IndexAction.class.php 第 117 行.
NOTIC: [8] Undefined variable: arrn C:\wamp\www\yamatotp\App\Lib\Action\Admin\IndexAction.class.php 第 117 行.
NOTIC: [8] Undefined variable: arrn C:\wamp\www\yamatotp\App\Lib\Action\Admin\IndexAction.class.php 第 117 行.
INFO: [ view_parse ] --START--
NOTIC: [2] file_get_contents(./App/Tpl/Public/include/include_head.php.html): failed to open stream: No such file or directory C:\wamp\www\yamatotp\ThinkPHP\Lib\Template\ThinkTemplate.class.php 第 695 行.
INFO: ParseTemplate Behavior ::run [ RunTime:0.025901s ]
INFO: [ view_parse ] --END-- [ RunTime:0.026026s ]
INFO: [ view_filter ] --START--
INFO: ContentReplace Behavior ::run [ RunTime:0.001012s ]
INFO: TokenBuild Behavior ::run [ RunTime:0.000769s ]
INFO: WriteHtmlCache Behavior ::run [ RunTime:0.000547s ]
INFO: ShowRuntime Behavior ::run [ RunTime:0.000748s ]
INFO: [ view_filter ] --END-- [ RunTime:0.003351s ]
INFO: [ view_end ] --START--
INFO: ShowPageTrace Behavior ::run [ RunTime:0.000777s ]
INFO: [ view_end ] --END-- [ RunTime:0.000870s ]

[ 2014-08-26T10:47:15+09:00 ] 0.0.0.0 /yamatotp/index.php/Admin
INFO: [ route_check ] --START--
INFO: CheckRoute Behavior ::run [ RunTime:0.001152s ]
INFO: [ route_check ] --END-- [ RunTime:0.001293s ]
INFO: [ app_begin ] --START--
INFO: ReadHtmlCache Behavior ::run [ RunTime:0.001359s ]
INFO: [ app_begin ] --END-- [ RunTime:0.001535s ]
SQL: SHOW COLUMNS FROM `ys_s` [ RunTime:0.005295s ]
SQL: SELECT * FROM `ys_s`  [ RunTime:0.000486s ]
SQL: SHOW COLUMNS FROM `ys_q` [ RunTime:0.005506s ]
SQL: SELECT * FROM `ys_q` WHERE ( del=0 and answer!='none' )  [ RunTime:0.000517s ]
SQL: SHOW COLUMNS FROM `ys_a` [ RunTime:0.005412s ]
SQL: SELECT * FROM `ys_a` WHERE ( del=0 )  [ RunTime:0.000750s ]
SQL: SHOW COLUMNS FROM `ys_t` [ RunTime:0.005244s ]
SQL: SELECT * FROM `ys_t` WHERE ( del=0 )  [ RunTime:0.000536s ]
SQL: SELECT * FROM `ys_a` WHERE ( target='T_1' and del=0 ) LIMIT 1   [ RunTime:0.000487s ]
SQL: SELECT * FROM `ys_a` WHERE ( target='T_2' and del=0 ) LIMIT 1   [ RunTime:0.000418s ]
SQL: SELECT * FROM `ys_a` WHERE ( target='T_3' and del=0 ) LIMIT 1   [ RunTime:0.000393s ]
SQL: SELECT * FROM `ys_a` WHERE ( target='T_6' and del=0 ) LIMIT 1   [ RunTime:0.000449s ]
SQL: SELECT * FROM `ys_t` WHERE ( id=6 ) LIMIT 1   [ RunTime:0.000376s ]
SQL: SELECT * FROM `ys_a` WHERE ( target='T_7' and del=0 ) LIMIT 1   [ RunTime:0.000385s ]
SQL: SELECT * FROM `ys_t` WHERE ( id=7 ) LIMIT 1   [ RunTime:0.000352s ]
SQL: SELECT * FROM `ys_a` WHERE ( target='T_8' and del=0 ) LIMIT 1   [ RunTime:0.000381s ]
SQL: SELECT * FROM `ys_t` WHERE ( id=8 ) LIMIT 1   [ RunTime:0.000446s ]
SQL: SELECT * FROM `ys_a` WHERE ( target='T_9' and del=0 ) LIMIT 1   [ RunTime:0.000429s ]
SQL: SELECT * FROM `ys_t` WHERE ( id=9 ) LIMIT 1   [ RunTime:0.000402s ]
SQL: SELECT * FROM `ys_q` WHERE ( del=0 and answer='none' )  [ RunTime:0.000409s ]
SQL: SELECT * FROM `ys_a` WHERE ( del=0 and target='Q_11' )  [ RunTime:0.000579s ]
SQL: SELECT * FROM `ys_a` WHERE ( del=0 and target='Q_12' )  [ RunTime:0.000397s ]
SQL: SELECT * FROM `ys_a` WHERE ( del=0 and target='Q_13' )  [ RunTime:0.000390s ]
SQL: SELECT * FROM `ys_q` WHERE ( del=0 and answer!='none' )  [ RunTime:0.000519s ]
SQL: SHOW COLUMNS FROM `ys_r` [ RunTime:0.005510s ]
SQL: SELECT COUNT(*) AS tp_count FROM `ys_r` WHERE ( flow like '%{"qid":"1","aid":"1"}%' ) LIMIT 1   [ RunTime:0.000541s ]
SQL: SELECT COUNT(*) AS tp_count FROM `ys_r` WHERE ( flow like '%{"qid":"1","aid":"3"}%' ) LIMIT 1   [ RunTime:0.000589s ]
SQL: SELECT COUNT(*) AS tp_count FROM `ys_r` WHERE ( flow like '%{"qid":"1","aid":"2"}%' ) LIMIT 1   [ RunTime:0.000613s ]
SQL: SELECT COUNT(*) AS tp_count FROM `ys_r` WHERE ( flow like '%{"qid":"2","aid":"4"}%' ) LIMIT 1   [ RunTime:0.000553s ]
SQL: SELECT COUNT(*) AS tp_count FROM `ys_r` WHERE ( flow like '%{"qid":"2","aid":"5"}%' ) LIMIT 1   [ RunTime:0.000515s ]
SQL: SELECT COUNT(*) AS tp_count FROM `ys_r` WHERE ( flow like '%{"qid":"3","aid":"6"}%' ) LIMIT 1   [ RunTime:0.000485s ]
SQL: SELECT COUNT(*) AS tp_count FROM `ys_r` WHERE ( flow like '%{"qid":"3","aid":"7"}%' ) LIMIT 1   [ RunTime:0.000794s ]
SQL: SELECT COUNT(*) AS tp_count FROM `ys_r` WHERE ( flow like '%{"qid":"4","aid":"8"}%' ) LIMIT 1   [ RunTime:0.000723s ]
SQL: SELECT COUNT(*) AS tp_count FROM `ys_r` WHERE ( flow like '%{"qid":"4","aid":"9"}%' ) LIMIT 1   [ RunTime:0.000549s ]
SQL: SELECT COUNT(*) AS tp_count FROM `ys_r` WHERE ( flow like '%{"qid":"5","aid":"10"}%' ) LIMIT 1   [ RunTime:0.000447s ]
SQL: SELECT COUNT(*) AS tp_count FROM `ys_r` WHERE ( flow like '%{"qid":"5","aid":"11"}%' ) LIMIT 1   [ RunTime:0.000477s ]
SQL: SELECT * FROM `ys_a` WHERE ( del=0 )  [ RunTime:0.000473s ]
SQL: SELECT * FROM `ys_q` WHERE ( del=0 and answer='none' )  [ RunTime:0.000532s ]
NOTIC: [8] Undefined variable: arrn C:\wamp\www\yamatotp\App\Lib\Action\Admin\IndexAction.class.php 第 117 行.
NOTIC: [8] Undefined variable: arrn C:\wamp\www\yamatotp\App\Lib\Action\Admin\IndexAction.class.php 第 117 行.
NOTIC: [8] Undefined variable: arrn C:\wamp\www\yamatotp\App\Lib\Action\Admin\IndexAction.class.php 第 117 行.
INFO: [ view_parse ] --START--
NOTIC: [2] file_get_contents(./App/Tpl/Public/include/include_head.php.html): failed to open stream: No such file or directory C:\wamp\www\yamatotp\ThinkPHP\Lib\Template\ThinkTemplate.class.php 第 695 行.
INFO: ParseTemplate Behavior ::run [ RunTime:0.028064s ]
INFO: [ view_parse ] --END-- [ RunTime:0.028224s ]
INFO: [ view_filter ] --START--
INFO: ContentReplace Behavior ::run [ RunTime:0.001148s ]
INFO: TokenBuild Behavior ::run [ RunTime:0.001116s ]
INFO: WriteHtmlCache Behavior ::run [ RunTime:0.000671s ]
INFO: ShowRuntime Behavior ::run [ RunTime:0.000846s ]
INFO: [ view_filter ] --END-- [ RunTime:0.004085s ]
INFO: [ view_end ] --START--
INFO: ShowPageTrace Behavior ::run [ RunTime:0.000925s ]
INFO: [ view_end ] --END-- [ RunTime:0.001053s ]

[ 2014-08-26T10:49:22+09:00 ] 0.0.0.0 /yamatotp/index.php/Admin
INFO: [ route_check ] --START--
INFO: CheckRoute Behavior ::run [ RunTime:0.001456s ]
INFO: [ route_check ] --END-- [ RunTime:0.001570s ]
INFO: [ app_begin ] --START--
INFO: ReadHtmlCache Behavior ::run [ RunTime:0.001127s ]
INFO: [ app_begin ] --END-- [ RunTime:0.001229s ]
SQL: SHOW COLUMNS FROM `ys_s` [ RunTime:0.004594s ]
SQL: SELECT * FROM `ys_s`  [ RunTime:0.000374s ]
SQL: SHOW COLUMNS FROM `ys_q` [ RunTime:0.004631s ]
SQL: SELECT * FROM `ys_q` WHERE ( del=0 and answer!='none' )  [ RunTime:0.000428s ]
SQL: SHOW COLUMNS FROM `ys_a` [ RunTime:0.004824s ]
SQL: SELECT * FROM `ys_a` WHERE ( del=0 )  [ RunTime:0.000425s ]
SQL: SHOW COLUMNS FROM `ys_t` [ RunTime:0.005023s ]
SQL: SELECT * FROM `ys_t` WHERE ( del=0 )  [ RunTime:0.000408s ]
SQL: SELECT * FROM `ys_a` WHERE ( target='T_1' and del=0 ) LIMIT 1   [ RunTime:0.000299s ]
SQL: SELECT * FROM `ys_a` WHERE ( target='T_2' and del=0 ) LIMIT 1   [ RunTime:0.000273s ]
SQL: SELECT * FROM `ys_a` WHERE ( target='T_3' and del=0 ) LIMIT 1   [ RunTime:0.000302s ]
SQL: SELECT * FROM `ys_a` WHERE ( target='T_6' and del=0 ) LIMIT 1   [ RunTime:0.000303s ]
SQL: SELECT * FROM `ys_t` WHERE ( id=6 ) LIMIT 1   [ RunTime:0.000273s ]
SQL: SELECT * FROM `ys_a` WHERE ( target='T_7' and del=0 ) LIMIT 1   [ RunTime:0.000263s ]
SQL: SELECT * FROM `ys_t` WHERE ( id=7 ) LIMIT 1   [ RunTime:0.000239s ]
SQL: SELECT * FROM `ys_a` WHERE ( target='T_8' and del=0 ) LIMIT 1   [ RunTime:0.000252s ]
SQL: SELECT * FROM `ys_t` WHERE ( id=8 ) LIMIT 1   [ RunTime:0.000312s ]
SQL: SELECT * FROM `ys_a` WHERE ( target='T_9' and del=0 ) LIMIT 1   [ RunTime:0.000310s ]
SQL: SELECT * FROM `ys_t` WHERE ( id=9 ) LIMIT 1   [ RunTime:0.000252s ]
SQL: SELECT * FROM `ys_q` WHERE ( del=0 and answer='none' )  [ RunTime:0.000289s ]
SQL: SELECT * FROM `ys_a` WHERE ( del=0 and target='Q_11' )  [ RunTime:0.000265s ]
SQL: SELECT * FROM `ys_a` WHERE ( del=0 and target='Q_12' )  [ RunTime:0.000262s ]
SQL: SELECT * FROM `ys_a` WHERE ( del=0 and target='Q_13' )  [ RunTime:0.000346s ]
SQL: SELECT * FROM `ys_q` WHERE ( del=0 and answer!='none' )  [ RunTime:0.000359s ]
SQL: SHOW COLUMNS FROM `ys_r` [ RunTime:0.004270s ]
SQL: SELECT COUNT(*) AS tp_count FROM `ys_r` WHERE ( flow like '%{"qid":"1","aid":"1"}%' ) LIMIT 1   [ RunTime:0.000421s ]
SQL: SELECT COUNT(*) AS tp_count FROM `ys_r` WHERE ( flow like '%{"qid":"1","aid":"3"}%' ) LIMIT 1   [ RunTime:0.000359s ]
SQL: SELECT COUNT(*) AS tp_count FROM `ys_r` WHERE ( flow like '%{"qid":"1","aid":"2"}%' ) LIMIT 1   [ RunTime:0.000302s ]
SQL: SELECT COUNT(*) AS tp_count FROM `ys_r` WHERE ( flow like '%{"qid":"2","aid":"4"}%' ) LIMIT 1   [ RunTime:0.000320s ]
SQL: SELECT COUNT(*) AS tp_count FROM `ys_r` WHERE ( flow like '%{"qid":"2","aid":"5"}%' ) LIMIT 1   [ RunTime:0.000322s ]
SQL: SELECT COUNT(*) AS tp_count FROM `ys_r` WHERE ( flow like '%{"qid":"3","aid":"6"}%' ) LIMIT 1   [ RunTime:0.000330s ]
SQL: SELECT COUNT(*) AS tp_count FROM `ys_r` WHERE ( flow like '%{"qid":"3","aid":"7"}%' ) LIMIT 1   [ RunTime:0.000301s ]
SQL: SELECT COUNT(*) AS tp_count FROM `ys_r` WHERE ( flow like '%{"qid":"4","aid":"8"}%' ) LIMIT 1   [ RunTime:0.000284s ]
SQL: SELECT COUNT(*) AS tp_count FROM `ys_r` WHERE ( flow like '%{"qid":"4","aid":"9"}%' ) LIMIT 1   [ RunTime:0.000287s ]
SQL: SELECT COUNT(*) AS tp_count FROM `ys_r` WHERE ( flow like '%{"qid":"5","aid":"10"}%' ) LIMIT 1   [ RunTime:0.000305s ]
SQL: SELECT COUNT(*) AS tp_count FROM `ys_r` WHERE ( flow like '%{"qid":"5","aid":"11"}%' ) LIMIT 1   [ RunTime:0.000305s ]
SQL: SELECT * FROM `ys_a` WHERE ( del=0 )  [ RunTime:0.000273s ]
SQL: SELECT * FROM `ys_q` WHERE ( del=0 and answer='none' )  [ RunTime:0.000238s ]
NOTIC: [8] Undefined variable: arrn C:\wamp\www\yamatotp\App\Lib\Action\Admin\IndexAction.class.php 第 117 行.
NOTIC: [8] Undefined variable: arrn C:\wamp\www\yamatotp\App\Lib\Action\Admin\IndexAction.class.php 第 117 行.
NOTIC: [8] Undefined variable: arrn C:\wamp\www\yamatotp\App\Lib\Action\Admin\IndexAction.class.php 第 117 行.
INFO: [ view_parse ] --START--
NOTIC: [2] file_get_contents(./App/Tpl/Public/include/include_head.php.html): failed to open stream: No such file or directory C:\wamp\www\yamatotp\ThinkPHP\Lib\Template\ThinkTemplate.class.php 第 695 行.
INFO: ParseTemplate Behavior ::run [ RunTime:0.020499s ]
INFO: [ view_parse ] --END-- [ RunTime:0.020639s ]
INFO: [ view_filter ] --START--
INFO: ContentReplace Behavior ::run [ RunTime:0.001217s ]
INFO: TokenBuild Behavior ::run [ RunTime:0.000994s ]
INFO: WriteHtmlCache Behavior ::run [ RunTime:0.000836s ]
INFO: ShowRuntime Behavior ::run [ RunTime:0.001511s ]
INFO: [ view_filter ] --END-- [ RunTime:0.004840s ]
INFO: [ view_end ] --START--
INFO: ShowPageTrace Behavior ::run [ RunTime:0.001222s ]
INFO: [ view_end ] --END-- [ RunTime:0.001316s ]

[ 2014-08-26T11:38:03+09:00 ] 0.0.0.0 /yamatotp/index.php/Admin
INFO: [ route_check ] --START--
INFO: CheckRoute Behavior ::run [ RunTime:0.001378s ]
INFO: [ route_check ] --END-- [ RunTime:0.001530s ]
INFO: [ app_begin ] --START--
INFO: ReadHtmlCache Behavior ::run [ RunTime:0.001155s ]
INFO: [ app_begin ] --END-- [ RunTime:0.001258s ]
SQL: SHOW COLUMNS FROM `ys_s` [ RunTime:0.004650s ]
SQL: SELECT * FROM `ys_s`  [ RunTime:0.000355s ]
SQL: SHOW COLUMNS FROM `ys_q` [ RunTime:0.005115s ]
SQL: SELECT * FROM `ys_q` WHERE ( del=0 and answer!='none' )  [ RunTime:0.000436s ]
SQL: SHOW COLUMNS FROM `ys_a` [ RunTime:0.004238s ]
SQL: SELECT * FROM `ys_a` WHERE ( del=0 )  [ RunTime:0.000408s ]
SQL: SHOW COLUMNS FROM `ys_t` [ RunTime:0.005322s ]
SQL: SELECT * FROM `ys_t` WHERE ( del=0 )  [ RunTime:0.000401s ]
SQL: SELECT * FROM `ys_a` WHERE ( target='T_1' and del=0 ) LIMIT 1   [ RunTime:0.000271s ]
SQL: SELECT * FROM `ys_a` WHERE ( target='T_2' and del=0 ) LIMIT 1   [ RunTime:0.000249s ]
SQL: SELECT * FROM `ys_a` WHERE ( target='T_3' and del=0 ) LIMIT 1   [ RunTime:0.000260s ]
SQL: SELECT * FROM `ys_a` WHERE ( target='T_6' and del=0 ) LIMIT 1   [ RunTime:0.000243s ]
SQL: SELECT * FROM `ys_t` WHERE ( id=6 ) LIMIT 1   [ RunTime:0.000262s ]
SQL: SELECT * FROM `ys_a` WHERE ( target='T_7' and del=0 ) LIMIT 1   [ RunTime:0.000255s ]
SQL: SELECT * FROM `ys_t` WHERE ( id=7 ) LIMIT 1   [ RunTime:0.000306s ]
SQL: SELECT * FROM `ys_a` WHERE ( target='T_8' and del=0 ) LIMIT 1   [ RunTime:0.000301s ]
SQL: SELECT * FROM `ys_t` WHERE ( id=8 ) LIMIT 1   [ RunTime:0.000370s ]
SQL: SELECT * FROM `ys_a` WHERE ( target='T_9' and del=0 ) LIMIT 1   [ RunTime:0.000286s ]
SQL: SELECT * FROM `ys_t` WHERE ( id=9 ) LIMIT 1   [ RunTime:0.000239s ]
SQL: SELECT * FROM `ys_q` WHERE ( del=0 and answer='none' )  [ RunTime:0.000306s ]
SQL: SELECT * FROM `ys_a` WHERE ( del=0 and target='Q_11' )  [ RunTime:0.000257s ]
SQL: SELECT * FROM `ys_a` WHERE ( del=0 and target='Q_12' )  [ RunTime:0.000316s ]
SQL: SELECT * FROM `ys_a` WHERE ( del=0 and target='Q_13' )  [ RunTime:0.000246s ]
SQL: SELECT * FROM `ys_q` WHERE ( del=0 and answer!='none' )  [ RunTime:0.000294s ]
SQL: SHOW COLUMNS FROM `ys_r` [ RunTime:0.004896s ]
SQL: SELECT COUNT(*) AS tp_count FROM `ys_r` WHERE ( flow like '%{"qid":"1","aid":"1"}%' ) LIMIT 1   [ RunTime:0.000547s ]
SQL: SELECT COUNT(*) AS tp_count FROM `ys_r` WHERE ( flow like '%{"qid":"1","aid":"3"}%' ) LIMIT 1   [ RunTime:0.000487s ]
SQL: SELECT COUNT(*) AS tp_count FROM `ys_r` WHERE ( flow like '%{"qid":"1","aid":"2"}%' ) LIMIT 1   [ RunTime:0.000518s ]
SQL: SELECT COUNT(*) AS tp_count FROM `ys_r` WHERE ( flow like '%{"qid":"2","aid":"4"}%' ) LIMIT 1   [ RunTime:0.000456s ]
SQL: SELECT COUNT(*) AS tp_count FROM `ys_r` WHERE ( flow like '%{"qid":"2","aid":"5"}%' ) LIMIT 1   [ RunTime:0.000422s ]
SQL: SELECT COUNT(*) AS tp_count FROM `ys_r` WHERE ( flow like '%{"qid":"3","aid":"6"}%' ) LIMIT 1   [ RunTime:0.000462s ]
SQL: SELECT COUNT(*) AS tp_count FROM `ys_r` WHERE ( flow like '%{"qid":"3","aid":"7"}%' ) LIMIT 1   [ RunTime:0.000583s ]
SQL: SELECT COUNT(*) AS tp_count FROM `ys_r` WHERE ( flow like '%{"qid":"4","aid":"8"}%' ) LIMIT 1   [ RunTime:0.000512s ]
SQL: SELECT COUNT(*) AS tp_count FROM `ys_r` WHERE ( flow like '%{"qid":"4","aid":"9"}%' ) LIMIT 1   [ RunTime:0.000441s ]
SQL: SELECT COUNT(*) AS tp_count FROM `ys_r` WHERE ( flow like '%{"qid":"5","aid":"10"}%' ) LIMIT 1   [ RunTime:0.000498s ]
SQL: SELECT COUNT(*) AS tp_count FROM `ys_r` WHERE ( flow like '%{"qid":"5","aid":"11"}%' ) LIMIT 1   [ RunTime:0.000401s ]
SQL: SELECT * FROM `ys_a` WHERE ( del=0 )  [ RunTime:0.000330s ]
SQL: SELECT * FROM `ys_q` WHERE ( del=0 and answer='none' )  [ RunTime:0.000258s ]
NOTIC: [8] Undefined variable: arrn C:\wamp\www\yamatotp\App\Lib\Action\Admin\IndexAction.class.php 第 117 行.
NOTIC: [8] Undefined variable: arrn C:\wamp\www\yamatotp\App\Lib\Action\Admin\IndexAction.class.php 第 117 行.
NOTIC: [8] Undefined variable: arrn C:\wamp\www\yamatotp\App\Lib\Action\Admin\IndexAction.class.php 第 117 行.
INFO: [ view_parse ] --START--
NOTIC: [2] file_get_contents(./App/Tpl/Public/include/include_head.php.html): failed to open stream: No such file or directory C:\wamp\www\yamatotp\ThinkPHP\Lib\Template\ThinkTemplate.class.php 第 695 行.
INFO: ParseTemplate Behavior ::run [ RunTime:0.020970s ]
INFO: [ view_parse ] --END-- [ RunTime:0.021086s ]
INFO: [ view_filter ] --START--
INFO: ContentReplace Behavior ::run [ RunTime:0.001286s ]
INFO: TokenBuild Behavior ::run [ RunTime:0.001170s ]
INFO: WriteHtmlCache Behavior ::run [ RunTime:0.000994s ]
INFO: ShowRuntime Behavior ::run [ RunTime:0.001136s ]
INFO: [ view_filter ] --END-- [ RunTime:0.004976s ]
INFO: [ view_end ] --START--
INFO: ShowPageTrace Behavior ::run [ RunTime:0.001184s ]
INFO: [ view_end ] --END-- [ RunTime:0.001283s ]

[ 2014-08-26T11:38:07+09:00 ] 0.0.0.0 /yamatotp/index.php/Admin/Index/getq.html
INFO: [ route_check ] --START--
INFO: CheckRoute Behavior ::run [ RunTime:0.001049s ]
INFO: [ route_check ] --END-- [ RunTime:0.001156s ]
INFO: [ app_begin ] --START--
INFO: ReadHtmlCache Behavior ::run [ RunTime:0.000952s ]
INFO: [ app_begin ] --END-- [ RunTime:0.001027s ]
SQL: SHOW COLUMNS FROM `ys_q` [ RunTime:0.005488s ]
SQL: SELECT * FROM `ys_q` WHERE ( id=1 ) LIMIT 1   [ RunTime:0.000486s ]

[ 2014-08-26T11:38:10+09:00 ] 0.0.0.0 /yamatotp/index.php/Admin/Index/geta.html
INFO: [ route_check ] --START--
INFO: CheckRoute Behavior ::run [ RunTime:0.001573s ]
INFO: [ route_check ] --END-- [ RunTime:0.001702s ]
INFO: [ app_begin ] --START--
INFO: ReadHtmlCache Behavior ::run [ RunTime:0.001046s ]
INFO: [ app_begin ] --END-- [ RunTime:0.001159s ]
SQL: SHOW COLUMNS FROM `ys_a` [ RunTime:0.004802s ]
SQL: SELECT * FROM `ys_a` WHERE ( id=1 ) LIMIT 1   [ RunTime:0.000419s ]

[ 2014-08-26T11:38:14+09:00 ] 0.0.0.0 /yamatotp/index.php/Admin/Index/geta.html
INFO: [ route_check ] --START--
INFO: CheckRoute Behavior ::run [ RunTime:0.001048s ]
INFO: [ route_check ] --END-- [ RunTime:0.001156s ]
INFO: [ app_begin ] --START--
INFO: ReadHtmlCache Behavior ::run [ RunTime:0.000884s ]
INFO: [ app_begin ] --END-- [ RunTime:0.000962s ]
SQL: SHOW COLUMNS FROM `ys_a` [ RunTime:0.005084s ]
SQL: SELECT * FROM `ys_a` WHERE ( id=4 ) LIMIT 1   [ RunTime:0.001130s ]

[ 2014-08-26T11:47:13+09:00 ] 0.0.0.0 /yamatotp/index.php/Admin/Index/gett.html
INFO: [ route_check ] --START--
INFO: CheckRoute Behavior ::run [ RunTime:0.002248s ]
INFO: [ route_check ] --END-- [ RunTime:0.002420s ]
INFO: [ app_begin ] --START--
INFO: ReadHtmlCache Behavior ::run [ RunTime:0.001679s ]
INFO: [ app_begin ] --END-- [ RunTime:0.001842s ]
SQL: SHOW COLUMNS FROM `ys_t` [ RunTime:0.005677s ]
SQL: SELECT * FROM `ys_t` WHERE ( id=7 ) LIMIT 1   [ RunTime:0.000475s ]

[ 2014-08-26T11:53:25+09:00 ] 0.0.0.0 /yamatotp/index.php/Admin
INFO: [ route_check ] --START--
INFO: CheckRoute Behavior ::run [ RunTime:0.001567s ]
INFO: [ route_check ] --END-- [ RunTime:0.001714s ]
INFO: [ app_begin ] --START--
INFO: ReadHtmlCache Behavior ::run [ RunTime:0.001369s ]
INFO: [ app_begin ] --END-- [ RunTime:0.001493s ]
SQL: SHOW COLUMNS FROM `ys_s` [ RunTime:0.005269s ]
SQL: SELECT * FROM `ys_s`  [ RunTime:0.000407s ]
SQL: SHOW COLUMNS FROM `ys_q` [ RunTime:0.005405s ]
SQL: SELECT * FROM `ys_q` WHERE ( del=0 and answer!='none' )  [ RunTime:0.000454s ]
SQL: SHOW COLUMNS FROM `ys_a` [ RunTime:0.005093s ]
SQL: SELECT * FROM `ys_a` WHERE ( del=0 )  [ RunTime:0.000465s ]
SQL: SHOW COLUMNS FROM `ys_t` [ RunTime:0.005309s ]
SQL: SELECT * FROM `ys_t` WHERE ( del=0 )  [ RunTime:0.000440s ]
SQL: SELECT * FROM `ys_a` WHERE ( target='T_1' and del=0 ) LIMIT 1   [ RunTime:0.000326s ]
SQL: SELECT * FROM `ys_a` WHERE ( target='T_2' and del=0 ) LIMIT 1   [ RunTime:0.000292s ]
SQL: SELECT * FROM `ys_a` WHERE ( target='T_3' and del=0 ) LIMIT 1   [ RunTime:0.000292s ]
SQL: SELECT * FROM `ys_a` WHERE ( target='T_6' and del=0 ) LIMIT 1   [ RunTime:0.000285s ]
SQL: SELECT * FROM `ys_t` WHERE ( id=6 ) LIMIT 1   [ RunTime:0.000279s ]
SQL: SELECT * FROM `ys_a` WHERE ( target='T_7' and del=0 ) LIMIT 1   [ RunTime:0.000284s ]
SQL: SELECT * FROM `ys_t` WHERE ( id=7 ) LIMIT 1   [ RunTime:0.000260s ]
SQL: SELECT * FROM `ys_a` WHERE ( target='T_8' and del=0 ) LIMIT 1   [ RunTime:0.000328s ]
SQL: SELECT * FROM `ys_t` WHERE ( id=8 ) LIMIT 1   [ RunTime:0.000275s ]
SQL: SELECT * FROM `ys_a` WHERE ( target='T_9' and del=0 ) LIMIT 1   [ RunTime:0.000293s ]
SQL: SELECT * FROM `ys_t` WHERE ( id=9 ) LIMIT 1   [ RunTime:0.000233s ]
SQL: SELECT * FROM `ys_q` WHERE ( del=0 and answer='none' )  [ RunTime:0.000266s ]
SQL: SELECT * FROM `ys_a` WHERE ( del=0 and target='Q_11' )  [ RunTime:0.000249s ]
SQL: SELECT * FROM `ys_a` WHERE ( del=0 and target='Q_12' )  [ RunTime:0.000247s ]
SQL: SELECT * FROM `ys_a` WHERE ( del=0 and target='Q_13' )  [ RunTime:0.000246s ]
SQL: SELECT * FROM `ys_q` WHERE ( del=0 and answer!='none' )  [ RunTime:0.000271s ]
SQL: SHOW COLUMNS FROM `ys_r` [ RunTime:0.004711s ]
SQL: SELECT COUNT(*) AS tp_count FROM `ys_r` WHERE ( flow like '%{"qid":"1","aid":"1"}%' ) LIMIT 1   [ RunTime:0.000381s ]
SQL: SELECT COUNT(*) AS tp_count FROM `ys_r` WHERE ( flow like '%{"qid":"1","aid":"3"}%' ) LIMIT 1   [ RunTime:0.000330s ]
SQL: SELECT COUNT(*) AS tp_count FROM `ys_r` WHERE ( flow like '%{"qid":"1","aid":"2"}%' ) LIMIT 1   [ RunTime:0.000302s ]
SQL: SELECT COUNT(*) AS tp_count FROM `ys_r` WHERE ( flow like '%{"qid":"2","aid":"4"}%' ) LIMIT 1   [ RunTime:0.000342s ]
SQL: SELECT COUNT(*) AS tp_count FROM `ys_r` WHERE ( flow like '%{"qid":"2","aid":"5"}%' ) LIMIT 1   [ RunTime:0.000307s ]
SQL: SELECT COUNT(*) AS tp_count FROM `ys_r` WHERE ( flow like '%{"qid":"3","aid":"6"}%' ) LIMIT 1   [ RunTime:0.000274s ]
SQL: SELECT COUNT(*) AS tp_count FROM `ys_r` WHERE ( flow like '%{"qid":"3","aid":"7"}%' ) LIMIT 1   [ RunTime:0.000268s ]
SQL: SELECT COUNT(*) AS tp_count FROM `ys_r` WHERE ( flow like '%{"qid":"4","aid":"8"}%' ) LIMIT 1   [ RunTime:0.000272s ]
SQL: SELECT COUNT(*) AS tp_count FROM `ys_r` WHERE ( flow like '%{"qid":"4","aid":"9"}%' ) LIMIT 1   [ RunTime:0.000254s ]
SQL: SELECT COUNT(*) AS tp_count FROM `ys_r` WHERE ( flow like '%{"qid":"5","aid":"10"}%' ) LIMIT 1   [ RunTime:0.000257s ]
SQL: SELECT COUNT(*) AS tp_count FROM `ys_r` WHERE ( flow like '%{"qid":"5","aid":"11"}%' ) LIMIT 1   [ RunTime:0.000278s ]
SQL: SELECT * FROM `ys_a` WHERE ( del=0 )  [ RunTime:0.000274s ]
SQL: SELECT * FROM `ys_q` WHERE ( del=0 and answer='none' )  [ RunTime:0.000244s ]
NOTIC: [8] Undefined variable: arrn C:\wamp\www\yamatotp\App\Lib\Action\Admin\IndexAction.class.php 第 117 行.
NOTIC: [8] Undefined variable: arrn C:\wamp\www\yamatotp\App\Lib\Action\Admin\IndexAction.class.php 第 117 行.
NOTIC: [8] Undefined variable: arrn C:\wamp\www\yamatotp\App\Lib\Action\Admin\IndexAction.class.php 第 117 行.
INFO: [ view_parse ] --START--
NOTIC: [2] file_get_contents(./App/Tpl/Public/include/include_head.php.html): failed to open stream: No such file or directory C:\wamp\www\yamatotp\ThinkPHP\Lib\Template\ThinkTemplate.class.php 第 695 行.
INFO: ParseTemplate Behavior ::run [ RunTime:0.020078s ]
INFO: [ view_parse ] --END-- [ RunTime:0.020190s ]
INFO: [ view_filter ] --START--
INFO: ContentReplace Behavior ::run [ RunTime:0.001240s ]
INFO: TokenBuild Behavior ::run [ RunTime:0.001011s ]
INFO: WriteHtmlCache Behavior ::run [ RunTime:0.000853s ]
INFO: ShowRuntime Behavior ::run [ RunTime:0.001525s ]
INFO: [ view_filter ] --END-- [ RunTime:0.004883s ]
INFO: [ view_end ] --START--
INFO: ShowPageTrace Behavior ::run [ RunTime:0.001315s ]
INFO: [ view_end ] --END-- [ RunTime:0.001411s ]

[ 2014-08-26T11:53:27+09:00 ] 0.0.0.0 /yamatotp/index.php/Admin
INFO: [ route_check ] --START--
INFO: CheckRoute Behavior ::run [ RunTime:0.001852s ]
INFO: [ route_check ] --END-- [ RunTime:0.002016s ]
INFO: [ app_begin ] --START--
INFO: ReadHtmlCache Behavior ::run [ RunTime:0.001286s ]
INFO: [ app_begin ] --END-- [ RunTime:0.001427s ]
SQL: SHOW COLUMNS FROM `ys_s` [ RunTime:0.004621s ]
SQL: SELECT * FROM `ys_s`  [ RunTime:0.000411s ]
SQL: SHOW COLUMNS FROM `ys_q` [ RunTime:0.004991s ]
SQL: SELECT * FROM `ys_q` WHERE ( del=0 and answer!='none' )  [ RunTime:0.000429s ]
SQL: SHOW COLUMNS FROM `ys_a` [ RunTime:0.005204s ]
SQL: SELECT * FROM `ys_a` WHERE ( del=0 )  [ RunTime:0.000521s ]
SQL: SHOW COLUMNS FROM `ys_t` [ RunTime:0.004580s ]
SQL: SELECT * FROM `ys_t` WHERE ( del=0 )  [ RunTime:0.000397s ]
SQL: SELECT * FROM `ys_a` WHERE ( target='T_1' and del=0 ) LIMIT 1   [ RunTime:0.000296s ]
SQL: SELECT * FROM `ys_a` WHERE ( target='T_2' and del=0 ) LIMIT 1   [ RunTime:0.000324s ]
SQL: SELECT * FROM `ys_a` WHERE ( target='T_3' and del=0 ) LIMIT 1   [ RunTime:0.000328s ]
SQL: SELECT * FROM `ys_a` WHERE ( target='T_6' and del=0 ) LIMIT 1   [ RunTime:0.000283s ]
SQL: SELECT * FROM `ys_t` WHERE ( id=6 ) LIMIT 1   [ RunTime:0.000277s ]
SQL: SELECT * FROM `ys_a` WHERE ( target='T_7' and del=0 ) LIMIT 1   [ RunTime:0.000287s ]
SQL: SELECT * FROM `ys_t` WHERE ( id=7 ) LIMIT 1   [ RunTime:0.000260s ]
SQL: SELECT * FROM `ys_a` WHERE ( target='T_8' and del=0 ) LIMIT 1   [ RunTime:0.000289s ]
SQL: SELECT * FROM `ys_t` WHERE ( id=8 ) LIMIT 1   [ RunTime:0.000250s ]
SQL: SELECT * FROM `ys_a` WHERE ( target='T_9' and del=0 ) LIMIT 1   [ RunTime:0.000265s ]
SQL: SELECT * FROM `ys_t` WHERE ( id=9 ) LIMIT 1   [ RunTime:0.000261s ]
SQL: SELECT * FROM `ys_q` WHERE ( del=0 and answer='none' )  [ RunTime:0.000289s ]
SQL: SELECT * FROM `ys_a` WHERE ( del=0 and target='Q_11' )  [ RunTime:0.000274s ]
SQL: SELECT * FROM `ys_a` WHERE ( del=0 and target='Q_12' )  [ RunTime:0.000259s ]
SQL: SELECT * FROM `ys_a` WHERE ( del=0 and target='Q_13' )  [ RunTime:0.000276s ]
SQL: SELECT * FROM `ys_q` WHERE ( del=0 and answer!='none' )  [ RunTime:0.000284s ]
SQL: SHOW COLUMNS FROM `ys_r` [ RunTime:0.005238s ]
SQL: SELECT COUNT(*) AS tp_count FROM `ys_r` WHERE ( flow like '%{"qid":"1","aid":"1"}%' ) LIMIT 1   [ RunTime:0.000422s ]
SQL: SELECT COUNT(*) AS tp_count FROM `ys_r` WHERE ( flow like '%{"qid":"1","aid":"3"}%' ) LIMIT 1   [ RunTime:0.000292s ]
SQL: SELECT COUNT(*) AS tp_count FROM `ys_r` WHERE ( flow like '%{"qid":"1","aid":"2"}%' ) LIMIT 1   [ RunTime:0.000292s ]
SQL: SELECT COUNT(*) AS tp_count FROM `ys_r` WHERE ( flow like '%{"qid":"2","aid":"4"}%' ) LIMIT 1   [ RunTime:0.000270s ]
SQL: SELECT COUNT(*) AS tp_count FROM `ys_r` WHERE ( flow like '%{"qid":"2","aid":"5"}%' ) LIMIT 1   [ RunTime:0.000290s ]
SQL: SELECT COUNT(*) AS tp_count FROM `ys_r` WHERE ( flow like '%{"qid":"3","aid":"6"}%' ) LIMIT 1   [ RunTime:0.000292s ]
SQL: SELECT COUNT(*) AS tp_count FROM `ys_r` WHERE ( flow like '%{"qid":"3","aid":"7"}%' ) LIMIT 1   [ RunTime:0.000271s ]
SQL: SELECT COUNT(*) AS tp_count FROM `ys_r` WHERE ( flow like '%{"qid":"4","aid":"8"}%' ) LIMIT 1   [ RunTime:0.000285s ]
SQL: SELECT COUNT(*) AS tp_count FROM `ys_r` WHERE ( flow like '%{"qid":"4","aid":"9"}%' ) LIMIT 1   [ RunTime:0.000267s ]
SQL: SELECT COUNT(*) AS tp_count FROM `ys_r` WHERE ( flow like '%{"qid":"5","aid":"10"}%' ) LIMIT 1   [ RunTime:0.000281s ]
SQL: SELECT COUNT(*) AS tp_count FROM `ys_r` WHERE ( flow like '%{"qid":"5","aid":"11"}%' ) LIMIT 1   [ RunTime:0.000271s ]
SQL: SELECT * FROM `ys_a` WHERE ( del=0 )  [ RunTime:0.000291s ]
SQL: SELECT * FROM `ys_q` WHERE ( del=0 and answer='none' )  [ RunTime:0.000279s ]
NOTIC: [8] Undefined variable: arrn C:\wamp\www\yamatotp\App\Lib\Action\Admin\IndexAction.class.php 第 117 行.
NOTIC: [8] Undefined variable: arrn C:\wamp\www\yamatotp\App\Lib\Action\Admin\IndexAction.class.php 第 117 行.
NOTIC: [8] Undefined variable: arrn C:\wamp\www\yamatotp\App\Lib\Action\Admin\IndexAction.class.php 第 117 行.
INFO: [ view_parse ] --START--
NOTIC: [2] file_get_contents(./App/Tpl/Public/include/include_head.php.html): failed to open stream: No such file or directory C:\wamp\www\yamatotp\ThinkPHP\Lib\Template\ThinkTemplate.class.php 第 695 行.
INFO: ParseTemplate Behavior ::run [ RunTime:0.019756s ]
INFO: [ view_parse ] --END-- [ RunTime:0.019872s ]
INFO: [ view_filter ] --START--
INFO: ContentReplace Behavior ::run [ RunTime:0.001129s ]
INFO: TokenBuild Behavior ::run [ RunTime:0.000951s ]
INFO: WriteHtmlCache Behavior ::run [ RunTime:0.000646s ]
INFO: ShowRuntime Behavior ::run [ RunTime:0.000826s ]
INFO: [ view_filter ] --END-- [ RunTime:0.003796s ]
INFO: [ view_end ] --START--
INFO: ShowPageTrace Behavior ::run [ RunTime:0.000933s ]
INFO: [ view_end ] --END-- [ RunTime:0.001031s ]

[ 2014-08-26T18:27:49+09:00 ] 0.0.0.0 /yamatotp/index.php/Admin/Index/geta.html
INFO: [ route_check ] --START--
INFO: CheckRoute Behavior ::run [ RunTime:0.006904s ]
INFO: [ route_check ] --END-- [ RunTime:0.007107s ]
INFO: [ app_begin ] --START--
INFO: ReadHtmlCache Behavior ::run [ RunTime:0.005316s ]
INFO: [ app_begin ] --END-- [ RunTime:0.005501s ]
SQL: SHOW COLUMNS FROM `ys_a` [ RunTime:0.005211s ]
SQL: SELECT * FROM `ys_a` WHERE ( id=9 ) LIMIT 1   [ RunTime:0.000482s ]

