[ 2014-09-05T16:12:35+09:00 ] 127.0.0.1 /yamatotp/index.php/Admin
INFO: [ route_check ] --START--
INFO: CheckRoute Behavior ::run [ RunTime:0.005000s ]
INFO: [ route_check ] --END-- [ RunTime:0.005748s ]
INFO: [ app_begin ] --START--
INFO: ReadHtmlCache Behavior ::run [ RunTime:0.003576s ]
INFO: [ app_begin ] --END-- [ RunTime:0.003691s ]
SQL: SHOW COLUMNS FROM `ys_s` [ RunTime:0.014223s ]
SQL: SELECT * FROM `ys_s`  [ RunTime:0.000503s ]
SQL: SHOW COLUMNS FROM `ys_q` [ RunTime:0.008566s ]
SQL: SELECT * FROM `ys_q` WHERE ( del=0 and answer!='none' )  [ RunTime:0.001389s ]
SQL: SHOW COLUMNS FROM `ys_a` [ RunTime:0.008513s ]
SQL: SELECT * FROM `ys_a` WHERE ( del=0 )  [ RunTime:0.000473s ]
SQL: SHOW COLUMNS FROM `ys_t` [ RunTime:0.008543s ]
SQL: SELECT * FROM `ys_t` WHERE ( del=0 )  [ RunTime:0.000447s ]
SQL: SELECT * FROM `ys_a` WHERE ( target='T_1' and del=0 ) LIMIT 1   [ RunTime:0.000385s ]
SQL: SELECT * FROM `ys_a` WHERE ( target='T_2' and del=0 ) LIMIT 1   [ RunTime:0.000337s ]
SQL: SELECT * FROM `ys_a` WHERE ( target='T_3' and del=0 ) LIMIT 1   [ RunTime:0.000381s ]
SQL: SELECT * FROM `ys_a` WHERE ( target='T_6' and del=0 ) LIMIT 1   [ RunTime:0.000412s ]
SQL: SELECT * FROM `ys_t` WHERE ( id=6 ) LIMIT 1   [ RunTime:0.000357s ]
SQL: SELECT * FROM `ys_a` WHERE ( target='T_7' and del=0 ) LIMIT 1   [ RunTime:0.000371s ]
SQL: SELECT * FROM `ys_t` WHERE ( id=7 ) LIMIT 1   [ RunTime:0.000474s ]
SQL: SELECT * FROM `ys_a` WHERE ( target='T_8' and del=0 ) LIMIT 1   [ RunTime:0.000383s ]
SQL: SELECT * FROM `ys_t` WHERE ( id=8 ) LIMIT 1   [ RunTime:0.000751s ]
SQL: SELECT * FROM `ys_a` WHERE ( target='T_9' and del=0 ) LIMIT 1   [ RunTime:0.000461s ]
SQL: SELECT * FROM `ys_t` WHERE ( id=9 ) LIMIT 1   [ RunTime:0.000317s ]
SQL: SELECT * FROM `ys_q` WHERE ( del=0 and answer='none' )  [ RunTime:0.000415s ]
SQL: SELECT * FROM `ys_a` WHERE ( del=0 and target='Q_11' )  [ RunTime:0.000415s ]
SQL: SELECT * FROM `ys_a` WHERE ( del=0 and target='Q_12' )  [ RunTime:0.000368s ]
SQL: SELECT * FROM `ys_a` WHERE ( del=0 and target='Q_13' )  [ RunTime:0.000378s ]
SQL: SELECT * FROM `ys_q` WHERE ( del=0 and answer!='none' )  [ RunTime:0.000361s ]
SQL: SHOW COLUMNS FROM `ys_r` [ RunTime:0.008703s ]
SQL: SELECT COUNT(*) AS tp_count FROM `ys_r` WHERE ( flow like '%{"qid":"1","aid":"1"}%' ) LIMIT 1   [ RunTime:0.002048s ]
SQL: SELECT COUNT(*) AS tp_count FROM `ys_r` WHERE ( flow like '%{"qid":"1","aid":"3"}%' ) LIMIT 1   [ RunTime:0.000389s ]
SQL: SELECT COUNT(*) AS tp_count FROM `ys_r` WHERE ( flow like '%{"qid":"1","aid":"2"}%' ) LIMIT 1   [ RunTime:0.000349s ]
SQL: SELECT COUNT(*) AS tp_count FROM `ys_r` WHERE ( flow like '%{"qid":"2","aid":"4"}%' ) LIMIT 1   [ RunTime:0.000335s ]
SQL: SELECT COUNT(*) AS tp_count FROM `ys_r` WHERE ( flow like '%{"qid":"2","aid":"5"}%' ) LIMIT 1   [ RunTime:0.000348s ]
SQL: SELECT COUNT(*) AS tp_count FROM `ys_r` WHERE ( flow like '%{"qid":"3","aid":"6"}%' ) LIMIT 1   [ RunTime:0.000351s ]
SQL: SELECT COUNT(*) AS tp_count FROM `ys_r` WHERE ( flow like '%{"qid":"3","aid":"7"}%' ) LIMIT 1   [ RunTime:0.000348s ]
SQL: SELECT COUNT(*) AS tp_count FROM `ys_r` WHERE ( flow like '%{"qid":"4","aid":"8"}%' ) LIMIT 1   [ RunTime:0.000352s ]
SQL: SELECT COUNT(*) AS tp_count FROM `ys_r` WHERE ( flow like '%{"qid":"4","aid":"9"}%' ) LIMIT 1   [ RunTime:0.000328s ]
SQL: SELECT COUNT(*) AS tp_count FROM `ys_r` WHERE ( flow like '%{"qid":"5","aid":"10"}%' ) LIMIT 1   [ RunTime:0.000353s ]
SQL: SELECT COUNT(*) AS tp_count FROM `ys_r` WHERE ( flow like '%{"qid":"5","aid":"11"}%' ) LIMIT 1   [ RunTime:0.000326s ]
SQL: SELECT * FROM `ys_a` WHERE ( del=0 )  [ RunTime:0.000343s ]
SQL: SELECT * FROM `ys_q` WHERE ( del=0 and answer='none' )  [ RunTime:0.000361s ]
NOTIC: [8] Undefined variable: arrn C:\wamp\www\yamatotp\App\Lib\Action\Admin\IndexAction.class.php 第 117 行.
NOTIC: [8] Undefined variable: arrn C:\wamp\www\yamatotp\App\Lib\Action\Admin\IndexAction.class.php 第 117 行.
NOTIC: [8] Undefined variable: arrn C:\wamp\www\yamatotp\App\Lib\Action\Admin\IndexAction.class.php 第 117 行.
INFO: [ view_parse ] --START--
NOTIC: [2] file_get_contents(./App/Tpl/Public/include/include_head.php.html): failed to open stream: No such file or directory C:\wamp\www\yamatotp\ThinkPHP\Lib\Template\ThinkTemplate.class.php 第 695 行.
INFO: ParseTemplate Behavior ::run [ RunTime:0.038173s ]
INFO: [ view_parse ] --END-- [ RunTime:0.038281s ]
INFO: [ view_filter ] --START--
INFO: ContentReplace Behavior ::run [ RunTime:0.003257s ]
INFO: TokenBuild Behavior ::run [ RunTime:0.004840s ]
INFO: WriteHtmlCache Behavior ::run [ RunTime:0.003032s ]
INFO: ShowRuntime Behavior ::run [ RunTime:0.002697s ]
INFO: [ view_filter ] --END-- [ RunTime:0.014107s ]
INFO: [ view_end ] --START--
INFO: ShowPageTrace Behavior ::run [ RunTime:0.003580s ]
INFO: [ view_end ] --END-- [ RunTime:0.003712s ]

