[ 2014-08-22T15:19:00+09:00 ] 0.0.0.0 /yamatotp/index.php/Admin
INFO: [ route_check ] --START--
INFO: CheckRoute Behavior ::run [ RunTime:0.003755s ]
INFO: [ route_check ] --END-- [ RunTime:0.003887s ]
INFO: [ app_begin ] --START--
INFO: ReadHtmlCache Behavior ::run [ RunTime:0.003433s ]
INFO: [ app_begin ] --END-- [ RunTime:0.003554s ]
SQL: SHOW COLUMNS FROM `ys_s` [ RunTime:0.005435s ]
SQL: SELECT * FROM `ys_s`  [ RunTime:0.000339s ]
SQL: SHOW COLUMNS FROM `ys_q` [ RunTime:0.004740s ]
SQL: SELECT * FROM `ys_q` WHERE ( del=0 and answer!='none' )  [ RunTime:0.000383s ]
SQL: SHOW COLUMNS FROM `ys_a` [ RunTime:0.004764s ]
SQL: SELECT * FROM `ys_a` WHERE ( del=0 )  [ RunTime:0.000372s ]
SQL: SHOW COLUMNS FROM `ys_t` [ RunTime:0.004085s ]
SQL: SELECT * FROM `ys_t` WHERE ( del=0 )  [ RunTime:0.000350s ]
SQL: SELECT * FROM `ys_a` WHERE ( target='T_1' and del=0 ) LIMIT 1   [ RunTime:0.000338s ]
SQL: SELECT * FROM `ys_a` WHERE ( target='T_2' and del=0 ) LIMIT 1   [ RunTime:0.000318s ]
SQL: SELECT * FROM `ys_a` WHERE ( target='T_3' and del=0 ) LIMIT 1   [ RunTime:0.000234s ]
SQL: SELECT * FROM `ys_a` WHERE ( target='T_6' and del=0 ) LIMIT 1   [ RunTime:0.000219s ]
SQL: SELECT * FROM `ys_t` WHERE ( id=6 ) LIMIT 1   [ RunTime:0.000223s ]
SQL: SELECT * FROM `ys_a` WHERE ( target='T_7' and del=0 ) LIMIT 1   [ RunTime:0.000221s ]
SQL: SELECT * FROM `ys_t` WHERE ( id=7 ) LIMIT 1   [ RunTime:0.000202s ]
SQL: SELECT * FROM `ys_a` WHERE ( target='T_8' and del=0 ) LIMIT 1   [ RunTime:0.000212s ]
SQL: SELECT * FROM `ys_t` WHERE ( id=8 ) LIMIT 1   [ RunTime:0.000196s ]
SQL: SELECT * FROM `ys_a` WHERE ( target='T_9' and del=0 ) LIMIT 1   [ RunTime:0.000211s ]
SQL: SELECT * FROM `ys_t` WHERE ( id=9 ) LIMIT 1   [ RunTime:0.000195s ]
SQL: SELECT * FROM `ys_q` WHERE ( del=0 and answer='none' )  [ RunTime:0.000288s ]
SQL: SELECT * FROM `ys_a` WHERE ( del=0 and target='Q_12' )  [ RunTime:0.000222s ]
SQL: SELECT * FROM `ys_a` WHERE ( del=0 and target='Q_13' )  [ RunTime:0.000213s ]
SQL: SELECT * FROM `ys_q` WHERE ( del=0 and answer!='none' )  [ RunTime:0.000218s ]
SQL: SELECT * FROM `ys_a` WHERE ( del=0 )  [ RunTime:0.000251s ]
SQL: SELECT * FROM `ys_q` WHERE ( del=0 and answer='none' )  [ RunTime:0.000194s ]
NOTIC: [8] Undefined variable: arrn C:\wamp\www\yamatotp\App\Lib\Action\Admin\IndexAction.class.php 第 112 行.
NOTIC: [8] Undefined variable: arrn C:\wamp\www\yamatotp\App\Lib\Action\Admin\IndexAction.class.php 第 112 行.
INFO: [ view_parse ] --START--
NOTIC: [2] file_get_contents(./App/Tpl/Public/include/include_head.php.html): failed to open stream: No such file or directory C:\wamp\www\yamatotp\ThinkPHP\Lib\Template\ThinkTemplate.class.php 第 695 行.
INFO: ParseTemplate Behavior ::run [ RunTime:0.035993s ]
INFO: [ view_parse ] --END-- [ RunTime:0.036146s ]
INFO: [ view_filter ] --START--
INFO: ContentReplace Behavior ::run [ RunTime:0.004218s ]
INFO: TokenBuild Behavior ::run [ RunTime:0.007873s ]
INFO: WriteHtmlCache Behavior ::run [ RunTime:0.003291s ]
INFO: ShowRuntime Behavior ::run [ RunTime:0.003305s ]
INFO: [ view_filter ] --END-- [ RunTime:0.019062s ]
INFO: [ view_end ] --START--
INFO: ShowPageTrace Behavior ::run [ RunTime:0.001935s ]
INFO: [ view_end ] --END-- [ RunTime:0.002038s ]

[ 2014-08-22T15:22:01+09:00 ] 0.0.0.0 /yamatotp/
INFO: [ app_begin ] --START--
INFO: ReadHtmlCache Behavior ::run [ RunTime:0.001004s ]
INFO: [ app_begin ] --END-- [ RunTime:0.001136s ]
SQL: SHOW COLUMNS FROM `ys_s` [ RunTime:0.006760s ]
SQL: SELECT * FROM `ys_s` WHERE ( id=1 ) LIMIT 1   [ RunTime:0.000855s ]
SQL: SHOW COLUMNS FROM `ys_q` [ RunTime:0.006689s ]
SQL: SELECT * FROM `ys_q` WHERE ( id=1 ) LIMIT 1   [ RunTime:0.000380s ]
SQL: SHOW COLUMNS FROM `ys_a` [ RunTime:0.004177s ]
SQL: SELECT * FROM `ys_a` WHERE ( qid=1 )  [ RunTime:0.000384s ]
INFO: [ view_parse ] --START--
NOTIC: [2] file_get_contents(./App/Tpl/Public/include/include_head.php.html): failed to open stream: No such file or directory C:\wamp\www\yamatotp\ThinkPHP\Lib\Template\ThinkTemplate.class.php 第 695 行.
NOTIC: [2] file_get_contents(./App/Tpl/Public/include/test.php.html): failed to open stream: No such file or directory C:\wamp\www\yamatotp\ThinkPHP\Lib\Template\ThinkTemplate.class.php 第 695 行.
INFO: ParseTemplate Behavior ::run [ RunTime:0.018996s ]
INFO: [ view_parse ] --END-- [ RunTime:0.019149s ]
INFO: [ view_filter ] --START--
INFO: ContentReplace Behavior ::run [ RunTime:0.001134s ]
INFO: TokenBuild Behavior ::run [ RunTime:0.001278s ]
INFO: WriteHtmlCache Behavior ::run [ RunTime:0.000867s ]
INFO: ShowRuntime Behavior ::run [ RunTime:0.000868s ]
INFO: [ view_filter ] --END-- [ RunTime:0.004472s ]
INFO: [ view_end ] --START--
INFO: ShowPageTrace Behavior ::run [ RunTime:0.000952s ]
INFO: [ view_end ] --END-- [ RunTime:0.001030s ]

[ 2014-08-22T15:22:08+09:00 ] 0.0.0.0 /yamatotp/index.php/Admin
INFO: [ route_check ] --START--
INFO: CheckRoute Behavior ::run [ RunTime:0.001395s ]
INFO: [ route_check ] --END-- [ RunTime:0.001547s ]
INFO: [ app_begin ] --START--
INFO: ReadHtmlCache Behavior ::run [ RunTime:0.001403s ]
INFO: [ app_begin ] --END-- [ RunTime:0.001575s ]
SQL: SHOW COLUMNS FROM `ys_s` [ RunTime:0.006130s ]
SQL: SELECT * FROM `ys_s`  [ RunTime:0.000464s ]
SQL: SHOW COLUMNS FROM `ys_q` [ RunTime:0.007728s ]
SQL: SELECT * FROM `ys_q` WHERE ( del=0 and answer!='none' )  [ RunTime:0.001023s ]
SQL: SHOW COLUMNS FROM `ys_a` [ RunTime:0.008913s ]
SQL: SELECT * FROM `ys_a` WHERE ( del=0 )  [ RunTime:0.000470s ]
SQL: SHOW COLUMNS FROM `ys_t` [ RunTime:0.005333s ]
SQL: SELECT * FROM `ys_t` WHERE ( del=0 )  [ RunTime:0.000443s ]
SQL: SELECT * FROM `ys_a` WHERE ( target='T_1' and del=0 ) LIMIT 1   [ RunTime:0.000266s ]
SQL: SELECT * FROM `ys_a` WHERE ( target='T_2' and del=0 ) LIMIT 1   [ RunTime:0.000238s ]
SQL: SELECT * FROM `ys_a` WHERE ( target='T_3' and del=0 ) LIMIT 1   [ RunTime:0.000217s ]
SQL: SELECT * FROM `ys_a` WHERE ( target='T_6' and del=0 ) LIMIT 1   [ RunTime:0.000219s ]
SQL: SELECT * FROM `ys_t` WHERE ( id=6 ) LIMIT 1   [ RunTime:0.000202s ]
SQL: SELECT * FROM `ys_a` WHERE ( target='T_7' and del=0 ) LIMIT 1   [ RunTime:0.000236s ]
SQL: SELECT * FROM `ys_t` WHERE ( id=7 ) LIMIT 1   [ RunTime:0.000197s ]
SQL: SELECT * FROM `ys_a` WHERE ( target='T_8' and del=0 ) LIMIT 1   [ RunTime:0.000210s ]
SQL: SELECT * FROM `ys_t` WHERE ( id=8 ) LIMIT 1   [ RunTime:0.000191s ]
SQL: SELECT * FROM `ys_a` WHERE ( target='T_9' and del=0 ) LIMIT 1   [ RunTime:0.000210s ]
SQL: SELECT * FROM `ys_t` WHERE ( id=9 ) LIMIT 1   [ RunTime:0.000191s ]
SQL: SELECT * FROM `ys_q` WHERE ( del=0 and answer='none' )  [ RunTime:0.000209s ]
SQL: SELECT * FROM `ys_a` WHERE ( del=0 and target='Q_12' )  [ RunTime:0.000216s ]
SQL: SELECT * FROM `ys_a` WHERE ( del=0 and target='Q_13' )  [ RunTime:0.000208s ]
SQL: SELECT * FROM `ys_q` WHERE ( del=0 and answer!='none' )  [ RunTime:0.000215s ]
SQL: SELECT * FROM `ys_a` WHERE ( del=0 )  [ RunTime:0.000246s ]
SQL: SELECT * FROM `ys_q` WHERE ( del=0 and answer='none' )  [ RunTime:0.000189s ]
NOTIC: [8] Undefined variable: arrn C:\wamp\www\yamatotp\App\Lib\Action\Admin\IndexAction.class.php 第 112 行.
NOTIC: [8] Undefined variable: arrn C:\wamp\www\yamatotp\App\Lib\Action\Admin\IndexAction.class.php 第 112 行.
INFO: [ view_parse ] --START--
NOTIC: [2] file_get_contents(./App/Tpl/Public/include/include_head.php.html): failed to open stream: No such file or directory C:\wamp\www\yamatotp\ThinkPHP\Lib\Template\ThinkTemplate.class.php 第 695 行.
INFO: ParseTemplate Behavior ::run [ RunTime:0.016265s ]
INFO: [ view_parse ] --END-- [ RunTime:0.016384s ]
INFO: [ view_filter ] --START--
INFO: ContentReplace Behavior ::run [ RunTime:0.000932s ]
INFO: TokenBuild Behavior ::run [ RunTime:0.000729s ]
INFO: WriteHtmlCache Behavior ::run [ RunTime:0.000894s ]
INFO: ShowRuntime Behavior ::run [ RunTime:0.000891s ]
INFO: [ view_filter ] --END-- [ RunTime:0.003718s ]
INFO: [ view_end ] --START--
INFO: ShowPageTrace Behavior ::run [ RunTime:0.001066s ]
INFO: [ view_end ] --END-- [ RunTime:0.001218s ]

[ 2014-08-22T18:15:10+09:00 ] 0.0.0.0 /yamatotp/index.php/Admin
INFO: [ route_check ] --START--
INFO: CheckRoute Behavior ::run [ RunTime:0.001840s ]
INFO: [ route_check ] --END-- [ RunTime:0.001963s ]
INFO: [ app_begin ] --START--
INFO: ReadHtmlCache Behavior ::run [ RunTime:0.001995s ]
INFO: [ app_begin ] --END-- [ RunTime:0.002165s ]
SQL: SHOW COLUMNS FROM `ys_s` [ RunTime:0.004255s ]
SQL: SELECT * FROM `ys_s`  [ RunTime:0.000490s ]
SQL: SHOW COLUMNS FROM `ys_q` [ RunTime:0.005806s ]
SQL: SELECT * FROM `ys_q` WHERE ( del=0 and answer!='none' )  [ RunTime:0.000379s ]
SQL: SHOW COLUMNS FROM `ys_a` [ RunTime:0.004292s ]
SQL: SELECT * FROM `ys_a` WHERE ( del=0 )  [ RunTime:0.000395s ]
SQL: SHOW COLUMNS FROM `ys_t` [ RunTime:0.004424s ]
SQL: SELECT * FROM `ys_t` WHERE ( del=0 )  [ RunTime:0.000342s ]
SQL: SELECT * FROM `ys_a` WHERE ( target='T_1' and del=0 ) LIMIT 1   [ RunTime:0.000441s ]
SQL: SELECT * FROM `ys_a` WHERE ( target='T_2' and del=0 ) LIMIT 1   [ RunTime:0.000375s ]
SQL: SELECT * FROM `ys_a` WHERE ( target='T_3' and del=0 ) LIMIT 1   [ RunTime:0.000262s ]
SQL: SELECT * FROM `ys_a` WHERE ( target='T_6' and del=0 ) LIMIT 1   [ RunTime:0.000229s ]
SQL: SELECT * FROM `ys_t` WHERE ( id=6 ) LIMIT 1   [ RunTime:0.000208s ]
SQL: SELECT * FROM `ys_a` WHERE ( target='T_7' and del=0 ) LIMIT 1   [ RunTime:0.000227s ]
SQL: SELECT * FROM `ys_t` WHERE ( id=7 ) LIMIT 1   [ RunTime:0.000203s ]
SQL: SELECT * FROM `ys_a` WHERE ( target='T_8' and del=0 ) LIMIT 1   [ RunTime:0.000215s ]
SQL: SELECT * FROM `ys_t` WHERE ( id=8 ) LIMIT 1   [ RunTime:0.000216s ]
SQL: SELECT * FROM `ys_a` WHERE ( target='T_9' and del=0 ) LIMIT 1   [ RunTime:0.000240s ]
SQL: SELECT * FROM `ys_t` WHERE ( id=9 ) LIMIT 1   [ RunTime:0.000261s ]
SQL: SELECT * FROM `ys_q` WHERE ( del=0 and answer='none' )  [ RunTime:0.000390s ]
SQL: SELECT * FROM `ys_a` WHERE ( del=0 and target='Q_12' )  [ RunTime:0.000444s ]
SQL: SELECT * FROM `ys_a` WHERE ( del=0 and target='Q_13' )  [ RunTime:0.000460s ]
SQL: SELECT * FROM `ys_q` WHERE ( del=0 and answer!='none' )  [ RunTime:0.000458s ]
SQL: SELECT * FROM `ys_a` WHERE ( del=0 )  [ RunTime:0.000426s ]
SQL: SELECT * FROM `ys_q` WHERE ( del=0 and answer='none' )  [ RunTime:0.000361s ]
NOTIC: [8] Undefined variable: arrn C:\wamp\www\yamatotp\App\Lib\Action\Admin\IndexAction.class.php 第 112 行.
NOTIC: [8] Undefined variable: arrn C:\wamp\www\yamatotp\App\Lib\Action\Admin\IndexAction.class.php 第 112 行.
INFO: [ view_parse ] --START--
NOTIC: [2] file_get_contents(./App/Tpl/Public/include/include_head.php.html): failed to open stream: No such file or directory C:\wamp\www\yamatotp\ThinkPHP\Lib\Template\ThinkTemplate.class.php 第 695 行.
INFO: ParseTemplate Behavior ::run [ RunTime:0.024504s ]
INFO: [ view_parse ] --END-- [ RunTime:0.024624s ]
INFO: [ view_filter ] --START--
INFO: ContentReplace Behavior ::run [ RunTime:0.001762s ]
INFO: TokenBuild Behavior ::run [ RunTime:0.001618s ]
INFO: WriteHtmlCache Behavior ::run [ RunTime:0.001880s ]
INFO: ShowRuntime Behavior ::run [ RunTime:0.001973s ]
INFO: [ view_filter ] --END-- [ RunTime:0.007573s ]
INFO: [ view_end ] --START--
INFO: ShowPageTrace Behavior ::run [ RunTime:0.002302s ]
INFO: [ view_end ] --END-- [ RunTime:0.002431s ]

[ 2014-08-22T18:15:30+09:00 ] 0.0.0.0 /yamatotp/index.php/Admin
INFO: [ route_check ] --START--
INFO: CheckRoute Behavior ::run [ RunTime:0.001902s ]
INFO: [ route_check ] --END-- [ RunTime:0.002122s ]
INFO: [ app_begin ] --START--
INFO: ReadHtmlCache Behavior ::run [ RunTime:0.001717s ]
INFO: [ app_begin ] --END-- [ RunTime:0.001908s ]
SQL: SHOW COLUMNS FROM `ys_s` [ RunTime:0.005430s ]
SQL: SELECT * FROM `ys_s`  [ RunTime:0.000373s ]
SQL: SHOW COLUMNS FROM `ys_q` [ RunTime:0.004757s ]
SQL: SELECT * FROM `ys_q` WHERE ( del=0 and answer!='none' )  [ RunTime:0.000407s ]
SQL: SHOW COLUMNS FROM `ys_a` [ RunTime:0.006513s ]
SQL: SELECT * FROM `ys_a` WHERE ( del=0 )  [ RunTime:0.000546s ]
SQL: SHOW COLUMNS FROM `ys_t` [ RunTime:0.008176s ]
SQL: SELECT * FROM `ys_t` WHERE ( del=0 )  [ RunTime:0.000443s ]
SQL: SELECT * FROM `ys_a` WHERE ( target='T_1' and del=0 ) LIMIT 1   [ RunTime:0.000382s ]
SQL: SELECT * FROM `ys_a` WHERE ( target='T_2' and del=0 ) LIMIT 1   [ RunTime:0.000317s ]
SQL: SELECT * FROM `ys_a` WHERE ( target='T_3' and del=0 ) LIMIT 1   [ RunTime:0.000383s ]
SQL: SELECT * FROM `ys_a` WHERE ( target='T_6' and del=0 ) LIMIT 1   [ RunTime:0.000364s ]
SQL: SELECT * FROM `ys_t` WHERE ( id=6 ) LIMIT 1   [ RunTime:0.000264s ]
SQL: SELECT * FROM `ys_a` WHERE ( target='T_7' and del=0 ) LIMIT 1   [ RunTime:0.000253s ]
SQL: SELECT * FROM `ys_t` WHERE ( id=7 ) LIMIT 1   [ RunTime:0.000224s ]
SQL: SELECT * FROM `ys_a` WHERE ( target='T_8' and del=0 ) LIMIT 1   [ RunTime:0.000269s ]
SQL: SELECT * FROM `ys_t` WHERE ( id=8 ) LIMIT 1   [ RunTime:0.000218s ]
SQL: SELECT * FROM `ys_a` WHERE ( target='T_9' and del=0 ) LIMIT 1   [ RunTime:0.000240s ]
SQL: SELECT * FROM `ys_t` WHERE ( id=9 ) LIMIT 1   [ RunTime:0.000215s ]
SQL: SELECT * FROM `ys_q` WHERE ( del=0 and answer='none' )  [ RunTime:0.000269s ]
SQL: SELECT * FROM `ys_a` WHERE ( del=0 and target='Q_12' )  [ RunTime:0.000303s ]
SQL: SELECT * FROM `ys_a` WHERE ( del=0 and target='Q_13' )  [ RunTime:0.000251s ]
SQL: SELECT * FROM `ys_q` WHERE ( del=0 and answer!='none' )  [ RunTime:0.000260s ]
SQL: SELECT * FROM `ys_a` WHERE ( del=0 )  [ RunTime:0.000285s ]
SQL: SELECT * FROM `ys_q` WHERE ( del=0 and answer='none' )  [ RunTime:0.000221s ]
NOTIC: [8] Undefined variable: arrn C:\wamp\www\yamatotp\App\Lib\Action\Admin\IndexAction.class.php 第 112 行.
NOTIC: [8] Undefined variable: arrn C:\wamp\www\yamatotp\App\Lib\Action\Admin\IndexAction.class.php 第 112 行.
INFO: [ view_parse ] --START--
NOTIC: [2] file_get_contents(./App/Tpl/Public/include/include_head.php.html): failed to open stream: No such file or directory C:\wamp\www\yamatotp\ThinkPHP\Lib\Template\ThinkTemplate.class.php 第 695 行.
INFO: ParseTemplate Behavior ::run [ RunTime:0.018315s ]
INFO: [ view_parse ] --END-- [ RunTime:0.018424s ]
INFO: [ view_filter ] --START--
INFO: ContentReplace Behavior ::run [ RunTime:0.000973s ]
INFO: TokenBuild Behavior ::run [ RunTime:0.000751s ]
INFO: WriteHtmlCache Behavior ::run [ RunTime:0.000600s ]
INFO: ShowRuntime Behavior ::run [ RunTime:0.000805s ]
INFO: [ view_filter ] --END-- [ RunTime:0.003369s ]
INFO: [ view_end ] --START--
INFO: ShowPageTrace Behavior ::run [ RunTime:0.001000s ]
INFO: [ view_end ] --END-- [ RunTime:0.001099s ]

[ 2014-08-22T18:15:35+09:00 ] 0.0.0.0 /yamatotp/index.php/Admin
INFO: [ route_check ] --START--
INFO: CheckRoute Behavior ::run [ RunTime:0.001097s ]
INFO: [ route_check ] --END-- [ RunTime:0.001225s ]
INFO: [ app_begin ] --START--
INFO: ReadHtmlCache Behavior ::run [ RunTime:0.001049s ]
INFO: [ app_begin ] --END-- [ RunTime:0.001171s ]
SQL: SHOW COLUMNS FROM `ys_s` [ RunTime:0.006256s ]
SQL: SELECT * FROM `ys_s`  [ RunTime:0.000977s ]
SQL: SHOW COLUMNS FROM `ys_q` [ RunTime:0.007421s ]
SQL: SELECT * FROM `ys_q` WHERE ( del=0 and answer!='none' )  [ RunTime:0.000492s ]
SQL: SHOW COLUMNS FROM `ys_a` [ RunTime:0.007000s ]
SQL: SELECT * FROM `ys_a` WHERE ( del=0 )  [ RunTime:0.000592s ]
SQL: SHOW COLUMNS FROM `ys_t` [ RunTime:0.007155s ]
SQL: SELECT * FROM `ys_t` WHERE ( del=0 )  [ RunTime:0.000490s ]
SQL: SELECT * FROM `ys_a` WHERE ( target='T_1' and del=0 ) LIMIT 1   [ RunTime:0.000411s ]
SQL: SELECT * FROM `ys_a` WHERE ( target='T_2' and del=0 ) LIMIT 1   [ RunTime:0.000441s ]
SQL: SELECT * FROM `ys_a` WHERE ( target='T_3' and del=0 ) LIMIT 1   [ RunTime:0.000359s ]
SQL: SELECT * FROM `ys_a` WHERE ( target='T_6' and del=0 ) LIMIT 1   [ RunTime:0.000457s ]
SQL: SELECT * FROM `ys_t` WHERE ( id=6 ) LIMIT 1   [ RunTime:0.000359s ]
SQL: SELECT * FROM `ys_a` WHERE ( target='T_7' and del=0 ) LIMIT 1   [ RunTime:0.000396s ]
SQL: SELECT * FROM `ys_t` WHERE ( id=7 ) LIMIT 1   [ RunTime:0.000334s ]
SQL: SELECT * FROM `ys_a` WHERE ( target='T_8' and del=0 ) LIMIT 1   [ RunTime:0.000361s ]
SQL: SELECT * FROM `ys_t` WHERE ( id=8 ) LIMIT 1   [ RunTime:0.000318s ]
SQL: SELECT * FROM `ys_a` WHERE ( target='T_9' and del=0 ) LIMIT 1   [ RunTime:0.000366s ]
SQL: SELECT * FROM `ys_t` WHERE ( id=9 ) LIMIT 1   [ RunTime:0.000359s ]
SQL: SELECT * FROM `ys_q` WHERE ( del=0 and answer='none' )  [ RunTime:0.000401s ]
SQL: SELECT * FROM `ys_a` WHERE ( del=0 and target='Q_12' )  [ RunTime:0.000401s ]
SQL: SELECT * FROM `ys_a` WHERE ( del=0 and target='Q_13' )  [ RunTime:0.000390s ]
SQL: SELECT * FROM `ys_q` WHERE ( del=0 and answer!='none' )  [ RunTime:0.000407s ]
SQL: SELECT * FROM `ys_a` WHERE ( del=0 )  [ RunTime:0.000472s ]
SQL: SELECT * FROM `ys_q` WHERE ( del=0 and answer='none' )  [ RunTime:0.000455s ]
NOTIC: [8] Undefined variable: arrn C:\wamp\www\yamatotp\App\Lib\Action\Admin\IndexAction.class.php 第 112 行.
NOTIC: [8] Undefined variable: arrn C:\wamp\www\yamatotp\App\Lib\Action\Admin\IndexAction.class.php 第 112 行.
INFO: [ view_parse ] --START--
NOTIC: [2] file_get_contents(./App/Tpl/Public/include/include_head.php.html): failed to open stream: No such file or directory C:\wamp\www\yamatotp\ThinkPHP\Lib\Template\ThinkTemplate.class.php 第 695 行.
INFO: ParseTemplate Behavior ::run [ RunTime:0.022921s ]
INFO: [ view_parse ] --END-- [ RunTime:0.023089s ]
INFO: [ view_filter ] --START--
INFO: ContentReplace Behavior ::run [ RunTime:0.001350s ]
INFO: TokenBuild Behavior ::run [ RunTime:0.000996s ]
INFO: WriteHtmlCache Behavior ::run [ RunTime:0.000643s ]
INFO: ShowRuntime Behavior ::run [ RunTime:0.001084s ]
INFO: [ view_filter ] --END-- [ RunTime:0.004434s ]
INFO: [ view_end ] --START--
INFO: ShowPageTrace Behavior ::run [ RunTime:0.001005s ]
INFO: [ view_end ] --END-- [ RunTime:0.001104s ]

[ 2014-08-22T18:15:56+09:00 ] 0.0.0.0 /yamatotp/index.php/Admin
INFO: [ route_check ] --START--
INFO: CheckRoute Behavior ::run [ RunTime:0.002198s ]
INFO: [ route_check ] --END-- [ RunTime:0.002354s ]
INFO: [ app_begin ] --START--
INFO: ReadHtmlCache Behavior ::run [ RunTime:0.001575s ]
INFO: [ app_begin ] --END-- [ RunTime:0.001731s ]
SQL: SHOW COLUMNS FROM `ys_s` [ RunTime:0.004507s ]
SQL: SELECT * FROM `ys_s`  [ RunTime:0.000319s ]
SQL: SHOW COLUMNS FROM `ys_q` [ RunTime:0.004852s ]
SQL: SELECT * FROM `ys_q` WHERE ( del=0 and answer!='none' )  [ RunTime:0.000382s ]
SQL: SHOW COLUMNS FROM `ys_a` [ RunTime:0.005181s ]
SQL: SELECT * FROM `ys_a` WHERE ( del=0 )  [ RunTime:0.000556s ]
SQL: SHOW COLUMNS FROM `ys_t` [ RunTime:0.007766s ]
SQL: SELECT * FROM `ys_t` WHERE ( del=0 )  [ RunTime:0.000492s ]
SQL: SELECT * FROM `ys_a` WHERE ( target='T_1' and del=0 ) LIMIT 1   [ RunTime:0.000857s ]
SQL: SELECT * FROM `ys_a` WHERE ( target='T_2' and del=0 ) LIMIT 1   [ RunTime:0.000537s ]
SQL: SELECT * FROM `ys_a` WHERE ( target='T_3' and del=0 ) LIMIT 1   [ RunTime:0.000396s ]
SQL: SELECT * FROM `ys_a` WHERE ( target='T_6' and del=0 ) LIMIT 1   [ RunTime:0.000319s ]
SQL: SELECT * FROM `ys_t` WHERE ( id=6 ) LIMIT 1   [ RunTime:0.000237s ]
SQL: SELECT * FROM `ys_a` WHERE ( target='T_7' and del=0 ) LIMIT 1   [ RunTime:0.000224s ]
SQL: SELECT * FROM `ys_t` WHERE ( id=7 ) LIMIT 1   [ RunTime:0.000194s ]
SQL: SELECT * FROM `ys_a` WHERE ( target='T_8' and del=0 ) LIMIT 1   [ RunTime:0.000213s ]
SQL: SELECT * FROM `ys_t` WHERE ( id=8 ) LIMIT 1   [ RunTime:0.000191s ]
SQL: SELECT * FROM `ys_a` WHERE ( target='T_9' and del=0 ) LIMIT 1   [ RunTime:0.000351s ]
SQL: SELECT * FROM `ys_t` WHERE ( id=9 ) LIMIT 1   [ RunTime:0.000228s ]
SQL: SELECT * FROM `ys_q` WHERE ( del=0 and answer='none' )  [ RunTime:0.000239s ]
SQL: SELECT * FROM `ys_a` WHERE ( del=0 and target='Q_12' )  [ RunTime:0.000217s ]
SQL: SELECT * FROM `ys_a` WHERE ( del=0 and target='Q_13' )  [ RunTime:0.000214s ]
SQL: SELECT * FROM `ys_q` WHERE ( del=0 and answer!='none' )  [ RunTime:0.000225s ]
SQL: SELECT * FROM `ys_a` WHERE ( del=0 )  [ RunTime:0.000267s ]
SQL: SELECT * FROM `ys_q` WHERE ( del=0 and answer='none' )  [ RunTime:0.000195s ]
NOTIC: [8] Undefined variable: arrn C:\wamp\www\yamatotp\App\Lib\Action\Admin\IndexAction.class.php 第 112 行.
NOTIC: [8] Undefined variable: arrn C:\wamp\www\yamatotp\App\Lib\Action\Admin\IndexAction.class.php 第 112 行.
INFO: [ view_parse ] --START--
NOTIC: [2] file_get_contents(./App/Tpl/Public/include/include_head.php.html): failed to open stream: No such file or directory C:\wamp\www\yamatotp\ThinkPHP\Lib\Template\ThinkTemplate.class.php 第 695 行.
INFO: ParseTemplate Behavior ::run [ RunTime:0.017174s ]
INFO: [ view_parse ] --END-- [ RunTime:0.017290s ]
INFO: [ view_filter ] --START--
INFO: ContentReplace Behavior ::run [ RunTime:0.000938s ]
INFO: TokenBuild Behavior ::run [ RunTime:0.000753s ]
INFO: WriteHtmlCache Behavior ::run [ RunTime:0.000601s ]
INFO: ShowRuntime Behavior ::run [ RunTime:0.000806s ]
INFO: [ view_filter ] --END-- [ RunTime:0.003339s ]
INFO: [ view_end ] --START--
INFO: ShowPageTrace Behavior ::run [ RunTime:0.000959s ]
INFO: [ view_end ] --END-- [ RunTime:0.001072s ]

[ 2014-08-22T18:16:07+09:00 ] 0.0.0.0 /yamatotp/index.php/Admin
INFO: [ route_check ] --START--
INFO: CheckRoute Behavior ::run [ RunTime:0.001388s ]
INFO: [ route_check ] --END-- [ RunTime:0.001544s ]
INFO: [ app_begin ] --START--
INFO: ReadHtmlCache Behavior ::run [ RunTime:0.001092s ]
INFO: [ app_begin ] --END-- [ RunTime:0.001229s ]
SQL: SHOW COLUMNS FROM `ys_s` [ RunTime:0.006453s ]
SQL: SELECT * FROM `ys_s`  [ RunTime:0.000502s ]
SQL: SHOW COLUMNS FROM `ys_q` [ RunTime:0.005050s ]
SQL: SELECT * FROM `ys_q` WHERE ( del=0 and answer!='none' )  [ RunTime:0.000485s ]
SQL: SHOW COLUMNS FROM `ys_a` [ RunTime:0.007089s ]
SQL: SELECT * FROM `ys_a` WHERE ( del=0 )  [ RunTime:0.001128s ]
SQL: SHOW COLUMNS FROM `ys_t` [ RunTime:0.008074s ]
SQL: SELECT * FROM `ys_t` WHERE ( del=0 )  [ RunTime:0.000569s ]
SQL: SELECT * FROM `ys_a` WHERE ( target='T_1' and del=0 ) LIMIT 1   [ RunTime:0.000378s ]
SQL: SELECT * FROM `ys_a` WHERE ( target='T_2' and del=0 ) LIMIT 1   [ RunTime:0.000357s ]
SQL: SELECT * FROM `ys_a` WHERE ( target='T_3' and del=0 ) LIMIT 1   [ RunTime:0.000349s ]
SQL: SELECT * FROM `ys_a` WHERE ( target='T_6' and del=0 ) LIMIT 1   [ RunTime:0.000349s ]
SQL: SELECT * FROM `ys_t` WHERE ( id=6 ) LIMIT 1   [ RunTime:0.000325s ]
SQL: SELECT * FROM `ys_a` WHERE ( target='T_7' and del=0 ) LIMIT 1   [ RunTime:0.000844s ]
SQL: SELECT * FROM `ys_t` WHERE ( id=7 ) LIMIT 1   [ RunTime:0.000451s ]
SQL: SELECT * FROM `ys_a` WHERE ( target='T_8' and del=0 ) LIMIT 1   [ RunTime:0.000359s ]
SQL: SELECT * FROM `ys_t` WHERE ( id=8 ) LIMIT 1   [ RunTime:0.000327s ]
SQL: SELECT * FROM `ys_a` WHERE ( target='T_9' and del=0 ) LIMIT 1   [ RunTime:0.000352s ]
SQL: SELECT * FROM `ys_t` WHERE ( id=9 ) LIMIT 1   [ RunTime:0.000315s ]
SQL: SELECT * FROM `ys_q` WHERE ( del=0 and answer='none' )  [ RunTime:0.000339s ]
SQL: SELECT * FROM `ys_a` WHERE ( del=0 and target='Q_12' )  [ RunTime:0.000467s ]
SQL: SELECT * FROM `ys_a` WHERE ( del=0 and target='Q_13' )  [ RunTime:0.000349s ]
SQL: SELECT * FROM `ys_q` WHERE ( del=0 and answer!='none' )  [ RunTime:0.000363s ]
SQL: SELECT * FROM `ys_a` WHERE ( del=0 )  [ RunTime:0.000390s ]
SQL: SELECT * FROM `ys_q` WHERE ( del=0 and answer='none' )  [ RunTime:0.000324s ]
NOTIC: [8] Undefined variable: arrn C:\wamp\www\yamatotp\App\Lib\Action\Admin\IndexAction.class.php 第 112 行.
NOTIC: [8] Undefined variable: arrn C:\wamp\www\yamatotp\App\Lib\Action\Admin\IndexAction.class.php 第 112 行.
INFO: [ view_parse ] --START--
NOTIC: [2] file_get_contents(./App/Tpl/Public/include/include_head.php.html): failed to open stream: No such file or directory C:\wamp\www\yamatotp\ThinkPHP\Lib\Template\ThinkTemplate.class.php 第 695 行.
INFO: ParseTemplate Behavior ::run [ RunTime:0.021164s ]
INFO: [ view_parse ] --END-- [ RunTime:0.021318s ]
INFO: [ view_filter ] --START--
INFO: ContentReplace Behavior ::run [ RunTime:0.001227s ]
INFO: TokenBuild Behavior ::run [ RunTime:0.001176s ]
INFO: WriteHtmlCache Behavior ::run [ RunTime:0.001011s ]
INFO: ShowRuntime Behavior ::run [ RunTime:0.001586s ]
INFO: [ view_filter ] --END-- [ RunTime:0.005511s ]
INFO: [ view_end ] --START--
INFO: ShowPageTrace Behavior ::run [ RunTime:0.001898s ]
INFO: [ view_end ] --END-- [ RunTime:0.002072s ]

[ 2014-08-22T18:16:13+09:00 ] 0.0.0.0 /yamatotp/index.php/Admin
INFO: [ route_check ] --START--
INFO: CheckRoute Behavior ::run [ RunTime:0.001893s ]
INFO: [ route_check ] --END-- [ RunTime:0.002018s ]
INFO: [ app_begin ] --START--
INFO: ReadHtmlCache Behavior ::run [ RunTime:0.001024s ]
INFO: [ app_begin ] --END-- [ RunTime:0.001137s ]
SQL: SHOW COLUMNS FROM `ys_s` [ RunTime:0.004865s ]
SQL: SELECT * FROM `ys_s`  [ RunTime:0.000318s ]
SQL: SHOW COLUMNS FROM `ys_q` [ RunTime:0.004058s ]
SQL: SELECT * FROM `ys_q` WHERE ( del=0 and answer!='none' )  [ RunTime:0.000371s ]
SQL: SHOW COLUMNS FROM `ys_a` [ RunTime:0.004752s ]
SQL: SELECT * FROM `ys_a` WHERE ( del=0 )  [ RunTime:0.000365s ]
SQL: SHOW COLUMNS FROM `ys_t` [ RunTime:0.004301s ]
SQL: SELECT * FROM `ys_t` WHERE ( del=0 )  [ RunTime:0.000358s ]
SQL: SELECT * FROM `ys_a` WHERE ( target='T_1' and del=0 ) LIMIT 1   [ RunTime:0.000237s ]
SQL: SELECT * FROM `ys_a` WHERE ( target='T_2' and del=0 ) LIMIT 1   [ RunTime:0.000217s ]
SQL: SELECT * FROM `ys_a` WHERE ( target='T_3' and del=0 ) LIMIT 1   [ RunTime:0.000216s ]
SQL: SELECT * FROM `ys_a` WHERE ( target='T_6' and del=0 ) LIMIT 1   [ RunTime:0.000214s ]
SQL: SELECT * FROM `ys_t` WHERE ( id=6 ) LIMIT 1   [ RunTime:0.000207s ]
SQL: SELECT * FROM `ys_a` WHERE ( target='T_7' and del=0 ) LIMIT 1   [ RunTime:0.000209s ]
SQL: SELECT * FROM `ys_t` WHERE ( id=7 ) LIMIT 1   [ RunTime:0.000188s ]
SQL: SELECT * FROM `ys_a` WHERE ( target='T_8' and del=0 ) LIMIT 1   [ RunTime:0.000207s ]
SQL: SELECT * FROM `ys_t` WHERE ( id=8 ) LIMIT 1   [ RunTime:0.000186s ]
SQL: SELECT * FROM `ys_a` WHERE ( target='T_9' and del=0 ) LIMIT 1   [ RunTime:0.000226s ]
SQL: SELECT * FROM `ys_t` WHERE ( id=9 ) LIMIT 1   [ RunTime:0.000223s ]
SQL: SELECT * FROM `ys_q` WHERE ( del=0 and answer='none' )  [ RunTime:0.000216s ]
SQL: SELECT * FROM `ys_a` WHERE ( del=0 and target='Q_12' )  [ RunTime:0.000211s ]
SQL: SELECT * FROM `ys_a` WHERE ( del=0 and target='Q_13' )  [ RunTime:0.000204s ]
SQL: SELECT * FROM `ys_q` WHERE ( del=0 and answer!='none' )  [ RunTime:0.000218s ]
SQL: SELECT * FROM `ys_a` WHERE ( del=0 )  [ RunTime:0.000238s ]
SQL: SELECT * FROM `ys_q` WHERE ( del=0 and answer='none' )  [ RunTime:0.000190s ]
NOTIC: [8] Undefined variable: arrn C:\wamp\www\yamatotp\App\Lib\Action\Admin\IndexAction.class.php 第 112 行.
NOTIC: [8] Undefined variable: arrn C:\wamp\www\yamatotp\App\Lib\Action\Admin\IndexAction.class.php 第 112 行.
INFO: [ view_parse ] --START--
NOTIC: [2] file_get_contents(./App/Tpl/Public/include/include_head.php.html): failed to open stream: No such file or directory C:\wamp\www\yamatotp\ThinkPHP\Lib\Template\ThinkTemplate.class.php 第 695 行.
INFO: ParseTemplate Behavior ::run [ RunTime:0.016017s ]
INFO: [ view_parse ] --END-- [ RunTime:0.016116s ]
INFO: [ view_filter ] --START--
INFO: ContentReplace Behavior ::run [ RunTime:0.001046s ]
INFO: TokenBuild Behavior ::run [ RunTime:0.000724s ]
INFO: WriteHtmlCache Behavior ::run [ RunTime:0.000707s ]
INFO: ShowRuntime Behavior ::run [ RunTime:0.000923s ]
INFO: [ view_filter ] --END-- [ RunTime:0.003642s ]
INFO: [ view_end ] --START--
INFO: ShowPageTrace Behavior ::run [ RunTime:0.001084s ]
INFO: [ view_end ] --END-- [ RunTime:0.001172s ]

[ 2014-08-22T18:16:35+09:00 ] 0.0.0.0 /yamatotp/index.php/Admin
INFO: [ route_check ] --START--
INFO: CheckRoute Behavior ::run [ RunTime:0.001452s ]
INFO: [ route_check ] --END-- [ RunTime:0.001599s ]
INFO: [ app_begin ] --START--
INFO: ReadHtmlCache Behavior ::run [ RunTime:0.002072s ]
INFO: [ app_begin ] --END-- [ RunTime:0.002279s ]
SQL: SHOW COLUMNS FROM `ys_s` [ RunTime:0.004713s ]
SQL: SELECT * FROM `ys_s`  [ RunTime:0.000396s ]
SQL: SHOW COLUMNS FROM `ys_q` [ RunTime:0.004790s ]
SQL: SELECT * FROM `ys_q` WHERE ( del=0 and answer!='none' )  [ RunTime:0.000409s ]
SQL: SHOW COLUMNS FROM `ys_a` [ RunTime:0.004811s ]
SQL: SELECT * FROM `ys_a` WHERE ( del=0 )  [ RunTime:0.000425s ]
SQL: SHOW COLUMNS FROM `ys_t` [ RunTime:0.004855s ]
SQL: SELECT * FROM `ys_t` WHERE ( del=0 )  [ RunTime:0.000526s ]
SQL: SELECT * FROM `ys_a` WHERE ( target='T_1' and del=0 ) LIMIT 1   [ RunTime:0.000768s ]
SQL: SELECT * FROM `ys_a` WHERE ( target='T_2' and del=0 ) LIMIT 1   [ RunTime:0.000672s ]
SQL: SELECT * FROM `ys_a` WHERE ( target='T_3' and del=0 ) LIMIT 1   [ RunTime:0.000404s ]
SQL: SELECT * FROM `ys_a` WHERE ( target='T_6' and del=0 ) LIMIT 1   [ RunTime:0.000402s ]
SQL: SELECT * FROM `ys_t` WHERE ( id=6 ) LIMIT 1   [ RunTime:0.000370s ]
SQL: SELECT * FROM `ys_a` WHERE ( target='T_7' and del=0 ) LIMIT 1   [ RunTime:0.000347s ]
SQL: SELECT * FROM `ys_t` WHERE ( id=7 ) LIMIT 1   [ RunTime:0.000305s ]
SQL: SELECT * FROM `ys_a` WHERE ( target='T_8' and del=0 ) LIMIT 1   [ RunTime:0.000556s ]
SQL: SELECT * FROM `ys_t` WHERE ( id=8 ) LIMIT 1   [ RunTime:0.000871s ]
SQL: SELECT * FROM `ys_a` WHERE ( target='T_9' and del=0 ) LIMIT 1   [ RunTime:0.000817s ]
SQL: SELECT * FROM `ys_t` WHERE ( id=9 ) LIMIT 1   [ RunTime:0.000526s ]
SQL: SELECT * FROM `ys_q` WHERE ( del=0 and answer='none' )  [ RunTime:0.000903s ]
SQL: SELECT * FROM `ys_a` WHERE ( del=0 and target='Q_12' )  [ RunTime:0.000540s ]
SQL: SELECT * FROM `ys_a` WHERE ( del=0 and target='Q_13' )  [ RunTime:0.000344s ]
SQL: SELECT * FROM `ys_q` WHERE ( del=0 and answer!='none' )  [ RunTime:0.000239s ]
SQL: SELECT * FROM `ys_a` WHERE ( del=0 )  [ RunTime:0.000256s ]
SQL: SELECT * FROM `ys_q` WHERE ( del=0 and answer='none' )  [ RunTime:0.000196s ]
NOTIC: [8] Undefined variable: arrn C:\wamp\www\yamatotp\App\Lib\Action\Admin\IndexAction.class.php 第 112 行.
NOTIC: [8] Undefined variable: arrn C:\wamp\www\yamatotp\App\Lib\Action\Admin\IndexAction.class.php 第 112 行.
INFO: [ view_parse ] --START--
NOTIC: [2] file_get_contents(./App/Tpl/Public/include/include_head.php.html): failed to open stream: No such file or directory C:\wamp\www\yamatotp\ThinkPHP\Lib\Template\ThinkTemplate.class.php 第 695 行.
INFO: ParseTemplate Behavior ::run [ RunTime:0.017816s ]
INFO: [ view_parse ] --END-- [ RunTime:0.017917s ]
INFO: [ view_filter ] --START--
INFO: ContentReplace Behavior ::run [ RunTime:0.001127s ]
INFO: TokenBuild Behavior ::run [ RunTime:0.001005s ]
INFO: WriteHtmlCache Behavior ::run [ RunTime:0.000839s ]
INFO: ShowRuntime Behavior ::run [ RunTime:0.001009s ]
INFO: [ view_filter ] --END-- [ RunTime:0.004303s ]
INFO: [ view_end ] --START--
INFO: ShowPageTrace Behavior ::run [ RunTime:0.000979s ]
INFO: [ view_end ] --END-- [ RunTime:0.001066s ]

[ 2014-08-22T18:16:52+09:00 ] 0.0.0.0 /yamatotp/index.php/Admin
INFO: [ route_check ] --START--
INFO: CheckRoute Behavior ::run [ RunTime:0.001587s ]
INFO: [ route_check ] --END-- [ RunTime:0.001808s ]
INFO: [ app_begin ] --START--
INFO: ReadHtmlCache Behavior ::run [ RunTime:0.001667s ]
INFO: [ app_begin ] --END-- [ RunTime:0.001846s ]
SQL: SHOW COLUMNS FROM `ys_s` [ RunTime:0.006472s ]
SQL: SELECT * FROM `ys_s`  [ RunTime:0.000772s ]
SQL: SHOW COLUMNS FROM `ys_q` [ RunTime:0.007161s ]
SQL: SELECT * FROM `ys_q` WHERE ( del=0 and answer!='none' )  [ RunTime:0.000393s ]
SQL: SHOW COLUMNS FROM `ys_a` [ RunTime:0.004358s ]
SQL: SELECT * FROM `ys_a` WHERE ( del=0 )  [ RunTime:0.000368s ]
SQL: SHOW COLUMNS FROM `ys_t` [ RunTime:0.004157s ]
SQL: SELECT * FROM `ys_t` WHERE ( del=0 )  [ RunTime:0.000433s ]
SQL: SELECT * FROM `ys_a` WHERE ( target='T_1' and del=0 ) LIMIT 1   [ RunTime:0.000368s ]
SQL: SELECT * FROM `ys_a` WHERE ( target='T_2' and del=0 ) LIMIT 1   [ RunTime:0.000331s ]
SQL: SELECT * FROM `ys_a` WHERE ( target='T_3' and del=0 ) LIMIT 1   [ RunTime:0.000430s ]
SQL: SELECT * FROM `ys_a` WHERE ( target='T_6' and del=0 ) LIMIT 1   [ RunTime:0.000355s ]
SQL: SELECT * FROM `ys_t` WHERE ( id=6 ) LIMIT 1   [ RunTime:0.000388s ]
SQL: SELECT * FROM `ys_a` WHERE ( target='T_7' and del=0 ) LIMIT 1   [ RunTime:0.000327s ]
SQL: SELECT * FROM `ys_t` WHERE ( id=7 ) LIMIT 1   [ RunTime:0.000375s ]
SQL: SELECT * FROM `ys_a` WHERE ( target='T_8' and del=0 ) LIMIT 1   [ RunTime:0.000835s ]
SQL: SELECT * FROM `ys_t` WHERE ( id=8 ) LIMIT 1   [ RunTime:0.000805s ]
SQL: SELECT * FROM `ys_a` WHERE ( target='T_9' and del=0 ) LIMIT 1   [ RunTime:0.000503s ]
SQL: SELECT * FROM `ys_t` WHERE ( id=9 ) LIMIT 1   [ RunTime:0.000858s ]
SQL: SELECT * FROM `ys_q` WHERE ( del=0 and answer='none' )  [ RunTime:0.000558s ]
SQL: SELECT * FROM `ys_a` WHERE ( del=0 and target='Q_12' )  [ RunTime:0.000366s ]
SQL: SELECT * FROM `ys_a` WHERE ( del=0 and target='Q_13' )  [ RunTime:0.000328s ]
SQL: SELECT * FROM `ys_q` WHERE ( del=0 and answer!='none' )  [ RunTime:0.000465s ]
SQL: SELECT * FROM `ys_a` WHERE ( del=0 )  [ RunTime:0.000509s ]
SQL: SELECT * FROM `ys_q` WHERE ( del=0 and answer='none' )  [ RunTime:0.000335s ]
NOTIC: [8] Undefined variable: arrn C:\wamp\www\yamatotp\App\Lib\Action\Admin\IndexAction.class.php 第 112 行.
NOTIC: [8] Undefined variable: arrn C:\wamp\www\yamatotp\App\Lib\Action\Admin\IndexAction.class.php 第 112 行.
INFO: [ view_parse ] --START--
NOTIC: [2] file_get_contents(./App/Tpl/Public/include/include_head.php.html): failed to open stream: No such file or directory C:\wamp\www\yamatotp\ThinkPHP\Lib\Template\ThinkTemplate.class.php 第 695 行.
INFO: ParseTemplate Behavior ::run [ RunTime:0.017543s ]
INFO: [ view_parse ] --END-- [ RunTime:0.017667s ]
INFO: [ view_filter ] --START--
INFO: ContentReplace Behavior ::run [ RunTime:0.001022s ]
INFO: TokenBuild Behavior ::run [ RunTime:0.000791s ]
INFO: WriteHtmlCache Behavior ::run [ RunTime:0.000612s ]
INFO: ShowRuntime Behavior ::run [ RunTime:0.000798s ]
INFO: [ view_filter ] --END-- [ RunTime:0.003473s ]
INFO: [ view_end ] --START--
INFO: ShowPageTrace Behavior ::run [ RunTime:0.000837s ]
INFO: [ view_end ] --END-- [ RunTime:0.000922s ]

[ 2014-08-22T18:17:18+09:00 ] 0.0.0.0 /yamatotp/index.php/Admin
INFO: [ route_check ] --START--
INFO: CheckRoute Behavior ::run [ RunTime:0.001702s ]
INFO: [ route_check ] --END-- [ RunTime:0.001890s ]
INFO: [ app_begin ] --START--
INFO: ReadHtmlCache Behavior ::run [ RunTime:0.000916s ]
INFO: [ app_begin ] --END-- [ RunTime:0.001014s ]
SQL: SHOW COLUMNS FROM `ys_s` [ RunTime:0.006170s ]
SQL: SELECT * FROM `ys_s`  [ RunTime:0.000635s ]
SQL: SHOW COLUMNS FROM `ys_q` [ RunTime:0.007064s ]
SQL: SELECT * FROM `ys_q` WHERE ( del=0 and answer!='none' )  [ RunTime:0.000877s ]
SQL: SHOW COLUMNS FROM `ys_a` [ RunTime:0.005260s ]
SQL: SELECT * FROM `ys_a` WHERE ( del=0 )  [ RunTime:0.000365s ]
SQL: SHOW COLUMNS FROM `ys_t` [ RunTime:0.004652s ]
SQL: SELECT * FROM `ys_t` WHERE ( del=0 )  [ RunTime:0.000343s ]
SQL: SELECT * FROM `ys_a` WHERE ( target='T_1' and del=0 ) LIMIT 1   [ RunTime:0.000239s ]
SQL: SELECT * FROM `ys_a` WHERE ( target='T_2' and del=0 ) LIMIT 1   [ RunTime:0.000225s ]
SQL: SELECT * FROM `ys_a` WHERE ( target='T_3' and del=0 ) LIMIT 1   [ RunTime:0.000211s ]
SQL: SELECT * FROM `ys_a` WHERE ( target='T_6' and del=0 ) LIMIT 1   [ RunTime:0.000230s ]
SQL: SELECT * FROM `ys_t` WHERE ( id=6 ) LIMIT 1   [ RunTime:0.000201s ]
SQL: SELECT * FROM `ys_a` WHERE ( target='T_7' and del=0 ) LIMIT 1   [ RunTime:0.000205s ]
SQL: SELECT * FROM `ys_t` WHERE ( id=7 ) LIMIT 1   [ RunTime:0.000358s ]
SQL: SELECT * FROM `ys_a` WHERE ( target='T_8' and del=0 ) LIMIT 1   [ RunTime:0.000452s ]
SQL: SELECT * FROM `ys_t` WHERE ( id=8 ) LIMIT 1   [ RunTime:0.000696s ]
SQL: SELECT * FROM `ys_a` WHERE ( target='T_9' and del=0 ) LIMIT 1   [ RunTime:0.000468s ]
SQL: SELECT * FROM `ys_t` WHERE ( id=9 ) LIMIT 1   [ RunTime:0.000204s ]
SQL: SELECT * FROM `ys_q` WHERE ( del=0 and answer='none' )  [ RunTime:0.000219s ]
SQL: SELECT * FROM `ys_a` WHERE ( del=0 and target='Q_12' )  [ RunTime:0.000212s ]
SQL: SELECT * FROM `ys_a` WHERE ( del=0 and target='Q_13' )  [ RunTime:0.000204s ]
SQL: SELECT * FROM `ys_q` WHERE ( del=0 and answer!='none' )  [ RunTime:0.000259s ]
SQL: SELECT * FROM `ys_a` WHERE ( del=0 )  [ RunTime:0.000284s ]
SQL: SELECT * FROM `ys_q` WHERE ( del=0 and answer='none' )  [ RunTime:0.000268s ]
NOTIC: [8] Undefined variable: arrn C:\wamp\www\yamatotp\App\Lib\Action\Admin\IndexAction.class.php 第 112 行.
NOTIC: [8] Undefined variable: arrn C:\wamp\www\yamatotp\App\Lib\Action\Admin\IndexAction.class.php 第 112 行.
INFO: [ view_parse ] --START--
NOTIC: [2] file_get_contents(./App/Tpl/Public/include/include_head.php.html): failed to open stream: No such file or directory C:\wamp\www\yamatotp\ThinkPHP\Lib\Template\ThinkTemplate.class.php 第 695 行.
INFO: ParseTemplate Behavior ::run [ RunTime:0.015781s ]
INFO: [ view_parse ] --END-- [ RunTime:0.015880s ]
INFO: [ view_filter ] --START--
INFO: ContentReplace Behavior ::run [ RunTime:0.000905s ]
INFO: TokenBuild Behavior ::run [ RunTime:0.000716s ]
INFO: WriteHtmlCache Behavior ::run [ RunTime:0.000592s ]
INFO: ShowRuntime Behavior ::run [ RunTime:0.000921s ]
INFO: [ view_filter ] --END-- [ RunTime:0.003360s ]
INFO: [ view_end ] --START--
INFO: ShowPageTrace Behavior ::run [ RunTime:0.001088s ]
INFO: [ view_end ] --END-- [ RunTime:0.001180s ]

[ 2014-08-22T18:21:10+09:00 ] 0.0.0.0 /yamatotp/index.php/Admin
INFO: [ route_check ] --START--
INFO: CheckRoute Behavior ::run [ RunTime:0.001251s ]
INFO: [ route_check ] --END-- [ RunTime:0.001391s ]
INFO: [ app_begin ] --START--
INFO: ReadHtmlCache Behavior ::run [ RunTime:0.001994s ]
INFO: [ app_begin ] --END-- [ RunTime:0.002219s ]
SQL: SHOW COLUMNS FROM `ys_s` [ RunTime:0.005681s ]
SQL: SELECT * FROM `ys_s`  [ RunTime:0.000454s ]
SQL: SHOW COLUMNS FROM `ys_q` [ RunTime:0.005296s ]
SQL: SELECT * FROM `ys_q` WHERE ( del=0 and answer!='none' )  [ RunTime:0.000493s ]
SQL: SHOW COLUMNS FROM `ys_a` [ RunTime:0.007384s ]
SQL: SELECT * FROM `ys_a` WHERE ( del=0 )  [ RunTime:0.001215s ]
SQL: SHOW COLUMNS FROM `ys_t` [ RunTime:0.007582s ]
SQL: SELECT * FROM `ys_t` WHERE ( del=0 )  [ RunTime:0.000494s ]
SQL: SELECT * FROM `ys_a` WHERE ( target='T_1' and del=0 ) LIMIT 1   [ RunTime:0.000483s ]
SQL: SELECT * FROM `ys_a` WHERE ( target='T_2' and del=0 ) LIMIT 1   [ RunTime:0.000443s ]
SQL: SELECT * FROM `ys_a` WHERE ( target='T_3' and del=0 ) LIMIT 1   [ RunTime:0.001173s ]
SQL: SELECT * FROM `ys_a` WHERE ( target='T_6' and del=0 ) LIMIT 1   [ RunTime:0.000590s ]
SQL: SELECT * FROM `ys_t` WHERE ( id=6 ) LIMIT 1   [ RunTime:0.000431s ]
SQL: SELECT * FROM `ys_a` WHERE ( target='T_7' and del=0 ) LIMIT 1   [ RunTime:0.000430s ]
SQL: SELECT * FROM `ys_t` WHERE ( id=7 ) LIMIT 1   [ RunTime:0.000621s ]
SQL: SELECT * FROM `ys_a` WHERE ( target='T_8' and del=0 ) LIMIT 1   [ RunTime:0.000433s ]
SQL: SELECT * FROM `ys_t` WHERE ( id=8 ) LIMIT 1   [ RunTime:0.000338s ]
SQL: SELECT * FROM `ys_a` WHERE ( target='T_9' and del=0 ) LIMIT 1   [ RunTime:0.000350s ]
SQL: SELECT * FROM `ys_t` WHERE ( id=9 ) LIMIT 1   [ RunTime:0.000317s ]
SQL: SELECT * FROM `ys_q` WHERE ( del=0 and answer='none' )  [ RunTime:0.000335s ]
SQL: SELECT * FROM `ys_a` WHERE ( del=0 and target='Q_12' )  [ RunTime:0.000346s ]
SQL: SELECT * FROM `ys_a` WHERE ( del=0 and target='Q_13' )  [ RunTime:0.000328s ]
SQL: SELECT * FROM `ys_q` WHERE ( del=0 and answer!='none' )  [ RunTime:0.000340s ]
SQL: SELECT * FROM `ys_a` WHERE ( del=0 )  [ RunTime:0.000385s ]
SQL: SELECT * FROM `ys_q` WHERE ( del=0 and answer='none' )  [ RunTime:0.000319s ]
NOTIC: [8] Undefined variable: arrn C:\wamp\www\yamatotp\App\Lib\Action\Admin\IndexAction.class.php 第 112 行.
NOTIC: [8] Undefined variable: arrn C:\wamp\www\yamatotp\App\Lib\Action\Admin\IndexAction.class.php 第 112 行.
INFO: [ view_parse ] --START--
NOTIC: [2] file_get_contents(./App/Tpl/Public/include/include_head.php.html): failed to open stream: No such file or directory C:\wamp\www\yamatotp\ThinkPHP\Lib\Template\ThinkTemplate.class.php 第 695 行.
INFO: ParseTemplate Behavior ::run [ RunTime:0.016758s ]
INFO: [ view_parse ] --END-- [ RunTime:0.016874s ]
INFO: [ view_filter ] --START--
INFO: ContentReplace Behavior ::run [ RunTime:0.000910s ]
INFO: TokenBuild Behavior ::run [ RunTime:0.000791s ]
INFO: WriteHtmlCache Behavior ::run [ RunTime:0.000882s ]
INFO: ShowRuntime Behavior ::run [ RunTime:0.001167s ]
INFO: [ view_filter ] --END-- [ RunTime:0.004088s ]
INFO: [ view_end ] --START--
INFO: ShowPageTrace Behavior ::run [ RunTime:0.001272s ]
INFO: [ view_end ] --END-- [ RunTime:0.001423s ]

[ 2014-08-22T18:21:22+09:00 ] 0.0.0.0 /yamatotp/index.php/Admin
INFO: [ route_check ] --START--
INFO: CheckRoute Behavior ::run [ RunTime:0.001418s ]
INFO: [ route_check ] --END-- [ RunTime:0.001577s ]
INFO: [ app_begin ] --START--
INFO: ReadHtmlCache Behavior ::run [ RunTime:0.001398s ]
INFO: [ app_begin ] --END-- [ RunTime:0.001563s ]
SQL: SHOW COLUMNS FROM `ys_s` [ RunTime:0.004785s ]
SQL: SELECT * FROM `ys_s`  [ RunTime:0.000440s ]
SQL: SHOW COLUMNS FROM `ys_q` [ RunTime:0.006921s ]
SQL: SELECT * FROM `ys_q` WHERE ( del=0 and answer!='none' )  [ RunTime:0.000611s ]
SQL: SHOW COLUMNS FROM `ys_a` [ RunTime:0.007613s ]
SQL: SELECT * FROM `ys_a` WHERE ( del=0 )  [ RunTime:0.000404s ]
SQL: SHOW COLUMNS FROM `ys_t` [ RunTime:0.004334s ]
SQL: SELECT * FROM `ys_t` WHERE ( del=0 )  [ RunTime:0.000357s ]
SQL: SELECT * FROM `ys_a` WHERE ( target='T_1' and del=0 ) LIMIT 1   [ RunTime:0.001182s ]
SQL: SELECT * FROM `ys_a` WHERE ( target='T_2' and del=0 ) LIMIT 1   [ RunTime:0.000780s ]
SQL: SELECT * FROM `ys_a` WHERE ( target='T_3' and del=0 ) LIMIT 1   [ RunTime:0.000289s ]
SQL: SELECT * FROM `ys_a` WHERE ( target='T_6' and del=0 ) LIMIT 1   [ RunTime:0.000259s ]
SQL: SELECT * FROM `ys_t` WHERE ( id=6 ) LIMIT 1   [ RunTime:0.000246s ]
SQL: SELECT * FROM `ys_a` WHERE ( target='T_7' and del=0 ) LIMIT 1   [ RunTime:0.000284s ]
SQL: SELECT * FROM `ys_t` WHERE ( id=7 ) LIMIT 1   [ RunTime:0.000250s ]
SQL: SELECT * FROM `ys_a` WHERE ( target='T_8' and del=0 ) LIMIT 1   [ RunTime:0.000242s ]
SQL: SELECT * FROM `ys_t` WHERE ( id=8 ) LIMIT 1   [ RunTime:0.000224s ]
SQL: SELECT * FROM `ys_a` WHERE ( target='T_9' and del=0 ) LIMIT 1   [ RunTime:0.000277s ]
SQL: SELECT * FROM `ys_t` WHERE ( id=9 ) LIMIT 1   [ RunTime:0.000213s ]
SQL: SELECT * FROM `ys_q` WHERE ( del=0 and answer='none' )  [ RunTime:0.000265s ]
SQL: SELECT * FROM `ys_a` WHERE ( del=0 and target='Q_12' )  [ RunTime:0.000323s ]
SQL: SELECT * FROM `ys_a` WHERE ( del=0 and target='Q_13' )  [ RunTime:0.000322s ]
SQL: SELECT * FROM `ys_q` WHERE ( del=0 and answer!='none' )  [ RunTime:0.000266s ]
SQL: SELECT * FROM `ys_a` WHERE ( del=0 )  [ RunTime:0.000285s ]
SQL: SELECT * FROM `ys_q` WHERE ( del=0 and answer='none' )  [ RunTime:0.000231s ]
NOTIC: [8] Undefined variable: arrn C:\wamp\www\yamatotp\App\Lib\Action\Admin\IndexAction.class.php 第 112 行.
NOTIC: [8] Undefined variable: arrn C:\wamp\www\yamatotp\App\Lib\Action\Admin\IndexAction.class.php 第 112 行.
INFO: [ view_parse ] --START--
NOTIC: [2] file_get_contents(./App/Tpl/Public/include/include_head.php.html): failed to open stream: No such file or directory C:\wamp\www\yamatotp\ThinkPHP\Lib\Template\ThinkTemplate.class.php 第 695 行.
INFO: ParseTemplate Behavior ::run [ RunTime:0.015133s ]
INFO: [ view_parse ] --END-- [ RunTime:0.015255s ]
INFO: [ view_filter ] --START--
INFO: ContentReplace Behavior ::run [ RunTime:0.001009s ]
INFO: TokenBuild Behavior ::run [ RunTime:0.000935s ]
INFO: WriteHtmlCache Behavior ::run [ RunTime:0.000862s ]
INFO: ShowRuntime Behavior ::run [ RunTime:0.000867s ]
INFO: [ view_filter ] --END-- [ RunTime:0.003937s ]
INFO: [ view_end ] --START--
INFO: ShowPageTrace Behavior ::run [ RunTime:0.001062s ]
INFO: [ view_end ] --END-- [ RunTime:0.001157s ]

[ 2014-08-22T18:23:09+09:00 ] 0.0.0.0 /yamatotp/index.php/Admin
INFO: [ route_check ] --START--
INFO: CheckRoute Behavior ::run [ RunTime:0.001356s ]
INFO: [ route_check ] --END-- [ RunTime:0.001503s ]
INFO: [ app_begin ] --START--
INFO: ReadHtmlCache Behavior ::run [ RunTime:0.001784s ]
INFO: [ app_begin ] --END-- [ RunTime:0.001999s ]
SQL: SHOW COLUMNS FROM `ys_s` [ RunTime:0.006248s ]
SQL: SELECT * FROM `ys_s`  [ RunTime:0.000633s ]
SQL: SHOW COLUMNS FROM `ys_q` [ RunTime:0.005454s ]
SQL: SELECT * FROM `ys_q` WHERE ( del=0 and answer!='none' )  [ RunTime:0.000832s ]
SQL: SHOW COLUMNS FROM `ys_a` [ RunTime:0.007486s ]
SQL: SELECT * FROM `ys_a` WHERE ( del=0 )  [ RunTime:0.000405s ]
SQL: SHOW COLUMNS FROM `ys_t` [ RunTime:0.005345s ]
SQL: SELECT * FROM `ys_t` WHERE ( del=0 )  [ RunTime:0.000350s ]
SQL: SELECT * FROM `ys_a` WHERE ( target='T_1' and del=0 ) LIMIT 1   [ RunTime:0.000252s ]
SQL: SELECT * FROM `ys_a` WHERE ( target='T_2' and del=0 ) LIMIT 1   [ RunTime:0.000224s ]
SQL: SELECT * FROM `ys_a` WHERE ( target='T_3' and del=0 ) LIMIT 1   [ RunTime:0.000215s ]
SQL: SELECT * FROM `ys_a` WHERE ( target='T_6' and del=0 ) LIMIT 1   [ RunTime:0.000217s ]
SQL: SELECT * FROM `ys_t` WHERE ( id=6 ) LIMIT 1   [ RunTime:0.000201s ]
SQL: SELECT * FROM `ys_a` WHERE ( target='T_7' and del=0 ) LIMIT 1   [ RunTime:0.000217s ]
SQL: SELECT * FROM `ys_t` WHERE ( id=7 ) LIMIT 1   [ RunTime:0.000235s ]
SQL: SELECT * FROM `ys_a` WHERE ( target='T_8' and del=0 ) LIMIT 1   [ RunTime:0.000259s ]
SQL: SELECT * FROM `ys_t` WHERE ( id=8 ) LIMIT 1   [ RunTime:0.000268s ]
SQL: SELECT * FROM `ys_a` WHERE ( target='T_9' and del=0 ) LIMIT 1   [ RunTime:0.000242s ]
SQL: SELECT * FROM `ys_t` WHERE ( id=9 ) LIMIT 1   [ RunTime:0.000202s ]
SQL: SELECT * FROM `ys_q` WHERE ( del=0 and answer='none' )  [ RunTime:0.000230s ]
SQL: SELECT * FROM `ys_a` WHERE ( del=0 and target='Q_12' )  [ RunTime:0.000232s ]
SQL: SELECT * FROM `ys_a` WHERE ( del=0 and target='Q_13' )  [ RunTime:0.000212s ]
SQL: SELECT * FROM `ys_q` WHERE ( del=0 and answer!='none' )  [ RunTime:0.000223s ]
SQL: SELECT * FROM `ys_a` WHERE ( del=0 )  [ RunTime:0.000252s ]
SQL: SELECT * FROM `ys_q` WHERE ( del=0 and answer='none' )  [ RunTime:0.000203s ]
NOTIC: [8] Undefined variable: arrn C:\wamp\www\yamatotp\App\Lib\Action\Admin\IndexAction.class.php 第 112 行.
NOTIC: [8] Undefined variable: arrn C:\wamp\www\yamatotp\App\Lib\Action\Admin\IndexAction.class.php 第 112 行.
INFO: [ view_parse ] --START--
NOTIC: [2] file_get_contents(./App/Tpl/Public/include/include_head.php.html): failed to open stream: No such file or directory C:\wamp\www\yamatotp\ThinkPHP\Lib\Template\ThinkTemplate.class.php 第 695 行.
INFO: ParseTemplate Behavior ::run [ RunTime:0.016536s ]
INFO: [ view_parse ] --END-- [ RunTime:0.016652s ]
INFO: [ view_filter ] --START--
INFO: ContentReplace Behavior ::run [ RunTime:0.000928s ]
INFO: TokenBuild Behavior ::run [ RunTime:0.000743s ]
INFO: WriteHtmlCache Behavior ::run [ RunTime:0.000741s ]
INFO: ShowRuntime Behavior ::run [ RunTime:0.001012s ]
INFO: [ view_filter ] --END-- [ RunTime:0.003698s ]
INFO: [ view_end ] --START--
INFO: ShowPageTrace Behavior ::run [ RunTime:0.001088s ]
INFO: [ view_end ] --END-- [ RunTime:0.001207s ]

[ 2014-08-22T18:23:50+09:00 ] 0.0.0.0 /yamatotp/index.php/Admin
INFO: [ route_check ] --START--
INFO: CheckRoute Behavior ::run [ RunTime:0.001231s ]
INFO: [ route_check ] --END-- [ RunTime:0.001345s ]
INFO: [ app_begin ] --START--
INFO: ReadHtmlCache Behavior ::run [ RunTime:0.001159s ]
INFO: [ app_begin ] --END-- [ RunTime:0.001281s ]
SQL: SHOW COLUMNS FROM `ys_s` [ RunTime:0.007299s ]
SQL: SELECT * FROM `ys_s`  [ RunTime:0.000544s ]
SQL: SHOW COLUMNS FROM `ys_q` [ RunTime:0.008306s ]
SQL: SELECT * FROM `ys_q` WHERE ( del=0 and answer!='none' )  [ RunTime:0.000378s ]
SQL: SHOW COLUMNS FROM `ys_a` [ RunTime:0.004895s ]
SQL: SELECT * FROM `ys_a` WHERE ( del=0 )  [ RunTime:0.000378s ]
SQL: SHOW COLUMNS FROM `ys_t` [ RunTime:0.004561s ]
SQL: SELECT * FROM `ys_t` WHERE ( del=0 )  [ RunTime:0.000356s ]
SQL: SELECT * FROM `ys_a` WHERE ( target='T_1' and del=0 ) LIMIT 1   [ RunTime:0.000250s ]
SQL: SELECT * FROM `ys_a` WHERE ( target='T_2' and del=0 ) LIMIT 1   [ RunTime:0.000265s ]
SQL: SELECT * FROM `ys_a` WHERE ( target='T_3' and del=0 ) LIMIT 1   [ RunTime:0.000227s ]
SQL: SELECT * FROM `ys_a` WHERE ( target='T_6' and del=0 ) LIMIT 1   [ RunTime:0.000224s ]
SQL: SELECT * FROM `ys_t` WHERE ( id=6 ) LIMIT 1   [ RunTime:0.000205s ]
SQL: SELECT * FROM `ys_a` WHERE ( target='T_7' and del=0 ) LIMIT 1   [ RunTime:0.000213s ]
SQL: SELECT * FROM `ys_t` WHERE ( id=7 ) LIMIT 1   [ RunTime:0.000231s ]
SQL: SELECT * FROM `ys_a` WHERE ( target='T_8' and del=0 ) LIMIT 1   [ RunTime:0.000223s ]
SQL: SELECT * FROM `ys_t` WHERE ( id=8 ) LIMIT 1   [ RunTime:0.000249s ]
SQL: SELECT * FROM `ys_a` WHERE ( target='T_9' and del=0 ) LIMIT 1   [ RunTime:0.000249s ]
SQL: SELECT * FROM `ys_t` WHERE ( id=9 ) LIMIT 1   [ RunTime:0.000202s ]
SQL: SELECT * FROM `ys_q` WHERE ( del=0 and answer='none' )  [ RunTime:0.000220s ]
SQL: SELECT * FROM `ys_a` WHERE ( del=0 and target='Q_12' )  [ RunTime:0.000216s ]
SQL: SELECT * FROM `ys_a` WHERE ( del=0 and target='Q_13' )  [ RunTime:0.000210s ]
SQL: SELECT * FROM `ys_q` WHERE ( del=0 and answer!='none' )  [ RunTime:0.000226s ]
SQL: SELECT * FROM `ys_a` WHERE ( del=0 )  [ RunTime:0.000248s ]
SQL: SELECT * FROM `ys_q` WHERE ( del=0 and answer='none' )  [ RunTime:0.000190s ]
NOTIC: [8] Undefined variable: arrn C:\wamp\www\yamatotp\App\Lib\Action\Admin\IndexAction.class.php 第 112 行.
NOTIC: [8] Undefined variable: arrn C:\wamp\www\yamatotp\App\Lib\Action\Admin\IndexAction.class.php 第 112 行.
INFO: [ view_parse ] --START--
NOTIC: [2] file_get_contents(./App/Tpl/Public/include/include_head.php.html): failed to open stream: No such file or directory C:\wamp\www\yamatotp\ThinkPHP\Lib\Template\ThinkTemplate.class.php 第 695 行.
INFO: ParseTemplate Behavior ::run [ RunTime:0.017365s ]
INFO: [ view_parse ] --END-- [ RunTime:0.017492s ]
INFO: [ view_filter ] --START--
INFO: ContentReplace Behavior ::run [ RunTime:0.001389s ]
INFO: TokenBuild Behavior ::run [ RunTime:0.001384s ]
INFO: WriteHtmlCache Behavior ::run [ RunTime:0.000876s ]
INFO: ShowRuntime Behavior ::run [ RunTime:0.001358s ]
INFO: [ view_filter ] --END-- [ RunTime:0.005372s ]
INFO: [ view_end ] --START--
INFO: ShowPageTrace Behavior ::run [ RunTime:0.001027s ]
INFO: [ view_end ] --END-- [ RunTime:0.001113s ]

[ 2014-08-22T18:24:04+09:00 ] 0.0.0.0 /yamatotp/index.php/Admin
INFO: [ route_check ] --START--
INFO: CheckRoute Behavior ::run [ RunTime:0.001209s ]
INFO: [ route_check ] --END-- [ RunTime:0.001348s ]
INFO: [ app_begin ] --START--
INFO: ReadHtmlCache Behavior ::run [ RunTime:0.001212s ]
INFO: [ app_begin ] --END-- [ RunTime:0.001353s ]
SQL: SHOW COLUMNS FROM `ys_s` [ RunTime:0.005857s ]
SQL: SELECT * FROM `ys_s`  [ RunTime:0.000435s ]
SQL: SHOW COLUMNS FROM `ys_q` [ RunTime:0.005562s ]
SQL: SELECT * FROM `ys_q` WHERE ( del=0 and answer!='none' )  [ RunTime:0.000916s ]
SQL: SHOW COLUMNS FROM `ys_a` [ RunTime:0.007209s ]
SQL: SELECT * FROM `ys_a` WHERE ( del=0 )  [ RunTime:0.001274s ]
SQL: SHOW COLUMNS FROM `ys_t` [ RunTime:0.005876s ]
SQL: SELECT * FROM `ys_t` WHERE ( del=0 )  [ RunTime:0.000467s ]
SQL: SELECT * FROM `ys_a` WHERE ( target='T_1' and del=0 ) LIMIT 1   [ RunTime:0.000396s ]
SQL: SELECT * FROM `ys_a` WHERE ( target='T_2' and del=0 ) LIMIT 1   [ RunTime:0.000506s ]
SQL: SELECT * FROM `ys_a` WHERE ( target='T_3' and del=0 ) LIMIT 1   [ RunTime:0.000423s ]
SQL: SELECT * FROM `ys_a` WHERE ( target='T_6' and del=0 ) LIMIT 1   [ RunTime:0.000478s ]
SQL: SELECT * FROM `ys_t` WHERE ( id=6 ) LIMIT 1   [ RunTime:0.000389s ]
SQL: SELECT * FROM `ys_a` WHERE ( target='T_7' and del=0 ) LIMIT 1   [ RunTime:0.000376s ]
SQL: SELECT * FROM `ys_t` WHERE ( id=7 ) LIMIT 1   [ RunTime:0.000318s ]
SQL: SELECT * FROM `ys_a` WHERE ( target='T_8' and del=0 ) LIMIT 1   [ RunTime:0.000340s ]
SQL: SELECT * FROM `ys_t` WHERE ( id=8 ) LIMIT 1   [ RunTime:0.000326s ]
SQL: SELECT * FROM `ys_a` WHERE ( target='T_9' and del=0 ) LIMIT 1   [ RunTime:0.000340s ]
SQL: SELECT * FROM `ys_t` WHERE ( id=9 ) LIMIT 1   [ RunTime:0.000340s ]
SQL: SELECT * FROM `ys_q` WHERE ( del=0 and answer='none' )  [ RunTime:0.000458s ]
SQL: SELECT * FROM `ys_a` WHERE ( del=0 and target='Q_12' )  [ RunTime:0.000578s ]
SQL: SELECT * FROM `ys_a` WHERE ( del=0 and target='Q_13' )  [ RunTime:0.000584s ]
SQL: SELECT * FROM `ys_q` WHERE ( del=0 and answer!='none' )  [ RunTime:0.000409s ]
SQL: SELECT * FROM `ys_a` WHERE ( del=0 )  [ RunTime:0.000492s ]
SQL: SELECT * FROM `ys_q` WHERE ( del=0 and answer='none' )  [ RunTime:0.000542s ]
NOTIC: [8] Undefined variable: arrn C:\wamp\www\yamatotp\App\Lib\Action\Admin\IndexAction.class.php 第 112 行.
NOTIC: [8] Undefined variable: arrn C:\wamp\www\yamatotp\App\Lib\Action\Admin\IndexAction.class.php 第 112 行.
INFO: [ view_parse ] --START--
NOTIC: [2] file_get_contents(./App/Tpl/Public/include/include_head.php.html): failed to open stream: No such file or directory C:\wamp\www\yamatotp\ThinkPHP\Lib\Template\ThinkTemplate.class.php 第 695 行.
INFO: ParseTemplate Behavior ::run [ RunTime:0.020264s ]
INFO: [ view_parse ] --END-- [ RunTime:0.020389s ]
INFO: [ view_filter ] --START--
INFO: ContentReplace Behavior ::run [ RunTime:0.001266s ]
INFO: TokenBuild Behavior ::run [ RunTime:0.001131s ]
INFO: WriteHtmlCache Behavior ::run [ RunTime:0.001179s ]
INFO: ShowRuntime Behavior ::run [ RunTime:0.001686s ]
INFO: [ view_filter ] --END-- [ RunTime:0.005725s ]
INFO: [ view_end ] --START--
INFO: ShowPageTrace Behavior ::run [ RunTime:0.001883s ]
INFO: [ view_end ] --END-- [ RunTime:0.002021s ]

[ 2014-08-22T18:24:09+09:00 ] 0.0.0.0 /yamatotp/index.php/Admin
INFO: [ route_check ] --START--
INFO: CheckRoute Behavior ::run [ RunTime:0.002654s ]
INFO: [ route_check ] --END-- [ RunTime:0.002863s ]
INFO: [ app_begin ] --START--
INFO: ReadHtmlCache Behavior ::run [ RunTime:0.001172s ]
INFO: [ app_begin ] --END-- [ RunTime:0.001279s ]
SQL: SHOW COLUMNS FROM `ys_s` [ RunTime:0.004807s ]
SQL: SELECT * FROM `ys_s`  [ RunTime:0.000424s ]
SQL: SHOW COLUMNS FROM `ys_q` [ RunTime:0.005019s ]
SQL: SELECT * FROM `ys_q` WHERE ( del=0 and answer!='none' )  [ RunTime:0.000412s ]
SQL: SHOW COLUMNS FROM `ys_a` [ RunTime:0.004129s ]
SQL: SELECT * FROM `ys_a` WHERE ( del=0 )  [ RunTime:0.000373s ]
SQL: SHOW COLUMNS FROM `ys_t` [ RunTime:0.005846s ]
SQL: SELECT * FROM `ys_t` WHERE ( del=0 )  [ RunTime:0.000555s ]
SQL: SELECT * FROM `ys_a` WHERE ( target='T_1' and del=0 ) LIMIT 1   [ RunTime:0.000839s ]
SQL: SELECT * FROM `ys_a` WHERE ( target='T_2' and del=0 ) LIMIT 1   [ RunTime:0.000854s ]
SQL: SELECT * FROM `ys_a` WHERE ( target='T_3' and del=0 ) LIMIT 1   [ RunTime:0.000546s ]
SQL: SELECT * FROM `ys_a` WHERE ( target='T_6' and del=0 ) LIMIT 1   [ RunTime:0.000690s ]
SQL: SELECT * FROM `ys_t` WHERE ( id=6 ) LIMIT 1   [ RunTime:0.000708s ]
SQL: SELECT * FROM `ys_a` WHERE ( target='T_7' and del=0 ) LIMIT 1   [ RunTime:0.000305s ]
SQL: SELECT * FROM `ys_t` WHERE ( id=7 ) LIMIT 1   [ RunTime:0.000222s ]
SQL: SELECT * FROM `ys_a` WHERE ( target='T_8' and del=0 ) LIMIT 1   [ RunTime:0.000222s ]
SQL: SELECT * FROM `ys_t` WHERE ( id=8 ) LIMIT 1   [ RunTime:0.000197s ]
SQL: SELECT * FROM `ys_a` WHERE ( target='T_9' and del=0 ) LIMIT 1   [ RunTime:0.000219s ]
SQL: SELECT * FROM `ys_t` WHERE ( id=9 ) LIMIT 1   [ RunTime:0.000195s ]
SQL: SELECT * FROM `ys_q` WHERE ( del=0 and answer='none' )  [ RunTime:0.000219s ]
SQL: SELECT * FROM `ys_a` WHERE ( del=0 and target='Q_12' )  [ RunTime:0.000212s ]
SQL: SELECT * FROM `ys_a` WHERE ( del=0 and target='Q_13' )  [ RunTime:0.000226s ]
SQL: SELECT * FROM `ys_q` WHERE ( del=0 and answer!='none' )  [ RunTime:0.000299s ]
SQL: SELECT * FROM `ys_a` WHERE ( del=0 )  [ RunTime:0.000270s ]
SQL: SELECT * FROM `ys_q` WHERE ( del=0 and answer='none' )  [ RunTime:0.000194s ]
NOTIC: [8] Undefined variable: arrn C:\wamp\www\yamatotp\App\Lib\Action\Admin\IndexAction.class.php 第 112 行.
NOTIC: [8] Undefined variable: arrn C:\wamp\www\yamatotp\App\Lib\Action\Admin\IndexAction.class.php 第 112 行.
INFO: [ view_parse ] --START--
NOTIC: [2] file_get_contents(./App/Tpl/Public/include/include_head.php.html): failed to open stream: No such file or directory C:\wamp\www\yamatotp\ThinkPHP\Lib\Template\ThinkTemplate.class.php 第 695 行.
INFO: ParseTemplate Behavior ::run [ RunTime:0.017297s ]
INFO: [ view_parse ] --END-- [ RunTime:0.017459s ]
INFO: [ view_filter ] --START--
INFO: ContentReplace Behavior ::run [ RunTime:0.000952s ]
INFO: TokenBuild Behavior ::run [ RunTime:0.000758s ]
INFO: WriteHtmlCache Behavior ::run [ RunTime:0.000628s ]
INFO: ShowRuntime Behavior ::run [ RunTime:0.000822s ]
INFO: [ view_filter ] --END-- [ RunTime:0.003408s ]
INFO: [ view_end ] --START--
INFO: ShowPageTrace Behavior ::run [ RunTime:0.000888s ]
INFO: [ view_end ] --END-- [ RunTime:0.000968s ]

[ 2014-08-22T18:24:37+09:00 ] 0.0.0.0 /yamatotp/index.php/Admin/Index/gett.html
INFO: [ route_check ] --START--
INFO: CheckRoute Behavior ::run [ RunTime:0.001467s ]
INFO: [ route_check ] --END-- [ RunTime:0.001611s ]
INFO: [ app_begin ] --START--
INFO: ReadHtmlCache Behavior ::run [ RunTime:0.001231s ]
INFO: [ app_begin ] --END-- [ RunTime:0.001347s ]
SQL: SHOW COLUMNS FROM `ys_t` [ RunTime:0.006692s ]
SQL: SELECT * FROM `ys_t` WHERE ( id=2 ) LIMIT 1   [ RunTime:0.000521s ]

[ 2014-08-22T18:30:00+09:00 ] 0.0.0.0 /yamatotp/index.php/Admin
INFO: [ route_check ] --START--
INFO: CheckRoute Behavior ::run [ RunTime:0.001242s ]
INFO: [ route_check ] --END-- [ RunTime:0.001367s ]
INFO: [ app_begin ] --START--
INFO: ReadHtmlCache Behavior ::run [ RunTime:0.001311s ]
INFO: [ app_begin ] --END-- [ RunTime:0.001509s ]
SQL: SHOW COLUMNS FROM `ys_s` [ RunTime:0.009014s ]
SQL: SELECT * FROM `ys_s`  [ RunTime:0.000398s ]
SQL: SHOW COLUMNS FROM `ys_q` [ RunTime:0.004384s ]
SQL: SELECT * FROM `ys_q` WHERE ( del=0 and answer!='none' )  [ RunTime:0.000366s ]
SQL: SHOW COLUMNS FROM `ys_a` [ RunTime:0.004453s ]
SQL: SELECT * FROM `ys_a` WHERE ( del=0 )  [ RunTime:0.000361s ]
SQL: SHOW COLUMNS FROM `ys_t` [ RunTime:0.004675s ]
SQL: SELECT * FROM `ys_t` WHERE ( del=0 )  [ RunTime:0.000345s ]
SQL: SELECT * FROM `ys_a` WHERE ( target='T_1' and del=0 ) LIMIT 1   [ RunTime:0.000252s ]
SQL: SELECT * FROM `ys_a` WHERE ( target='T_2' and del=0 ) LIMIT 1   [ RunTime:0.000223s ]
SQL: SELECT * FROM `ys_a` WHERE ( target='T_3' and del=0 ) LIMIT 1   [ RunTime:0.000219s ]
SQL: SELECT * FROM `ys_a` WHERE ( target='T_6' and del=0 ) LIMIT 1   [ RunTime:0.000213s ]
SQL: SELECT * FROM `ys_t` WHERE ( id=6 ) LIMIT 1   [ RunTime:0.000199s ]
SQL: SELECT * FROM `ys_a` WHERE ( target='T_7' and del=0 ) LIMIT 1   [ RunTime:0.000207s ]
SQL: SELECT * FROM `ys_t` WHERE ( id=7 ) LIMIT 1   [ RunTime:0.000198s ]
SQL: SELECT * FROM `ys_a` WHERE ( target='T_8' and del=0 ) LIMIT 1   [ RunTime:0.000211s ]
SQL: SELECT * FROM `ys_t` WHERE ( id=8 ) LIMIT 1   [ RunTime:0.000191s ]
SQL: SELECT * FROM `ys_a` WHERE ( target='T_9' and del=0 ) LIMIT 1   [ RunTime:0.000208s ]
SQL: SELECT * FROM `ys_t` WHERE ( id=9 ) LIMIT 1   [ RunTime:0.000198s ]
SQL: SELECT * FROM `ys_q` WHERE ( del=0 and answer='none' )  [ RunTime:0.000231s ]
SQL: SELECT * FROM `ys_a` WHERE ( del=0 and target='Q_12' )  [ RunTime:0.000228s ]
SQL: SELECT * FROM `ys_a` WHERE ( del=0 and target='Q_13' )  [ RunTime:0.000207s ]
SQL: SELECT * FROM `ys_q` WHERE ( del=0 and answer!='none' )  [ RunTime:0.000235s ]
SQL: SELECT * FROM `ys_a` WHERE ( del=0 )  [ RunTime:0.000247s ]
SQL: SELECT * FROM `ys_q` WHERE ( del=0 and answer='none' )  [ RunTime:0.000235s ]
NOTIC: [8] Undefined variable: arrn C:\wamp\www\yamatotp\App\Lib\Action\Admin\IndexAction.class.php 第 112 行.
NOTIC: [8] Undefined variable: arrn C:\wamp\www\yamatotp\App\Lib\Action\Admin\IndexAction.class.php 第 112 行.
INFO: [ view_parse ] --START--
NOTIC: [2] file_get_contents(./App/Tpl/Public/include/include_head.php.html): failed to open stream: No such file or directory C:\wamp\www\yamatotp\ThinkPHP\Lib\Template\ThinkTemplate.class.php 第 695 行.
INFO: ParseTemplate Behavior ::run [ RunTime:0.023477s ]
INFO: [ view_parse ] --END-- [ RunTime:0.023601s ]
INFO: [ view_filter ] --START--
INFO: ContentReplace Behavior ::run [ RunTime:0.002342s ]
INFO: TokenBuild Behavior ::run [ RunTime:0.001314s ]
INFO: WriteHtmlCache Behavior ::run [ RunTime:0.000922s ]
INFO: ShowRuntime Behavior ::run [ RunTime:0.001103s ]
INFO: [ view_filter ] --END-- [ RunTime:0.006156s ]
INFO: [ view_end ] --START--
INFO: ShowPageTrace Behavior ::run [ RunTime:0.001059s ]
INFO: [ view_end ] --END-- [ RunTime:0.001156s ]

