[ 2014-08-21T11:51:28+09:00 ] 0.0.0.0 /yamatotp2/
INFO: [ app_begin ] --START--
INFO: ReadHtmlCache Behavior ::run [ RunTime:0.002546s ]
INFO: [ app_begin ] --END-- [ RunTime:0.002794s ]
SQL: SHOW COLUMNS FROM `ys_s` [ RunTime:0.009804s ]
SQL: SELECT * FROM `ys_s` WHERE ( id=1 ) LIMIT 1   [ RunTime:0.000776s ]
SQL: SHOW COLUMNS FROM `ys_q` [ RunTime:0.009022s ]
SQL: SELECT * FROM `ys_q` WHERE ( id=1 ) LIMIT 1   [ RunTime:0.000680s ]
SQL: SHOW COLUMNS FROM `ys_a` [ RunTime:0.009963s ]
SQL: SELECT * FROM `ys_a` WHERE ( qid=1 )  [ RunTime:0.000733s ]
INFO: [ view_parse ] --START--
INFO: ParseTemplate Behavior ::run [ RunTime:0.031038s ]
INFO: [ view_parse ] --END-- [ RunTime:0.031261s ]
INFO: [ view_filter ] --START--
INFO: ContentReplace Behavior ::run [ RunTime:0.002043s ]
INFO: TokenBuild Behavior ::run [ RunTime:0.001992s ]
INFO: WriteHtmlCache Behavior ::run [ RunTime:0.001893s ]
INFO: ShowRuntime Behavior ::run [ RunTime:0.002982s ]
INFO: [ view_filter ] --END-- [ RunTime:0.009544s ]
INFO: [ view_end ] --START--
INFO: ShowPageTrace Behavior ::run [ RunTime:0.002475s ]
INFO: [ view_end ] --END-- [ RunTime:0.002729s ]

[ 2014-08-21T11:51:40+09:00 ] 0.0.0.0 /yamatotp2/index.php/Admin
INFO: [ route_check ] --START--
INFO: CheckRoute Behavior ::run [ RunTime:0.003134s ]
INFO: [ route_check ] --END-- [ RunTime:0.003374s ]
INFO: [ app_begin ] --START--
INFO: ReadHtmlCache Behavior ::run [ RunTime:0.001660s ]
INFO: [ app_begin ] --END-- [ RunTime:0.001851s ]
SQL: SHOW COLUMNS FROM `ys_s` [ RunTime:0.007833s ]
SQL: SELECT * FROM `ys_s`  [ RunTime:0.000579s ]
SQL: SHOW COLUMNS FROM `ys_q` [ RunTime:0.007420s ]
SQL: SELECT * FROM `ys_q` WHERE ( del=0 and answer!='none' )  [ RunTime:0.000578s ]
SQL: SHOW COLUMNS FROM `ys_a` [ RunTime:0.007442s ]
SQL: SELECT * FROM `ys_a` WHERE ( del=0 )  [ RunTime:0.000572s ]
SQL: SHOW COLUMNS FROM `ys_t` [ RunTime:0.008402s ]
SQL: SELECT * FROM `ys_t` WHERE ( del=0 )  [ RunTime:0.000657s ]
SQL: SELECT * FROM `ys_a` WHERE ( target='T_1' and del=0 ) LIMIT 1   [ RunTime:0.000601s ]
SQL: SELECT * FROM `ys_a` WHERE ( target='T_2' and del=0 ) LIMIT 1   [ RunTime:0.000567s ]
SQL: SELECT * FROM `ys_a` WHERE ( target='T_3' and del=0 ) LIMIT 1   [ RunTime:0.000606s ]
SQL: SELECT * FROM `ys_a` WHERE ( target='T_6' and del=0 ) LIMIT 1   [ RunTime:0.000563s ]
SQL: SELECT * FROM `ys_t` WHERE ( id=6 ) LIMIT 1   [ RunTime:0.000518s ]
SQL: SELECT * FROM `ys_a` WHERE ( target='T_7' and del=0 ) LIMIT 1   [ RunTime:0.000548s ]
SQL: SELECT * FROM `ys_t` WHERE ( id=7 ) LIMIT 1   [ RunTime:0.000475s ]
SQL: SELECT * FROM `ys_a` WHERE ( target='T_8' and del=0 ) LIMIT 1   [ RunTime:0.000448s ]
SQL: SELECT * FROM `ys_t` WHERE ( id=8 ) LIMIT 1   [ RunTime:0.000390s ]
SQL: SELECT * FROM `ys_q` WHERE ( del=0 and answer='none' )  [ RunTime:0.000438s ]
SQL: SELECT * FROM `ys_a` WHERE ( del=0 and target='Q_12' )  [ RunTime:0.000483s ]
SQL: SELECT * FROM `ys_q` WHERE ( del=0 and answer!='none' )  [ RunTime:0.000507s ]
SQL: SELECT * FROM `ys_a` WHERE ( del=0 )  [ RunTime:0.000721s ]
SQL: SELECT * FROM `ys_q` WHERE ( del=0 and answer='none' )  [ RunTime:0.000626s ]
NOTIC: [8] Undefined variable: arrn C:\wamp\www\yamatotp2\App\Lib\Action\Admin\IndexAction.class.php 第 112 行.
INFO: [ view_parse ] --START--
INFO: ParseTemplate Behavior ::run [ RunTime:0.030123s ]
INFO: [ view_parse ] --END-- [ RunTime:0.030284s ]
INFO: [ view_filter ] --START--
INFO: ContentReplace Behavior ::run [ RunTime:0.001620s ]
INFO: TokenBuild Behavior ::run [ RunTime:0.001288s ]
INFO: WriteHtmlCache Behavior ::run [ RunTime:0.001056s ]
INFO: ShowRuntime Behavior ::run [ RunTime:0.001319s ]
INFO: [ view_filter ] --END-- [ RunTime:0.005662s ]
INFO: [ view_end ] --START--
INFO: ShowPageTrace Behavior ::run [ RunTime:0.001664s ]
INFO: [ view_end ] --END-- [ RunTime:0.001841s ]

[ 2014-08-21T12:07:06+09:00 ] 0.0.0.0 /yamatotp/
INFO: [ app_begin ] --START--
INFO: ReadHtmlCache Behavior ::run [ RunTime:0.001247s ]
INFO: [ app_begin ] --END-- [ RunTime:0.001388s ]
SQL: SHOW COLUMNS FROM `ys_s` [ RunTime:0.005976s ]
SQL: SELECT * FROM `ys_s` WHERE ( id=1 ) LIMIT 1   [ RunTime:0.000584s ]
SQL: SHOW COLUMNS FROM `ys_q` [ RunTime:0.008609s ]
SQL: SELECT * FROM `ys_q` WHERE ( id=1 ) LIMIT 1   [ RunTime:0.000641s ]
SQL: SHOW COLUMNS FROM `ys_a` [ RunTime:0.007305s ]
SQL: SELECT * FROM `ys_a` WHERE ( qid=1 )  [ RunTime:0.000567s ]
ERR: 模板不存在[./App/Tpl/Index/Index/aaa.php]
NOTIC: [2] include(): Filename cannot be empty C:\wamp\www\yamatotp\ThinkPHP\Common\functions.php 第 52 行.
NOTIC: [2] include(): Failed opening '' for inclusion (include_path='.;C:\php\pear;C:\wamp\www\yamatotp\ThinkPHP/Extend/Vendor/') C:\wamp\www\yamatotp\ThinkPHP\Common\functions.php 第 52 行.

[ 2014-08-21T11:07:35+08:00 ] 0.0.0.0 /yamatotp/
INFO: [ app_begin ] --START--
INFO: ReadHtmlCache Behavior ::run [ RunTime:0.002315s ]
INFO: [ app_begin ] --END-- [ RunTime:0.002552s ]

[ 2014-08-21T11:07:53+08:00 ] 0.0.0.0 /yamatotp/
INFO: [ app_begin ] --START--
INFO: ReadHtmlCache Behavior ::run [ RunTime:0.001404s ]
INFO: [ app_begin ] --END-- [ RunTime:0.001543s ]

[ 2014-08-21T12:08:04+09:00 ] 0.0.0.0 /yamatotp/
INFO: [ app_begin ] --START--
INFO: ReadHtmlCache Behavior ::run [ RunTime:0.002103s ]
INFO: [ app_begin ] --END-- [ RunTime:0.002286s ]
SQL: SHOW COLUMNS FROM `ys_s` [ RunTime:0.006257s ]
SQL: SELECT * FROM `ys_s` WHERE ( id=1 ) LIMIT 1   [ RunTime:0.000565s ]
SQL: SHOW COLUMNS FROM `ys_q` [ RunTime:0.007047s ]
SQL: SELECT * FROM `ys_q` WHERE ( id=1 ) LIMIT 1   [ RunTime:0.000536s ]
SQL: SHOW COLUMNS FROM `ys_a` [ RunTime:0.007536s ]
SQL: SELECT * FROM `ys_a` WHERE ( qid=1 )  [ RunTime:0.000520s ]
INFO: [ view_parse ] --START--
INFO: ParseTemplate Behavior ::run [ RunTime:0.018132s ]
INFO: [ view_parse ] --END-- [ RunTime:0.018270s ]
INFO: [ view_filter ] --START--
INFO: ContentReplace Behavior ::run [ RunTime:0.001695s ]
INFO: TokenBuild Behavior ::run [ RunTime:0.002082s ]
INFO: WriteHtmlCache Behavior ::run [ RunTime:0.001334s ]
INFO: ShowRuntime Behavior ::run [ RunTime:0.001934s ]
INFO: [ view_filter ] --END-- [ RunTime:0.007526s ]
INFO: [ view_end ] --START--
INFO: ShowPageTrace Behavior ::run [ RunTime:0.001803s ]
INFO: [ view_end ] --END-- [ RunTime:0.001916s ]

[ 2014-08-21T12:08:40+09:00 ] 0.0.0.0 /yamatotp/
INFO: [ app_begin ] --START--
INFO: ReadHtmlCache Behavior ::run [ RunTime:0.001658s ]
INFO: [ app_begin ] --END-- [ RunTime:0.001866s ]
SQL: SHOW COLUMNS FROM `ys_s` [ RunTime:0.010184s ]
SQL: SELECT * FROM `ys_s` WHERE ( id=1 ) LIMIT 1   [ RunTime:0.000716s ]
SQL: SHOW COLUMNS FROM `ys_q` [ RunTime:0.008461s ]
SQL: SELECT * FROM `ys_q` WHERE ( id=1 ) LIMIT 1   [ RunTime:0.000574s ]
SQL: SHOW COLUMNS FROM `ys_a` [ RunTime:0.008503s ]
SQL: SELECT * FROM `ys_a` WHERE ( qid=1 )  [ RunTime:0.000618s ]
INFO: [ view_parse ] --START--
INFO: ParseTemplate Behavior ::run [ RunTime:0.019264s ]
INFO: [ view_parse ] --END-- [ RunTime:0.019416s ]
INFO: [ view_filter ] --START--
INFO: ContentReplace Behavior ::run [ RunTime:0.000850s ]
INFO: TokenBuild Behavior ::run [ RunTime:0.000827s ]
INFO: WriteHtmlCache Behavior ::run [ RunTime:0.000718s ]
INFO: ShowRuntime Behavior ::run [ RunTime:0.000832s ]
INFO: [ view_filter ] --END-- [ RunTime:0.003464s ]
INFO: [ view_end ] --START--
INFO: ShowPageTrace Behavior ::run [ RunTime:0.000922s ]
INFO: [ view_end ] --END-- [ RunTime:0.000999s ]

[ 2014-08-21T12:08:48+09:00 ] 0.0.0.0 /yamatotp/
INFO: [ app_begin ] --START--
INFO: ReadHtmlCache Behavior ::run [ RunTime:0.001581s ]
INFO: [ app_begin ] --END-- [ RunTime:0.001806s ]
SQL: SHOW COLUMNS FROM `ys_s` [ RunTime:0.009995s ]
SQL: SELECT * FROM `ys_s` WHERE ( id=1 ) LIMIT 1   [ RunTime:0.000813s ]
SQL: SHOW COLUMNS FROM `ys_q` [ RunTime:0.011118s ]
SQL: SELECT * FROM `ys_q` WHERE ( id=1 ) LIMIT 1   [ RunTime:0.000829s ]
SQL: SHOW COLUMNS FROM `ys_a` [ RunTime:0.010640s ]
SQL: SELECT * FROM `ys_a` WHERE ( qid=1 )  [ RunTime:0.000575s ]
INFO: [ view_parse ] --START--
INFO: ParseTemplate Behavior ::run [ RunTime:0.013627s ]
INFO: [ view_parse ] --END-- [ RunTime:0.013770s ]
INFO: [ view_filter ] --START--
INFO: ContentReplace Behavior ::run [ RunTime:0.000777s ]
INFO: TokenBuild Behavior ::run [ RunTime:0.000761s ]
INFO: WriteHtmlCache Behavior ::run [ RunTime:0.000660s ]
INFO: ShowRuntime Behavior ::run [ RunTime:0.000887s ]
INFO: [ view_filter ] --END-- [ RunTime:0.003396s ]
INFO: [ view_end ] --START--
INFO: ShowPageTrace Behavior ::run [ RunTime:0.000911s ]
INFO: [ view_end ] --END-- [ RunTime:0.001019s ]

[ 2014-08-21T12:09:18+09:00 ] 0.0.0.0 /yamatotp/
INFO: [ app_begin ] --START--
INFO: ReadHtmlCache Behavior ::run [ RunTime:0.001706s ]
INFO: [ app_begin ] --END-- [ RunTime:0.001920s ]
SQL: SHOW COLUMNS FROM `ys_s` [ RunTime:0.009448s ]
SQL: SELECT * FROM `ys_s` WHERE ( id=1 ) LIMIT 1   [ RunTime:0.000894s ]
SQL: SHOW COLUMNS FROM `ys_q` [ RunTime:0.009773s ]
SQL: SELECT * FROM `ys_q` WHERE ( id=1 ) LIMIT 1   [ RunTime:0.000736s ]
SQL: SHOW COLUMNS FROM `ys_a` [ RunTime:0.008364s ]
SQL: SELECT * FROM `ys_a` WHERE ( qid=1 )  [ RunTime:0.000664s ]
INFO: [ view_parse ] --START--
INFO: ParseTemplate Behavior ::run [ RunTime:0.016711s ]
INFO: [ view_parse ] --END-- [ RunTime:0.016848s ]
INFO: [ view_filter ] --START--
INFO: ContentReplace Behavior ::run [ RunTime:0.001053s ]
INFO: TokenBuild Behavior ::run [ RunTime:0.000991s ]
INFO: WriteHtmlCache Behavior ::run [ RunTime:0.000881s ]
INFO: ShowRuntime Behavior ::run [ RunTime:0.000999s ]
INFO: [ view_filter ] --END-- [ RunTime:0.004282s ]
INFO: [ view_end ] --START--
INFO: ShowPageTrace Behavior ::run [ RunTime:0.001187s ]
INFO: [ view_end ] --END-- [ RunTime:0.001343s ]

[ 2014-08-21T12:14:41+09:00 ] 0.0.0.0 /yamatotp/
INFO: [ app_begin ] --START--
INFO: ReadHtmlCache Behavior ::run [ RunTime:0.001290s ]
INFO: [ app_begin ] --END-- [ RunTime:0.001426s ]
SQL: SHOW COLUMNS FROM `ys_s` [ RunTime:0.005043s ]
SQL: SELECT * FROM `ys_s` WHERE ( id=1 ) LIMIT 1   [ RunTime:0.000437s ]
SQL: SHOW COLUMNS FROM `ys_q` [ RunTime:0.006714s ]
SQL: SELECT * FROM `ys_q` WHERE ( id=1 ) LIMIT 1   [ RunTime:0.000451s ]
SQL: SHOW COLUMNS FROM `ys_a` [ RunTime:0.006858s ]
SQL: SELECT * FROM `ys_a` WHERE ( qid=1 )  [ RunTime:0.000577s ]
INFO: [ view_parse ] --START--
INFO: ParseTemplate Behavior ::run [ RunTime:0.015093s ]
INFO: [ view_parse ] --END-- [ RunTime:0.015245s ]
INFO: [ view_filter ] --START--
INFO: ContentReplace Behavior ::run [ RunTime:0.001146s ]
INFO: TokenBuild Behavior ::run [ RunTime:0.001529s ]
INFO: WriteHtmlCache Behavior ::run [ RunTime:0.000939s ]
INFO: ShowRuntime Behavior ::run [ RunTime:0.001441s ]
INFO: [ view_filter ] --END-- [ RunTime:0.005441s ]
INFO: [ view_end ] --START--
INFO: ShowPageTrace Behavior ::run [ RunTime:0.001706s ]
INFO: [ view_end ] --END-- [ RunTime:0.001859s ]

[ 2014-08-21T12:17:35+09:00 ] 0.0.0.0 /yamatotp/
INFO: [ app_begin ] --START--
INFO: ReadHtmlCache Behavior ::run [ RunTime:0.001130s ]
INFO: [ app_begin ] --END-- [ RunTime:0.001233s ]
SQL: SHOW COLUMNS FROM `ys_s` [ RunTime:0.004738s ]
SQL: SELECT * FROM `ys_s` WHERE ( id=1 ) LIMIT 1   [ RunTime:0.000352s ]
SQL: SHOW COLUMNS FROM `ys_q` [ RunTime:0.004707s ]
SQL: SELECT * FROM `ys_q` WHERE ( id=1 ) LIMIT 1   [ RunTime:0.000362s ]
SQL: SHOW COLUMNS FROM `ys_a` [ RunTime:0.004357s ]
SQL: SELECT * FROM `ys_a` WHERE ( qid=1 )  [ RunTime:0.000355s ]
INFO: [ view_parse ] --START--
INFO: ParseTemplate Behavior ::run [ RunTime:0.013345s ]
INFO: [ view_parse ] --END-- [ RunTime:0.013482s ]
INFO: [ view_filter ] --START--
INFO: ContentReplace Behavior ::run [ RunTime:0.001744s ]
INFO: TokenBuild Behavior ::run [ RunTime:0.001480s ]
INFO: WriteHtmlCache Behavior ::run [ RunTime:0.001010s ]
INFO: ShowRuntime Behavior ::run [ RunTime:0.000989s ]
INFO: [ view_filter ] --END-- [ RunTime:0.005553s ]
INFO: [ view_end ] --START--
INFO: ShowPageTrace Behavior ::run [ RunTime:0.001027s ]
INFO: [ view_end ] --END-- [ RunTime:0.001095s ]

[ 2014-08-21T12:17:42+09:00 ] 0.0.0.0 /yamatotp/index.php/Index/Index/handle
INFO: [ route_check ] --START--
INFO: CheckRoute Behavior ::run [ RunTime:0.001783s ]
INFO: [ route_check ] --END-- [ RunTime:0.001929s ]
INFO: [ app_begin ] --START--
INFO: ReadHtmlCache Behavior ::run [ RunTime:0.001146s ]
INFO: [ app_begin ] --END-- [ RunTime:0.001249s ]
SQL: SHOW COLUMNS FROM `ys_q` [ RunTime:0.005157s ]
SQL: SELECT * FROM `ys_q` WHERE ( id=2 ) LIMIT 1   [ RunTime:0.000376s ]
SQL: SHOW COLUMNS FROM `ys_a` [ RunTime:0.005111s ]
SQL: SELECT * FROM `ys_a` WHERE ( qid=2 )  [ RunTime:0.000383s ]

[ 2014-08-21T12:17:45+09:00 ] 0.0.0.0 /yamatotp/index.php/Index/Index/handle
INFO: [ route_check ] --START--
INFO: CheckRoute Behavior ::run [ RunTime:0.000999s ]
INFO: [ route_check ] --END-- [ RunTime:0.001101s ]
INFO: [ app_begin ] --START--
INFO: ReadHtmlCache Behavior ::run [ RunTime:0.000815s ]
INFO: [ app_begin ] --END-- [ RunTime:0.000891s ]
SQL: SHOW COLUMNS FROM `ys_q` [ RunTime:0.006456s ]
SQL: SELECT * FROM `ys_q` WHERE ( id=1 ) LIMIT 1   [ RunTime:0.000400s ]
SQL: SHOW COLUMNS FROM `ys_a` [ RunTime:0.004946s ]
SQL: SELECT * FROM `ys_a` WHERE ( qid=1 )  [ RunTime:0.000387s ]

[ 2014-08-21T12:17:46+09:00 ] 0.0.0.0 /yamatotp/index.php/Index/Index/handle
INFO: [ route_check ] --START--
INFO: CheckRoute Behavior ::run [ RunTime:0.000982s ]
INFO: [ route_check ] --END-- [ RunTime:0.001087s ]
INFO: [ app_begin ] --START--
INFO: ReadHtmlCache Behavior ::run [ RunTime:0.000793s ]
INFO: [ app_begin ] --END-- [ RunTime:0.000867s ]
SQL: SHOW COLUMNS FROM `ys_q` [ RunTime:0.004731s ]
SQL: SELECT * FROM `ys_q` WHERE ( id=4 ) LIMIT 1   [ RunTime:0.000484s ]
SQL: SHOW COLUMNS FROM `ys_a` [ RunTime:0.005157s ]
SQL: SELECT * FROM `ys_a` WHERE ( qid=4 )  [ RunTime:0.000389s ]

[ 2014-08-21T12:17:50+09:00 ] 0.0.0.0 /yamatotp/index.php/Index/Index/handle
INFO: [ route_check ] --START--
INFO: CheckRoute Behavior ::run [ RunTime:0.001052s ]
INFO: [ route_check ] --END-- [ RunTime:0.001162s ]
INFO: [ app_begin ] --START--
INFO: ReadHtmlCache Behavior ::run [ RunTime:0.000874s ]
INFO: [ app_begin ] --END-- [ RunTime:0.000957s ]
SQL: SHOW COLUMNS FROM `ys_t` [ RunTime:0.004670s ]
SQL: SELECT * FROM `ys_t` WHERE ( id=3 ) LIMIT 1   [ RunTime:0.000495s ]
SQL: SHOW COLUMNS FROM `ys_r` [ RunTime:0.005780s ]
SQL: INSERT INTO `ys_r` (`time`,`flow`,`tid`) VALUES ('2014-08-21 12:17:50','[{\"qid\":\"1\",\"aid\":\"3\"},{\"qid\":\"4\",\"aid\":\"9\"}]',3) [ RunTime:0.001359s ]

[ 2014-08-21T12:57:35+09:00 ] 0.0.0.0 /yamatotp/
INFO: [ app_begin ] --START--
INFO: ReadHtmlCache Behavior ::run [ RunTime:0.003725s ]
INFO: [ app_begin ] --END-- [ RunTime:0.003902s ]
SQL: SHOW COLUMNS FROM `ys_s` [ RunTime:0.006639s ]
SQL: SELECT * FROM `ys_s` WHERE ( id=1 ) LIMIT 1   [ RunTime:0.000834s ]
SQL: SHOW COLUMNS FROM `ys_q` [ RunTime:0.008978s ]
SQL: SELECT * FROM `ys_q` WHERE ( id=1 ) LIMIT 1   [ RunTime:0.000984s ]
SQL: SHOW COLUMNS FROM `ys_a` [ RunTime:0.006544s ]
SQL: SELECT * FROM `ys_a` WHERE ( qid=1 )  [ RunTime:0.000956s ]
INFO: [ view_parse ] --START--
INFO: ParseTemplate Behavior ::run [ RunTime:0.020144s ]
INFO: [ view_parse ] --END-- [ RunTime:0.020290s ]
INFO: [ view_filter ] --START--
INFO: ContentReplace Behavior ::run [ RunTime:0.001059s ]
INFO: TokenBuild Behavior ::run [ RunTime:0.000997s ]
INFO: WriteHtmlCache Behavior ::run [ RunTime:0.002255s ]
INFO: ShowRuntime Behavior ::run [ RunTime:0.002534s ]
INFO: [ view_filter ] --END-- [ RunTime:0.007094s ]
INFO: [ view_end ] --START--
INFO: ShowPageTrace Behavior ::run [ RunTime:0.001158s ]
INFO: [ view_end ] --END-- [ RunTime:0.001236s ]

[ 2014-08-21T13:04:44+09:00 ] 0.0.0.0 /yamatotp/
INFO: [ app_begin ] --START--
INFO: ReadHtmlCache Behavior ::run [ RunTime:0.001184s ]
INFO: [ app_begin ] --END-- [ RunTime:0.001314s ]
SQL: SHOW COLUMNS FROM `ys_s` [ RunTime:0.006399s ]
SQL: SELECT * FROM `ys_s` WHERE ( id=1 ) LIMIT 1   [ RunTime:0.000468s ]
SQL: SHOW COLUMNS FROM `ys_q` [ RunTime:0.006175s ]
SQL: SELECT * FROM `ys_q` WHERE ( id=1 ) LIMIT 1   [ RunTime:0.000658s ]
SQL: SHOW COLUMNS FROM `ys_a` [ RunTime:0.006813s ]
SQL: SELECT * FROM `ys_a` WHERE ( qid=1 )  [ RunTime:0.000478s ]
INFO: [ view_parse ] --START--
NOTIC: [2] file_get_contents(./App/Tpl/Public/include/include_head.php.html): failed to open stream: No such file or directory C:\wamp\www\yamatotp\ThinkPHP\Lib\Template\ThinkTemplate.class.php 第 695 行.
NOTIC: [2] file_get_contents(./App/Tpl/Public/include/test.php.html): failed to open stream: No such file or directory C:\wamp\www\yamatotp\ThinkPHP\Lib\Template\ThinkTemplate.class.php 第 695 行.
INFO: ParseTemplate Behavior ::run [ RunTime:0.017223s ]
INFO: [ view_parse ] --END-- [ RunTime:0.017344s ]
INFO: [ view_filter ] --START--
INFO: ContentReplace Behavior ::run [ RunTime:0.001025s ]
INFO: TokenBuild Behavior ::run [ RunTime:0.000979s ]
INFO: WriteHtmlCache Behavior ::run [ RunTime:0.000904s ]
INFO: ShowRuntime Behavior ::run [ RunTime:0.001071s ]
INFO: [ view_filter ] --END-- [ RunTime:0.004270s ]
INFO: [ view_end ] --START--
INFO: ShowPageTrace Behavior ::run [ RunTime:0.001269s ]
INFO: [ view_end ] --END-- [ RunTime:0.001363s ]

[ 2014-08-21T13:04:50+09:00 ] 0.0.0.0 /yamatotp/index.php/Admin
INFO: [ route_check ] --START--
INFO: CheckRoute Behavior ::run [ RunTime:0.001229s ]
INFO: [ route_check ] --END-- [ RunTime:0.001341s ]
INFO: [ app_begin ] --START--
INFO: ReadHtmlCache Behavior ::run [ RunTime:0.000872s ]
INFO: [ app_begin ] --END-- [ RunTime:0.000979s ]
SQL: SHOW COLUMNS FROM `ys_s` [ RunTime:0.004536s ]
SQL: SELECT * FROM `ys_s`  [ RunTime:0.000351s ]
SQL: SHOW COLUMNS FROM `ys_q` [ RunTime:0.004650s ]
SQL: SELECT * FROM `ys_q` WHERE ( del=0 and answer!='none' )  [ RunTime:0.000411s ]
SQL: SHOW COLUMNS FROM `ys_a` [ RunTime:0.004949s ]
SQL: SELECT * FROM `ys_a` WHERE ( del=0 )  [ RunTime:0.000411s ]
SQL: SHOW COLUMNS FROM `ys_t` [ RunTime:0.004485s ]
SQL: SELECT * FROM `ys_t` WHERE ( del=0 )  [ RunTime:0.000376s ]
SQL: SELECT * FROM `ys_a` WHERE ( target='T_1' and del=0 ) LIMIT 1   [ RunTime:0.000283s ]
SQL: SELECT * FROM `ys_a` WHERE ( target='T_2' and del=0 ) LIMIT 1   [ RunTime:0.000262s ]
SQL: SELECT * FROM `ys_a` WHERE ( target='T_3' and del=0 ) LIMIT 1   [ RunTime:0.000282s ]
SQL: SELECT * FROM `ys_a` WHERE ( target='T_6' and del=0 ) LIMIT 1   [ RunTime:0.000304s ]
SQL: SELECT * FROM `ys_t` WHERE ( id=6 ) LIMIT 1   [ RunTime:0.000297s ]
SQL: SELECT * FROM `ys_a` WHERE ( target='T_7' and del=0 ) LIMIT 1   [ RunTime:0.000343s ]
SQL: SELECT * FROM `ys_t` WHERE ( id=7 ) LIMIT 1   [ RunTime:0.000250s ]
SQL: SELECT * FROM `ys_a` WHERE ( target='T_8' and del=0 ) LIMIT 1   [ RunTime:0.000259s ]
SQL: SELECT * FROM `ys_t` WHERE ( id=8 ) LIMIT 1   [ RunTime:0.000250s ]
SQL: SELECT * FROM `ys_q` WHERE ( del=0 and answer='none' )  [ RunTime:0.000267s ]
SQL: SELECT * FROM `ys_a` WHERE ( del=0 and target='Q_12' )  [ RunTime:0.000248s ]
SQL: SELECT * FROM `ys_q` WHERE ( del=0 and answer!='none' )  [ RunTime:0.000309s ]
SQL: SELECT * FROM `ys_a` WHERE ( del=0 )  [ RunTime:0.000566s ]
SQL: SELECT * FROM `ys_q` WHERE ( del=0 and answer='none' )  [ RunTime:0.000382s ]
NOTIC: [8] Undefined variable: arrn C:\wamp\www\yamatotp\App\Lib\Action\Admin\IndexAction.class.php 第 112 行.
INFO: [ view_parse ] --START--
NOTIC: [2] file_get_contents(./App/Tpl/Public/include/include_head.php.html): failed to open stream: No such file or directory C:\wamp\www\yamatotp\ThinkPHP\Lib\Template\ThinkTemplate.class.php 第 695 行.
INFO: ParseTemplate Behavior ::run [ RunTime:0.015858s ]
INFO: [ view_parse ] --END-- [ RunTime:0.015967s ]
INFO: [ view_filter ] --START--
INFO: ContentReplace Behavior ::run [ RunTime:0.001094s ]
INFO: TokenBuild Behavior ::run [ RunTime:0.001021s ]
INFO: WriteHtmlCache Behavior ::run [ RunTime:0.000575s ]
INFO: ShowRuntime Behavior ::run [ RunTime:0.000740s ]
INFO: [ view_filter ] --END-- [ RunTime:0.003739s ]
INFO: [ view_end ] --START--
INFO: ShowPageTrace Behavior ::run [ RunTime:0.000780s ]
INFO: [ view_end ] --END-- [ RunTime:0.000864s ]

[ 2014-08-21T13:05:41+09:00 ] 0.0.0.0 /yamatotp/index.php/Admin
INFO: [ route_check ] --START--
INFO: CheckRoute Behavior ::run [ RunTime:0.001096s ]
INFO: [ route_check ] --END-- [ RunTime:0.001198s ]
INFO: [ app_begin ] --START--
INFO: ReadHtmlCache Behavior ::run [ RunTime:0.000950s ]
INFO: [ app_begin ] --END-- [ RunTime:0.001049s ]
SQL: SHOW COLUMNS FROM `ys_s` [ RunTime:0.004462s ]
SQL: SELECT * FROM `ys_s`  [ RunTime:0.000500s ]
SQL: SHOW COLUMNS FROM `ys_q` [ RunTime:0.004695s ]
SQL: SELECT * FROM `ys_q` WHERE ( del=0 and answer!='none' )  [ RunTime:0.000409s ]
SQL: SHOW COLUMNS FROM `ys_a` [ RunTime:0.004810s ]
SQL: SELECT * FROM `ys_a` WHERE ( del=0 )  [ RunTime:0.000403s ]
SQL: SHOW COLUMNS FROM `ys_t` [ RunTime:0.004682s ]
SQL: SELECT * FROM `ys_t` WHERE ( del=0 )  [ RunTime:0.000380s ]
SQL: SELECT * FROM `ys_a` WHERE ( target='T_1' and del=0 ) LIMIT 1   [ RunTime:0.000271s ]
SQL: SELECT * FROM `ys_a` WHERE ( target='T_2' and del=0 ) LIMIT 1   [ RunTime:0.000293s ]
SQL: SELECT * FROM `ys_a` WHERE ( target='T_3' and del=0 ) LIMIT 1   [ RunTime:0.000257s ]
SQL: SELECT * FROM `ys_a` WHERE ( target='T_6' and del=0 ) LIMIT 1   [ RunTime:0.000278s ]
SQL: SELECT * FROM `ys_t` WHERE ( id=6 ) LIMIT 1   [ RunTime:0.000361s ]
SQL: SELECT * FROM `ys_a` WHERE ( target='T_7' and del=0 ) LIMIT 1   [ RunTime:0.000401s ]
SQL: SELECT * FROM `ys_t` WHERE ( id=7 ) LIMIT 1   [ RunTime:0.000290s ]
SQL: SELECT * FROM `ys_a` WHERE ( target='T_8' and del=0 ) LIMIT 1   [ RunTime:0.000259s ]
SQL: SELECT * FROM `ys_t` WHERE ( id=8 ) LIMIT 1   [ RunTime:0.000230s ]
SQL: SELECT * FROM `ys_q` WHERE ( del=0 and answer='none' )  [ RunTime:0.000269s ]
SQL: SELECT * FROM `ys_a` WHERE ( del=0 and target='Q_12' )  [ RunTime:0.000240s ]
SQL: SELECT * FROM `ys_q` WHERE ( del=0 and answer!='none' )  [ RunTime:0.000303s ]
SQL: SELECT * FROM `ys_a` WHERE ( del=0 )  [ RunTime:0.000273s ]
SQL: SELECT * FROM `ys_q` WHERE ( del=0 and answer='none' )  [ RunTime:0.000268s ]
NOTIC: [8] Undefined variable: arrn C:\wamp\www\yamatotp\App\Lib\Action\Admin\IndexAction.class.php 第 112 行.
INFO: [ view_parse ] --START--
NOTIC: [2] file_get_contents(./App/Tpl/Public/include/include_head.php.html): failed to open stream: No such file or directory C:\wamp\www\yamatotp\ThinkPHP\Lib\Template\ThinkTemplate.class.php 第 695 行.
INFO: ParseTemplate Behavior ::run [ RunTime:0.016216s ]
INFO: [ view_parse ] --END-- [ RunTime:0.016318s ]
INFO: [ view_filter ] --START--
INFO: ContentReplace Behavior ::run [ RunTime:0.001013s ]
INFO: TokenBuild Behavior ::run [ RunTime:0.000745s ]
INFO: WriteHtmlCache Behavior ::run [ RunTime:0.000587s ]
INFO: ShowRuntime Behavior ::run [ RunTime:0.000783s ]
INFO: [ view_filter ] --END-- [ RunTime:0.003331s ]
INFO: [ view_end ] --START--
INFO: ShowPageTrace Behavior ::run [ RunTime:0.000826s ]
INFO: [ view_end ] --END-- [ RunTime:0.000910s ]

[ 2014-08-21T13:08:49+09:00 ] 0.0.0.0 /yamatotp/index.php/Admin
INFO: [ route_check ] --START--
INFO: CheckRoute Behavior ::run [ RunTime:0.002206s ]
INFO: [ route_check ] --END-- [ RunTime:0.002416s ]
INFO: [ app_begin ] --START--
INFO: ReadHtmlCache Behavior ::run [ RunTime:0.001766s ]
INFO: [ app_begin ] --END-- [ RunTime:0.001952s ]
SQL: SHOW COLUMNS FROM `ys_s` [ RunTime:0.005052s ]
SQL: SELECT * FROM `ys_s`  [ RunTime:0.000850s ]
SQL: SHOW COLUMNS FROM `ys_q` [ RunTime:0.006997s ]
SQL: SELECT * FROM `ys_q` WHERE ( del=0 and answer!='none' )  [ RunTime:0.000488s ]
SQL: SHOW COLUMNS FROM `ys_a` [ RunTime:0.005132s ]
SQL: SELECT * FROM `ys_a` WHERE ( del=0 )  [ RunTime:0.000635s ]
SQL: SHOW COLUMNS FROM `ys_t` [ RunTime:0.009260s ]
SQL: SELECT * FROM `ys_t` WHERE ( del=0 )  [ RunTime:0.000732s ]
SQL: SELECT * FROM `ys_a` WHERE ( target='T_1' and del=0 ) LIMIT 1   [ RunTime:0.000868s ]
SQL: SELECT * FROM `ys_a` WHERE ( target='T_2' and del=0 ) LIMIT 1   [ RunTime:0.000517s ]
SQL: SELECT * FROM `ys_a` WHERE ( target='T_3' and del=0 ) LIMIT 1   [ RunTime:0.000513s ]
SQL: SELECT * FROM `ys_a` WHERE ( target='T_6' and del=0 ) LIMIT 1   [ RunTime:0.000497s ]
SQL: SELECT * FROM `ys_t` WHERE ( id=6 ) LIMIT 1   [ RunTime:0.000439s ]
SQL: SELECT * FROM `ys_a` WHERE ( target='T_7' and del=0 ) LIMIT 1   [ RunTime:0.000487s ]
SQL: SELECT * FROM `ys_t` WHERE ( id=7 ) LIMIT 1   [ RunTime:0.000414s ]
SQL: SELECT * FROM `ys_a` WHERE ( target='T_8' and del=0 ) LIMIT 1   [ RunTime:0.000397s ]
SQL: SELECT * FROM `ys_t` WHERE ( id=8 ) LIMIT 1   [ RunTime:0.000986s ]
SQL: SELECT * FROM `ys_q` WHERE ( del=0 and answer='none' )  [ RunTime:0.001122s ]
SQL: SELECT * FROM `ys_a` WHERE ( del=0 and target='Q_12' )  [ RunTime:0.000575s ]
SQL: SELECT * FROM `ys_q` WHERE ( del=0 and answer!='none' )  [ RunTime:0.000779s ]
SQL: SELECT * FROM `ys_a` WHERE ( del=0 )  [ RunTime:0.000593s ]
SQL: SELECT * FROM `ys_q` WHERE ( del=0 and answer='none' )  [ RunTime:0.000476s ]
NOTIC: [8] Undefined variable: arrn C:\wamp\www\yamatotp\App\Lib\Action\Admin\IndexAction.class.php 第 112 行.
INFO: [ view_parse ] --START--
NOTIC: [2] file_get_contents(./App/Tpl/Public/include/include_head.php.html): failed to open stream: No such file or directory C:\wamp\www\yamatotp\ThinkPHP\Lib\Template\ThinkTemplate.class.php 第 695 行.
INFO: ParseTemplate Behavior ::run [ RunTime:0.025254s ]
INFO: [ view_parse ] --END-- [ RunTime:0.025357s ]
INFO: [ view_filter ] --START--
INFO: ContentReplace Behavior ::run [ RunTime:0.001285s ]
INFO: TokenBuild Behavior ::run [ RunTime:0.002194s ]
INFO: WriteHtmlCache Behavior ::run [ RunTime:0.001458s ]
INFO: ShowRuntime Behavior ::run [ RunTime:0.001575s ]
INFO: [ view_filter ] --END-- [ RunTime:0.006947s ]
INFO: [ view_end ] --START--
INFO: ShowPageTrace Behavior ::run [ RunTime:0.001140s ]
INFO: [ view_end ] --END-- [ RunTime:0.001226s ]

[ 2014-08-21T13:08:51+09:00 ] 0.0.0.0 /yamatotp/index.php/Admin/Index/getq.html
INFO: [ route_check ] --START--
INFO: CheckRoute Behavior ::run [ RunTime:0.001621s ]
INFO: [ route_check ] --END-- [ RunTime:0.001806s ]
INFO: [ app_begin ] --START--
INFO: ReadHtmlCache Behavior ::run [ RunTime:0.001897s ]
INFO: [ app_begin ] --END-- [ RunTime:0.002060s ]
SQL: SHOW COLUMNS FROM `ys_q` [ RunTime:0.005337s ]
SQL: SELECT * FROM `ys_q` WHERE ( id=11 ) LIMIT 1   [ RunTime:0.000461s ]

[ 2014-08-21T13:08:54+09:00 ] 0.0.0.0 /yamatotp/index.php/Admin/Index/geta.html
INFO: [ route_check ] --START--
INFO: CheckRoute Behavior ::run [ RunTime:0.000984s ]
INFO: [ route_check ] --END-- [ RunTime:0.001087s ]
INFO: [ app_begin ] --START--
INFO: ReadHtmlCache Behavior ::run [ RunTime:0.000837s ]
INFO: [ app_begin ] --END-- [ RunTime:0.000920s ]
SQL: SHOW COLUMNS FROM `ys_a` [ RunTime:0.005004s ]
SQL: SELECT * FROM `ys_a` WHERE ( id=5 ) LIMIT 1   [ RunTime:0.000474s ]

[ 2014-08-21T13:09:36+09:00 ] 0.0.0.0 /yamatotp/index.php/Admin/Index/addq.html
INFO: [ route_check ] --START--
INFO: CheckRoute Behavior ::run [ RunTime:0.001756s ]
INFO: [ route_check ] --END-- [ RunTime:0.001939s ]
INFO: [ app_begin ] --START--
INFO: ReadHtmlCache Behavior ::run [ RunTime:0.001435s ]
INFO: [ app_begin ] --END-- [ RunTime:0.001595s ]
SQL: SHOW COLUMNS FROM `ys_q` [ RunTime:0.007436s ]
SQL: INSERT INTO `ys_q` (`body`) VALUES ('new') [ RunTime:0.001550s ]

[ 2014-08-21T13:09:36+09:00 ] 0.0.0.0 /yamatotp/index.php/Admin
INFO: [ route_check ] --START--
INFO: CheckRoute Behavior ::run [ RunTime:0.001793s ]
INFO: [ route_check ] --END-- [ RunTime:0.001966s ]
INFO: [ app_begin ] --START--
INFO: ReadHtmlCache Behavior ::run [ RunTime:0.001164s ]
INFO: [ app_begin ] --END-- [ RunTime:0.001304s ]
SQL: SHOW COLUMNS FROM `ys_s` [ RunTime:0.007249s ]
SQL: SELECT * FROM `ys_s`  [ RunTime:0.000542s ]
SQL: SHOW COLUMNS FROM `ys_q` [ RunTime:0.010365s ]
SQL: SELECT * FROM `ys_q` WHERE ( del=0 and answer!='none' )  [ RunTime:0.000706s ]
SQL: SHOW COLUMNS FROM `ys_a` [ RunTime:0.007638s ]
SQL: SELECT * FROM `ys_a` WHERE ( del=0 )  [ RunTime:0.001327s ]
SQL: SHOW COLUMNS FROM `ys_t` [ RunTime:0.006719s ]
SQL: SELECT * FROM `ys_t` WHERE ( del=0 )  [ RunTime:0.000363s ]
SQL: SELECT * FROM `ys_a` WHERE ( target='T_1' and del=0 ) LIMIT 1   [ RunTime:0.000248s ]
SQL: SELECT * FROM `ys_a` WHERE ( target='T_2' and del=0 ) LIMIT 1   [ RunTime:0.000222s ]
SQL: SELECT * FROM `ys_a` WHERE ( target='T_3' and del=0 ) LIMIT 1   [ RunTime:0.000319s ]
SQL: SELECT * FROM `ys_a` WHERE ( target='T_6' and del=0 ) LIMIT 1   [ RunTime:0.000429s ]
SQL: SELECT * FROM `ys_t` WHERE ( id=6 ) LIMIT 1   [ RunTime:0.000447s ]
SQL: SELECT * FROM `ys_a` WHERE ( target='T_7' and del=0 ) LIMIT 1   [ RunTime:0.000933s ]
SQL: SELECT * FROM `ys_t` WHERE ( id=7 ) LIMIT 1   [ RunTime:0.000520s ]
SQL: SELECT * FROM `ys_a` WHERE ( target='T_8' and del=0 ) LIMIT 1   [ RunTime:0.000370s ]
SQL: SELECT * FROM `ys_t` WHERE ( id=8 ) LIMIT 1   [ RunTime:0.000302s ]
SQL: SELECT * FROM `ys_q` WHERE ( del=0 and answer='none' )  [ RunTime:0.000734s ]
SQL: SELECT * FROM `ys_a` WHERE ( del=0 and target='Q_12' )  [ RunTime:0.000514s ]
SQL: SELECT * FROM `ys_a` WHERE ( del=0 and target='Q_13' )  [ RunTime:0.000362s ]
SQL: SELECT * FROM `ys_q` WHERE ( del=0 and answer!='none' )  [ RunTime:0.000315s ]
SQL: SELECT * FROM `ys_a` WHERE ( del=0 )  [ RunTime:0.000315s ]
SQL: SELECT * FROM `ys_q` WHERE ( del=0 and answer='none' )  [ RunTime:0.000857s ]
NOTIC: [8] Undefined variable: arrn C:\wamp\www\yamatotp\App\Lib\Action\Admin\IndexAction.class.php 第 112 行.
NOTIC: [8] Undefined variable: arrn C:\wamp\www\yamatotp\App\Lib\Action\Admin\IndexAction.class.php 第 112 行.
INFO: [ view_parse ] --START--
NOTIC: [2] file_get_contents(./App/Tpl/Public/include/include_head.php.html): failed to open stream: No such file or directory C:\wamp\www\yamatotp\ThinkPHP\Lib\Template\ThinkTemplate.class.php 第 695 行.
INFO: ParseTemplate Behavior ::run [ RunTime:0.025014s ]
INFO: [ view_parse ] --END-- [ RunTime:0.025167s ]
INFO: [ view_filter ] --START--
INFO: ContentReplace Behavior ::run [ RunTime:0.001304s ]
INFO: TokenBuild Behavior ::run [ RunTime:0.001180s ]
INFO: WriteHtmlCache Behavior ::run [ RunTime:0.001063s ]
INFO: ShowRuntime Behavior ::run [ RunTime:0.001441s ]
INFO: [ view_filter ] --END-- [ RunTime:0.005418s ]
INFO: [ view_end ] --START--
INFO: ShowPageTrace Behavior ::run [ RunTime:0.001301s ]
INFO: [ view_end ] --END-- [ RunTime:0.001427s ]

[ 2014-08-21T13:09:44+09:00 ] 0.0.0.0 /yamatotp/index.php/Admin/Index/addt.html
INFO: [ route_check ] --START--
INFO: CheckRoute Behavior ::run [ RunTime:0.001085s ]
INFO: [ route_check ] --END-- [ RunTime:0.001208s ]
INFO: [ app_begin ] --START--
INFO: ReadHtmlCache Behavior ::run [ RunTime:0.001953s ]
INFO: [ app_begin ] --END-- [ RunTime:0.002120s ]
SQL: SHOW COLUMNS FROM `ys_t` [ RunTime:0.006167s ]
SQL: INSERT INTO `ys_t` (`body`) VALUES ('T23') [ RunTime:0.001671s ]

[ 2014-08-21T13:09:44+09:00 ] 0.0.0.0 /yamatotp/index.php/Admin
INFO: [ route_check ] --START--
INFO: CheckRoute Behavior ::run [ RunTime:0.000993s ]
INFO: [ route_check ] --END-- [ RunTime:0.001114s ]
INFO: [ app_begin ] --START--
INFO: ReadHtmlCache Behavior ::run [ RunTime:0.001337s ]
INFO: [ app_begin ] --END-- [ RunTime:0.001473s ]
SQL: SHOW COLUMNS FROM `ys_s` [ RunTime:0.006807s ]
SQL: SELECT * FROM `ys_s`  [ RunTime:0.000392s ]
SQL: SHOW COLUMNS FROM `ys_q` [ RunTime:0.006827s ]
SQL: SELECT * FROM `ys_q` WHERE ( del=0 and answer!='none' )  [ RunTime:0.000435s ]
SQL: SHOW COLUMNS FROM `ys_a` [ RunTime:0.005850s ]
SQL: SELECT * FROM `ys_a` WHERE ( del=0 )  [ RunTime:0.000460s ]
SQL: SHOW COLUMNS FROM `ys_t` [ RunTime:0.004878s ]
SQL: SELECT * FROM `ys_t` WHERE ( del=0 )  [ RunTime:0.000455s ]
SQL: SELECT * FROM `ys_a` WHERE ( target='T_1' and del=0 ) LIMIT 1   [ RunTime:0.000352s ]
SQL: SELECT * FROM `ys_a` WHERE ( target='T_2' and del=0 ) LIMIT 1   [ RunTime:0.000368s ]
SQL: SELECT * FROM `ys_a` WHERE ( target='T_3' and del=0 ) LIMIT 1   [ RunTime:0.000289s ]
SQL: SELECT * FROM `ys_a` WHERE ( target='T_6' and del=0 ) LIMIT 1   [ RunTime:0.000285s ]
SQL: SELECT * FROM `ys_t` WHERE ( id=6 ) LIMIT 1   [ RunTime:0.000332s ]
SQL: SELECT * FROM `ys_a` WHERE ( target='T_7' and del=0 ) LIMIT 1   [ RunTime:0.000365s ]
SQL: SELECT * FROM `ys_t` WHERE ( id=7 ) LIMIT 1   [ RunTime:0.000330s ]
SQL: SELECT * FROM `ys_a` WHERE ( target='T_8' and del=0 ) LIMIT 1   [ RunTime:0.000432s ]
SQL: SELECT * FROM `ys_t` WHERE ( id=8 ) LIMIT 1   [ RunTime:0.000320s ]
SQL: SELECT * FROM `ys_a` WHERE ( target='T_9' and del=0 ) LIMIT 1   [ RunTime:0.000347s ]
SQL: SELECT * FROM `ys_t` WHERE ( id=9 ) LIMIT 1   [ RunTime:0.000258s ]
SQL: SELECT * FROM `ys_q` WHERE ( del=0 and answer='none' )  [ RunTime:0.000233s ]
SQL: SELECT * FROM `ys_a` WHERE ( del=0 and target='Q_12' )  [ RunTime:0.000359s ]
SQL: SELECT * FROM `ys_a` WHERE ( del=0 and target='Q_13' )  [ RunTime:0.000279s ]
SQL: SELECT * FROM `ys_q` WHERE ( del=0 and answer!='none' )  [ RunTime:0.000315s ]
SQL: SELECT * FROM `ys_a` WHERE ( del=0 )  [ RunTime:0.000457s ]
SQL: SELECT * FROM `ys_q` WHERE ( del=0 and answer='none' )  [ RunTime:0.000618s ]
NOTIC: [8] Undefined variable: arrn C:\wamp\www\yamatotp\App\Lib\Action\Admin\IndexAction.class.php 第 112 行.
NOTIC: [8] Undefined variable: arrn C:\wamp\www\yamatotp\App\Lib\Action\Admin\IndexAction.class.php 第 112 行.
INFO: [ view_parse ] --START--
NOTIC: [2] file_get_contents(./App/Tpl/Public/include/include_head.php.html): failed to open stream: No such file or directory C:\wamp\www\yamatotp\ThinkPHP\Lib\Template\ThinkTemplate.class.php 第 695 行.
INFO: ParseTemplate Behavior ::run [ RunTime:0.021742s ]
INFO: [ view_parse ] --END-- [ RunTime:0.021870s ]
INFO: [ view_filter ] --START--
INFO: ContentReplace Behavior ::run [ RunTime:0.001000s ]
INFO: TokenBuild Behavior ::run [ RunTime:0.000721s ]
INFO: WriteHtmlCache Behavior ::run [ RunTime:0.000534s ]
INFO: ShowRuntime Behavior ::run [ RunTime:0.000708s ]
INFO: [ view_filter ] --END-- [ RunTime:0.003226s ]
INFO: [ view_end ] --START--
INFO: ShowPageTrace Behavior ::run [ RunTime:0.001238s ]
INFO: [ view_end ] --END-- [ RunTime:0.001386s ]

[ 2014-08-21T13:09:50+09:00 ] 0.0.0.0 /yamatotp/index.php/Admin/Index/gett.html
INFO: [ route_check ] --START--
INFO: CheckRoute Behavior ::run [ RunTime:0.001891s ]
INFO: [ route_check ] --END-- [ RunTime:0.002040s ]
INFO: [ app_begin ] --START--
INFO: ReadHtmlCache Behavior ::run [ RunTime:0.001661s ]
INFO: [ app_begin ] --END-- [ RunTime:0.001823s ]
SQL: SHOW COLUMNS FROM `ys_t` [ RunTime:0.004559s ]
SQL: SELECT * FROM `ys_t` WHERE ( id=9 ) LIMIT 1   [ RunTime:0.000371s ]

[ 2014-08-21T13:09:52+09:00 ] 0.0.0.0 /yamatotp/index.php/Admin/Index/getq.html
INFO: [ route_check ] --START--
INFO: CheckRoute Behavior ::run [ RunTime:0.001571s ]
INFO: [ route_check ] --END-- [ RunTime:0.001754s ]
INFO: [ app_begin ] --START--
INFO: ReadHtmlCache Behavior ::run [ RunTime:0.001335s ]
INFO: [ app_begin ] --END-- [ RunTime:0.001495s ]
SQL: SHOW COLUMNS FROM `ys_q` [ RunTime:0.006763s ]
SQL: SELECT * FROM `ys_q` WHERE ( id=13 ) LIMIT 1   [ RunTime:0.000458s ]

