[ 2014-09-17T09:25:51+09:00 ] 0.0.0.0 /yamatotp/index.php/Admin
INFO: [ route_check ] --START--
INFO: CheckRoute Behavior ::run [ RunTime:0.006364s ]
INFO: [ route_check ] --END-- [ RunTime:0.007151s ]
INFO: [ app_begin ] --START--
INFO: ReadHtmlCache Behavior ::run [ RunTime:0.005019s ]
INFO: [ app_begin ] --END-- [ RunTime:0.005231s ]
SQL: SHOW COLUMNS FROM `ys_s` [ RunTime:0.027618s ]
SQL: SELECT * FROM `ys_s`  [ RunTime:0.000706s ]
SQL: SHOW COLUMNS FROM `ys_q` [ RunTime:0.020553s ]
SQL: SELECT * FROM `ys_q` WHERE ( del=0 and answer!='none' )  [ RunTime:0.003023s ]
SQL: SHOW COLUMNS FROM `ys_a` [ RunTime:0.016869s ]
SQL: SELECT * FROM `ys_a` WHERE ( del=0 )  [ RunTime:0.000657s ]
SQL: SHOW COLUMNS FROM `ys_t` [ RunTime:0.019284s ]
SQL: SELECT * FROM `ys_t` WHERE ( del=0 )  [ RunTime:0.000572s ]
SQL: SELECT * FROM `ys_a` WHERE ( target='T_1' and del=0 ) LIMIT 1   [ RunTime:0.000468s ]
SQL: SELECT * FROM `ys_a` WHERE ( target='T_2' and del=0 ) LIMIT 1   [ RunTime:0.000449s ]
SQL: SELECT * FROM `ys_a` WHERE ( target='T_3' and del=0 ) LIMIT 1   [ RunTime:0.000473s ]
SQL: SELECT * FROM `ys_a` WHERE ( target='T_6' and del=0 ) LIMIT 1   [ RunTime:0.000444s ]
SQL: SELECT * FROM `ys_t` WHERE ( id=6 ) LIMIT 1   [ RunTime:0.000431s ]
SQL: SELECT * FROM `ys_a` WHERE ( target='T_7' and del=0 ) LIMIT 1   [ RunTime:0.000426s ]
SQL: SELECT * FROM `ys_t` WHERE ( id=7 ) LIMIT 1   [ RunTime:0.000440s ]
SQL: SELECT * FROM `ys_a` WHERE ( target='T_8' and del=0 ) LIMIT 1   [ RunTime:0.001069s ]
SQL: SELECT * FROM `ys_t` WHERE ( id=8 ) LIMIT 1   [ RunTime:0.000952s ]
SQL: SELECT * FROM `ys_a` WHERE ( target='T_9' and del=0 ) LIMIT 1   [ RunTime:0.000480s ]
SQL: SELECT * FROM `ys_t` WHERE ( id=9 ) LIMIT 1   [ RunTime:0.000403s ]
SQL: SELECT * FROM `ys_q` WHERE ( del=0 and answer='none' )  [ RunTime:0.000453s ]
SQL: SELECT * FROM `ys_a` WHERE ( del=0 and target='Q_11' )  [ RunTime:0.000452s ]
SQL: SELECT * FROM `ys_a` WHERE ( del=0 and target='Q_12' )  [ RunTime:0.000659s ]
SQL: SELECT * FROM `ys_a` WHERE ( del=0 and target='Q_13' )  [ RunTime:0.000533s ]
SQL: SELECT * FROM `ys_q` WHERE ( del=0 and answer!='none' )  [ RunTime:0.000483s ]
SQL: SHOW COLUMNS FROM `ys_r` [ RunTime:0.009953s ]
SQL: SELECT COUNT(*) AS tp_count FROM `ys_r` WHERE ( flow like '%{"qid":"1","aid":"1"}%' ) LIMIT 1   [ RunTime:0.006358s ]
SQL: SELECT COUNT(*) AS tp_count FROM `ys_r` WHERE ( flow like '%{"qid":"1","aid":"3"}%' ) LIMIT 1   [ RunTime:0.000705s ]
SQL: SELECT COUNT(*) AS tp_count FROM `ys_r` WHERE ( flow like '%{"qid":"1","aid":"2"}%' ) LIMIT 1   [ RunTime:0.000914s ]
SQL: SELECT COUNT(*) AS tp_count FROM `ys_r` WHERE ( flow like '%{"qid":"2","aid":"4"}%' ) LIMIT 1   [ RunTime:0.001057s ]
SQL: SELECT COUNT(*) AS tp_count FROM `ys_r` WHERE ( flow like '%{"qid":"2","aid":"5"}%' ) LIMIT 1   [ RunTime:0.001397s ]
SQL: SELECT COUNT(*) AS tp_count FROM `ys_r` WHERE ( flow like '%{"qid":"3","aid":"6"}%' ) LIMIT 1   [ RunTime:0.001144s ]
SQL: SELECT COUNT(*) AS tp_count FROM `ys_r` WHERE ( flow like '%{"qid":"3","aid":"7"}%' ) LIMIT 1   [ RunTime:0.001301s ]
SQL: SELECT COUNT(*) AS tp_count FROM `ys_r` WHERE ( flow like '%{"qid":"4","aid":"8"}%' ) LIMIT 1   [ RunTime:0.000875s ]
SQL: SELECT COUNT(*) AS tp_count FROM `ys_r` WHERE ( flow like '%{"qid":"4","aid":"9"}%' ) LIMIT 1   [ RunTime:0.000644s ]
SQL: SELECT COUNT(*) AS tp_count FROM `ys_r` WHERE ( flow like '%{"qid":"5","aid":"10"}%' ) LIMIT 1   [ RunTime:0.000566s ]
SQL: SELECT COUNT(*) AS tp_count FROM `ys_r` WHERE ( flow like '%{"qid":"5","aid":"11"}%' ) LIMIT 1   [ RunTime:0.000586s ]
SQL: SELECT * FROM `ys_a` WHERE ( del=0 )  [ RunTime:0.000570s ]
SQL: SELECT * FROM `ys_q` WHERE ( del=0 and answer='none' )  [ RunTime:0.000504s ]
NOTIC: [8] Undefined variable: arrn C:\wamp\www\yamatotp\App\Lib\Action\Admin\IndexAction.class.php 第 117 行.
NOTIC: [8] Undefined variable: arrn C:\wamp\www\yamatotp\App\Lib\Action\Admin\IndexAction.class.php 第 117 行.
NOTIC: [8] Undefined variable: arrn C:\wamp\www\yamatotp\App\Lib\Action\Admin\IndexAction.class.php 第 117 行.
INFO: [ view_parse ] --START--
NOTIC: [2] file_get_contents(./App/Tpl/Public/include/include_head.php.html): failed to open stream: No such file or directory C:\wamp\www\yamatotp\ThinkPHP\Lib\Template\ThinkTemplate.class.php 第 695 行.
INFO: ParseTemplate Behavior ::run [ RunTime:0.079560s ]
INFO: [ view_parse ] --END-- [ RunTime:0.079807s ]
INFO: [ view_filter ] --START--
INFO: ContentReplace Behavior ::run [ RunTime:0.005777s ]
INFO: TokenBuild Behavior ::run [ RunTime:0.006450s ]
INFO: WriteHtmlCache Behavior ::run [ RunTime:0.002876s ]
INFO: ShowRuntime Behavior ::run [ RunTime:0.003047s ]
INFO: [ view_filter ] --END-- [ RunTime:0.018614s ]
INFO: [ view_end ] --START--
INFO: ShowPageTrace Behavior ::run [ RunTime:0.004053s ]
INFO: [ view_end ] --END-- [ RunTime:0.004199s ]

[ 2014-09-17T09:26:34+09:00 ] 0.0.0.0 /isurvey/
INFO: [ app_begin ] --START--
INFO: ReadHtmlCache Behavior ::run [ RunTime:0.002946s ]
INFO: [ app_begin ] --END-- [ RunTime:0.003178s ]
SQL: SHOW COLUMNS FROM `ys_s` [ RunTime:0.009169s ]
SQL: SELECT * FROM `ys_s` WHERE ( id=1 ) LIMIT 1   [ RunTime:0.000786s ]
SQL: SHOW COLUMNS FROM `ys_q` [ RunTime:0.008323s ]
SQL: SELECT * FROM `ys_q` WHERE ( id=1 ) LIMIT 1   [ RunTime:0.000789s ]
SQL: SHOW COLUMNS FROM `ys_a` [ RunTime:0.005286s ]
SQL: SELECT * FROM `ys_a` WHERE ( qid=1 )  [ RunTime:0.000583s ]
INFO: [ view_parse ] --START--
NOTIC: [2] file_get_contents(./App/Tpl/Public/include/include_head.php.html): failed to open stream: No such file or directory C:\wamp\www\isurvey\ThinkPHP\Lib\Template\ThinkTemplate.class.php 第 695 行.
NOTIC: [2] file_get_contents(./App/Tpl/Public/include/test.php.html): failed to open stream: No such file or directory C:\wamp\www\isurvey\ThinkPHP\Lib\Template\ThinkTemplate.class.php 第 695 行.
INFO: ParseTemplate Behavior ::run [ RunTime:0.035427s ]
INFO: [ view_parse ] --END-- [ RunTime:0.035607s ]
INFO: [ view_filter ] --START--
INFO: ContentReplace Behavior ::run [ RunTime:0.001268s ]
INFO: TokenBuild Behavior ::run [ RunTime:0.001052s ]
INFO: WriteHtmlCache Behavior ::run [ RunTime:0.000886s ]
INFO: ShowRuntime Behavior ::run [ RunTime:0.001141s ]
INFO: [ view_filter ] --END-- [ RunTime:0.004634s ]
INFO: [ view_end ] --START--
INFO: ShowPageTrace Behavior ::run [ RunTime:0.001632s ]
INFO: [ view_end ] --END-- [ RunTime:0.001742s ]

[ 2014-09-17T09:26:35+09:00 ] 0.0.0.0 /isurvey/index.php/Index/Index/handle
INFO: [ route_check ] --START--
INFO: CheckRoute Behavior ::run [ RunTime:0.002300s ]
INFO: [ route_check ] --END-- [ RunTime:0.002505s ]
INFO: [ app_begin ] --START--
INFO: ReadHtmlCache Behavior ::run [ RunTime:0.001620s ]
INFO: [ app_begin ] --END-- [ RunTime:0.001784s ]
SQL: SHOW COLUMNS FROM `ys_q` [ RunTime:0.006070s ]
SQL: SELECT * FROM `ys_q` WHERE ( id=2 ) LIMIT 1   [ RunTime:0.000641s ]
SQL: SHOW COLUMNS FROM `ys_a` [ RunTime:0.005512s ]
SQL: SELECT * FROM `ys_a` WHERE ( qid=2 )  [ RunTime:0.000640s ]

[ 2014-09-17T09:26:37+09:00 ] 0.0.0.0 /isurvey/index.php/Index/Index/handle
INFO: [ route_check ] --START--
INFO: CheckRoute Behavior ::run [ RunTime:0.001185s ]
INFO: [ route_check ] --END-- [ RunTime:0.001299s ]
INFO: [ app_begin ] --START--
INFO: ReadHtmlCache Behavior ::run [ RunTime:0.000994s ]
INFO: [ app_begin ] --END-- [ RunTime:0.001075s ]
SQL: SHOW COLUMNS FROM `ys_q` [ RunTime:0.004182s ]
SQL: SELECT * FROM `ys_q` WHERE ( id=1 ) LIMIT 1   [ RunTime:0.000439s ]
SQL: SHOW COLUMNS FROM `ys_a` [ RunTime:0.003677s ]
SQL: SELECT * FROM `ys_a` WHERE ( qid=1 )  [ RunTime:0.000429s ]

[ 2014-09-17T09:26:38+09:00 ] 0.0.0.0 /isurvey/index.php/Index/Index/handle
INFO: [ route_check ] --START--
INFO: CheckRoute Behavior ::run [ RunTime:0.001739s ]
INFO: [ route_check ] --END-- [ RunTime:0.001942s ]
INFO: [ app_begin ] --START--
INFO: ReadHtmlCache Behavior ::run [ RunTime:0.001889s ]
INFO: [ app_begin ] --END-- [ RunTime:0.002073s ]
SQL: SHOW COLUMNS FROM `ys_q` [ RunTime:0.006121s ]
SQL: SELECT * FROM `ys_q` WHERE ( id=3 ) LIMIT 1   [ RunTime:0.000632s ]
SQL: SHOW COLUMNS FROM `ys_a` [ RunTime:0.006262s ]
SQL: SELECT * FROM `ys_a` WHERE ( qid=3 )  [ RunTime:0.001009s ]

[ 2014-09-17T09:26:40+09:00 ] 0.0.0.0 /isurvey/index.php/Index/Index/handle
INFO: [ route_check ] --START--
INFO: CheckRoute Behavior ::run [ RunTime:0.002317s ]
INFO: [ route_check ] --END-- [ RunTime:0.002602s ]
INFO: [ app_begin ] --START--
INFO: ReadHtmlCache Behavior ::run [ RunTime:0.001927s ]
INFO: [ app_begin ] --END-- [ RunTime:0.002132s ]
SQL: SHOW COLUMNS FROM `ys_t` [ RunTime:0.003909s ]
SQL: SELECT * FROM `ys_t` WHERE ( id=2 ) LIMIT 1   [ RunTime:0.000522s ]
SQL: SHOW COLUMNS FROM `ys_r` [ RunTime:0.003655s ]
SQL: INSERT INTO `ys_r` (`time`,`flow`,`tid`) VALUES ('2014-09-17 09:26:40','[{\"qid\":\"1\",\"aid\":\"2\"},{\"qid\":\"3\",\"aid\":\"7\"}]',2) [ RunTime:0.001708s ]

[ 2014-09-17T09:26:53+09:00 ] 0.0.0.0 /isurvey/Index.php/Admin
INFO: [ route_check ] --START--
INFO: CheckRoute Behavior ::run [ RunTime:0.001463s ]
INFO: [ route_check ] --END-- [ RunTime:0.001578s ]
INFO: [ app_begin ] --START--
INFO: ReadHtmlCache Behavior ::run [ RunTime:0.000936s ]
INFO: [ app_begin ] --END-- [ RunTime:0.001021s ]
SQL: SHOW COLUMNS FROM `ys_s` [ RunTime:0.003608s ]
SQL: SELECT * FROM `ys_s`  [ RunTime:0.000389s ]
SQL: SHOW COLUMNS FROM `ys_q` [ RunTime:0.003506s ]
SQL: SELECT * FROM `ys_q` WHERE ( del=0 and answer!='none' )  [ RunTime:0.000428s ]
SQL: SHOW COLUMNS FROM `ys_a` [ RunTime:0.003493s ]
SQL: SELECT * FROM `ys_a` WHERE ( del=0 )  [ RunTime:0.000422s ]
SQL: SHOW COLUMNS FROM `ys_t` [ RunTime:0.003325s ]
SQL: SELECT * FROM `ys_t` WHERE ( del=0 )  [ RunTime:0.000407s ]
SQL: SELECT * FROM `ys_a` WHERE ( target='T_1' and del=0 ) LIMIT 1   [ RunTime:0.000315s ]
SQL: SELECT * FROM `ys_a` WHERE ( target='T_2' and del=0 ) LIMIT 1   [ RunTime:0.000296s ]
SQL: SELECT * FROM `ys_a` WHERE ( target='T_3' and del=0 ) LIMIT 1   [ RunTime:0.000373s ]
SQL: SELECT * FROM `ys_a` WHERE ( target='T_6' and del=0 ) LIMIT 1   [ RunTime:0.000317s ]
SQL: SELECT * FROM `ys_t` WHERE ( id=6 ) LIMIT 1   [ RunTime:0.000287s ]
SQL: SELECT * FROM `ys_a` WHERE ( target='T_7' and del=0 ) LIMIT 1   [ RunTime:0.000293s ]
SQL: SELECT * FROM `ys_t` WHERE ( id=7 ) LIMIT 1   [ RunTime:0.000273s ]
SQL: SELECT * FROM `ys_a` WHERE ( target='T_8' and del=0 ) LIMIT 1   [ RunTime:0.000292s ]
SQL: SELECT * FROM `ys_t` WHERE ( id=8 ) LIMIT 1   [ RunTime:0.000271s ]
SQL: SELECT * FROM `ys_a` WHERE ( target='T_9' and del=0 ) LIMIT 1   [ RunTime:0.000298s ]
SQL: SELECT * FROM `ys_t` WHERE ( id=9 ) LIMIT 1   [ RunTime:0.000269s ]
SQL: SELECT * FROM `ys_q` WHERE ( del=0 and answer='none' )  [ RunTime:0.000302s ]
SQL: SELECT * FROM `ys_a` WHERE ( del=0 and target='Q_11' )  [ RunTime:0.000296s ]
SQL: SELECT * FROM `ys_a` WHERE ( del=0 and target='Q_12' )  [ RunTime:0.000290s ]
SQL: SELECT * FROM `ys_a` WHERE ( del=0 and target='Q_13' )  [ RunTime:0.000292s ]
SQL: SELECT * FROM `ys_q` WHERE ( del=0 and answer!='none' )  [ RunTime:0.000313s ]
SQL: SHOW COLUMNS FROM `ys_r` [ RunTime:0.003399s ]
SQL: SELECT COUNT(*) AS tp_count FROM `ys_r` WHERE ( flow like '%{"qid":"1","aid":"1"}%' ) LIMIT 1   [ RunTime:0.000398s ]
SQL: SELECT COUNT(*) AS tp_count FROM `ys_r` WHERE ( flow like '%{"qid":"1","aid":"3"}%' ) LIMIT 1   [ RunTime:0.000319s ]
SQL: SELECT COUNT(*) AS tp_count FROM `ys_r` WHERE ( flow like '%{"qid":"1","aid":"2"}%' ) LIMIT 1   [ RunTime:0.000352s ]
SQL: SELECT COUNT(*) AS tp_count FROM `ys_r` WHERE ( flow like '%{"qid":"2","aid":"4"}%' ) LIMIT 1   [ RunTime:0.000318s ]
SQL: SELECT COUNT(*) AS tp_count FROM `ys_r` WHERE ( flow like '%{"qid":"2","aid":"5"}%' ) LIMIT 1   [ RunTime:0.000318s ]
SQL: SELECT COUNT(*) AS tp_count FROM `ys_r` WHERE ( flow like '%{"qid":"3","aid":"6"}%' ) LIMIT 1   [ RunTime:0.000362s ]
SQL: SELECT COUNT(*) AS tp_count FROM `ys_r` WHERE ( flow like '%{"qid":"3","aid":"7"}%' ) LIMIT 1   [ RunTime:0.000426s ]
SQL: SELECT COUNT(*) AS tp_count FROM `ys_r` WHERE ( flow like '%{"qid":"4","aid":"8"}%' ) LIMIT 1   [ RunTime:0.000487s ]
SQL: SELECT COUNT(*) AS tp_count FROM `ys_r` WHERE ( flow like '%{"qid":"4","aid":"9"}%' ) LIMIT 1   [ RunTime:0.000611s ]
SQL: SELECT COUNT(*) AS tp_count FROM `ys_r` WHERE ( flow like '%{"qid":"5","aid":"10"}%' ) LIMIT 1   [ RunTime:0.000451s ]
SQL: SELECT COUNT(*) AS tp_count FROM `ys_r` WHERE ( flow like '%{"qid":"5","aid":"11"}%' ) LIMIT 1   [ RunTime:0.000468s ]
SQL: SELECT * FROM `ys_a` WHERE ( del=0 )  [ RunTime:0.000419s ]
SQL: SELECT * FROM `ys_q` WHERE ( del=0 and answer='none' )  [ RunTime:0.000381s ]
NOTIC: [8] Undefined variable: arrn C:\wamp\www\isurvey\App\Lib\Action\Admin\IndexAction.class.php 第 117 行.
NOTIC: [8] Undefined variable: arrn C:\wamp\www\isurvey\App\Lib\Action\Admin\IndexAction.class.php 第 117 行.
NOTIC: [8] Undefined variable: arrn C:\wamp\www\isurvey\App\Lib\Action\Admin\IndexAction.class.php 第 117 行.
INFO: [ view_parse ] --START--
NOTIC: [2] file_get_contents(./App/Tpl/Public/include/include_head.php.html): failed to open stream: No such file or directory C:\wamp\www\isurvey\ThinkPHP\Lib\Template\ThinkTemplate.class.php 第 695 行.
INFO: ParseTemplate Behavior ::run [ RunTime:0.020536s ]
INFO: [ view_parse ] --END-- [ RunTime:0.020662s ]
INFO: [ view_filter ] --START--
INFO: ContentReplace Behavior ::run [ RunTime:0.001087s ]
INFO: TokenBuild Behavior ::run [ RunTime:0.000856s ]
INFO: WriteHtmlCache Behavior ::run [ RunTime:0.000762s ]
INFO: ShowRuntime Behavior ::run [ RunTime:0.000936s ]
INFO: [ view_filter ] --END-- [ RunTime:0.003856s ]
INFO: [ view_end ] --START--
INFO: ShowPageTrace Behavior ::run [ RunTime:0.000970s ]
INFO: [ view_end ] --END-- [ RunTime:0.001045s ]

